                :-) GROMACS - gmx mdrun, 2025.4-conda_forge (-:

Copyright 1991-2025 The GROMACS Authors.
GROMACS is free software; you can redistribute it and/or modify it
under the terms of the GNU Lesser General Public License
as published by the Free Software Foundation; either version 2.1
of the License, or (at your option) any later version.

                         Current GROMACS contributors:
       Mark Abraham           Andrey Alekseenko           Brian Andrews       
      Vladimir Basov              Paul Bauer                Hugh Bird         
      Eliane Briand               Ania Brown              Mahesh Doijade      
      Giacomo Fiorin          Stefan Fleischmann          Sergey Gorelov      
   Gilles Gouaillardet            Alan Gray              M. Eric Irrgang      
   Farzaneh Jalalypour         Petter Johansson          Carsten Kutzner      
    Grzegorz Łazarski         Justin A. Lemkul          Magnus Lundborg      
       Pascal Merz             Vedran Miletić            Dmitry Morozov      
     Lukas Müllender            Julien Nabet             Szilárd Páll      
 Andrea Pasquadibisceglie     Michele Pellegrino         Nicola Piasentin     
     Daniele Rapetti         Muhammad Umair Sadiq         Hubert Santuz       
      Roland Schulz             Michael Shirts           Tatiana Shugaeva     
     Alexey Shvetsov            Philip Turner            Alessandra Villa     
 Sebastian Wingbermühle  

                         Previous GROMACS contributors:
        Emile Apol             Rossen Apostolov           James Barnett       
  Herman J.C. Berendsen         Cathrine Bergh             Par Bjelkmar       
      Christian Blau          Viacheslav Bolnykh            Kevin Boyd        
    Aldert van Buuren          Carlo Camilloni           Rudi van Drunen      
      Anton Feenstra           Oliver Fleetwood            Vytas Gapsys       
       Gaurav Garg             Gerrit Groenhof            Bert de Groot       
      Anca Hamuraru           Vincent Hindriksen          Victor Holanda      
     Aleksei Iupinov              Joe Jordan            Christoph Junghans    
    Prashanth Kanduri        Dimitrios Karkoulis           Peter Kasson       
      Sebastian Kehl           Sebastian Keller             Jiri Kraus        
       Per Larsson              Viveca Lindahl            Erik Marklund       
    Pieter Meulenhoff           Teemu Murtola              Sander Pronk       
      Alfons Sijbers            Balint Soproni         David van der Spoel    
      Peter Tieleman            Carsten Uphoff             Jon Vincent        
     Teemu Virolainen         Christian Wennberg           Maarten Wolf       
      Artem Zhmurov       

                  Coordinated by the GROMACS project leaders:
                           Berk Hess and Erik Lindahl

GROMACS:      gmx mdrun, version 2025.4-conda_forge
Executable:   /home/neil/miniconda3/envs/benchmark/bin.AVX2_256/gmx
Data prefix:  /home/neil/miniconda3/envs/benchmark
Working dir:  /home/neil/git/Oslo/VirtualScreen/Outputs/Covalent/RBFE_CX1_to_CX2/lambda08
Process ID:   94936
Command line:
  gmx mdrun -deffnm prod -v

GROMACS version:     2025.4-conda_forge
Precision:           mixed
Memory model:        64 bit
MPI library:         thread_mpi
OpenMP support:      enabled (GMX_OPENMP_MAX_THREADS = 128)
GPU support:         OpenCL
NBNxM GPU setup:     super-cluster 2x2x2 / cluster 8 (cluster-pair splitting on)
SIMD instructions:   AVX2_256
CPU FFT library:     fftw-3.3.10-sse2-avx
GPU FFT library:     clFFT
Multi-GPU FFT:       none
RDTSCP usage:        disabled
TNG support:         enabled
Hwloc support:       disabled
Tracing support:     disabled
C compiler:          /home/conda/feedstock_root/build_artifacts/gromacs_1764344590343/_build_env/bin/x86_64-conda-linux-gnu-cc GNU 14.3.0
C compiler flags:    -fexcess-precision=fast -funroll-all-loops -mavx2 -mfma -Wno-missing-field-initializers -O3 -DNDEBUG
C++ compiler:        /home/conda/feedstock_root/build_artifacts/gromacs_1764344590343/_build_env/bin/x86_64-conda-linux-gnu-c++ GNU 14.3.0
C++ compiler flags:  -fexcess-precision=fast -funroll-all-loops -mavx2 -mfma -Wno-missing-field-initializers -Wno-cast-function-type-strict SHELL:-fopenmp -O3 -DNDEBUG
BLAS library:        Internal
LAPACK library:      Internal
OpenCL include dir:  /home/neil/miniconda3/envs/benchmark/include
OpenCL library:      /home/neil/miniconda3/envs/benchmark/lib/libOpenCL.so
OpenCL version:      3.0


Running on 1 node with total 24 cores, 24 processing units, 0 compatible GPUs
Hardware detected on host almaaz:
  CPU info:
    Vendor: Intel
    Brand:  Intel(R) Core(TM) Ultra 9 285HX
    Family: 6   Model: 198   Stepping: 2
    Features: aes apic avx avx2 clfsh cmov cx8 cx16 f16c fma htt intel lahf mmx msr nonstop_tsc pcid pclmuldq pdcm pdpe1gb popcnt pse rdrnd rdtscp sha sse2 sse3 sse4.1 sse4.2 ssse3 tdt x2apic
  Hardware topology: Basic
    Packages, cores, and logical processors:
    [indices refer to OS logical processors]
      Package  0: [   0] [   1] [   2] [   3] [   4] [   5] [   6] [   7] [   8] [   9] [  10] [  11] [  12] [  13] [  14] [  15] [  16] [  17] [  18] [  19] [  20] [  21] [  22] [  23]
    CPU limit set by OS: -1   Recommended max number of threads: 24
  GPU info:
    Number of GPUs detected: 1
    #0: name: NVIDIA RTX PRO 5000 Blackwell Generation Laptop GPU, vendor: NVIDIA Corporation, device version: OpenCL 3.0 CUDA, status: incompatible (please use CUDA build for NVIDIA Volta GPUs or newer)

The current CPU can measure timings more accurately than the code in
gmx mdrun was configured to use. This might affect your simulation
speed as accurate timings are needed for load-balancing.
Please consider rebuilding gmx mdrun with the GMX_USE_RDTSCP=ON CMake option.

++++ PLEASE READ AND CITE THE FOLLOWING REFERENCE ++++
M. J. Abraham, T. Murtola, R. Schulz, S. Páll, J. C. Smith, B. Hess, E.
Lindahl
GROMACS: High performance molecular simulations through multi-level
parallelism from laptops to supercomputers
SoftwareX (2015)
DOI: 10.1016/j.softx.2015.06.001
-------- -------- --- Thank You --- -------- --------


++++ PLEASE READ AND CITE THE FOLLOWING REFERENCE ++++
S. Páll, M. J. Abraham, C. Kutzner, B. Hess, E. Lindahl
Tackling Exascale Software Challenges in Molecular Dynamics Simulations with
GROMACS
In S. Markidis & E. Laure (Eds.), Solving Software Challenges for Exascale (2015)
DOI: 10.1007/978-3-319-15976-8_1
-------- -------- --- Thank You --- -------- --------


++++ PLEASE READ AND CITE THE FOLLOWING REFERENCE ++++
S. Pronk, S. Páll, R. Schulz, P. Larsson, P. Bjelkmar, R. Apostolov, M. R.
Shirts, J. C. Smith, P. M. Kasson, D. van der Spoel, B. Hess, E. Lindahl
GROMACS 4.5: a high-throughput and highly parallel open source molecular
simulation toolkit
Bioinformatics (2013)
DOI: 10.1093/bioinformatics/btt055
-------- -------- --- Thank You --- -------- --------


++++ PLEASE READ AND CITE THE FOLLOWING REFERENCE ++++
B. Hess, C. Kutzner, D. van der Spoel, E. Lindahl
GROMACS 4: Algorithms for highly efficient, load-balanced, and scalable
molecular simulation
J. Chem. Theory Comput. (2008)
DOI: 10.1021/ct700301q
-------- -------- --- Thank You --- -------- --------


++++ PLEASE READ AND CITE THE FOLLOWING REFERENCE ++++
D. van der Spoel, E. Lindahl, B. Hess, G. Groenhof, A. E. Mark, H. J. C.
Berendsen
GROMACS: Fast, Flexible and Free
J. Comp. Chem. (2005)
DOI: 10.1002/jcc.20291
-------- -------- --- Thank You --- -------- --------


++++ PLEASE READ AND CITE THE FOLLOWING REFERENCE ++++
E. Lindahl, B. Hess, D. van der Spoel
GROMACS 3.0: A package for molecular simulation and trajectory analysis
J. Mol. Mod. (2001)
DOI: 10.1007/s008940100045
-------- -------- --- Thank You --- -------- --------


++++ PLEASE READ AND CITE THE FOLLOWING REFERENCE ++++
H. J. C. Berendsen, D. van der Spoel and R. van Drunen
GROMACS: A message-passing parallel molecular dynamics implementation
Comp. Phys. Comm. (1995)
DOI: 10.1016/0010-4655(95)00042-E
-------- -------- --- Thank You --- -------- --------

Input Parameters:
   integrator                     = md
   tinit                          = 0
   dt                             = 0.002
   nsteps                         = 2500
   init-step                      = 0
   simulation-part                = 1
   mts                            = false
   mass-repartition-factor        = 1
   comm-mode                      = Linear
   nstcomm                        = 100
   bd-fric                        = 0
   ld-seed                        = 905936635
   emtol                          = 10
   emstep                         = 0.01
   niter                          = 20
   fcstep                         = 0
   nstcgsteep                     = 1000
   nbfgscorr                      = 10
   rtpi                           = 0.05
   nstxout                        = 0
   nstvout                        = 0
   nstfout                        = 0
   nstlog                         = 50
   nstcalcenergy                  = 50
   nstenergy                      = 50
   nstxout-compressed             = 50
   compressed-x-precision         = 1000
   cutoff-scheme                  = Verlet
   nstlist                        = 20
   pbc                            = xyz
   periodic-molecules             = false
   verlet-buffer-tolerance        = 0.005
   verlet-buffer-pressure-tolerance = 0.5
   rlist                          = 1.027
   coulombtype                    = PME
   coulomb-modifier               = Potential-shift
   rcoulomb-switch                = 0
   rcoulomb                       = 1
   epsilon-r                      = 1
   epsilon-rf                     = inf
   vdw-type                       = Cut-off
   vdw-modifier                   = Potential-shift
   rvdw-switch                    = 0
   rvdw                           = 1
   DispCorr                       = EnerPres
   table-extension                = 1
   fourierspacing                 = 0.12
   fourier-nx                     = 96
   fourier-ny                     = 96
   fourier-nz                     = 96
   pme-order                      = 4
   ewald-rtol                     = 1e-05
   ewald-rtol-lj                  = 0.001
   lj-pme-comb-rule               = Geometric
   ewald-geometry                 = 3d
   epsilon-surface                = 0
   ensemble-temperature-setting   = constant
   ensemble-temperature           = 300
   tcoupl                         = V-rescale
   nsttcouple                     = 10
   nh-chain-length                = 0
   print-nose-hoover-chain-variables = false
   pcoupl                         = Parrinello-Rahman
   pcoupltype                     = Isotropic
   nstpcouple                     = 5
   tau-p                          = 2
   compressibility (3x3):
      compressibility[    0]={ 4.50000e-05,  0.00000e+00,  0.00000e+00}
      compressibility[    1]={ 0.00000e+00,  4.50000e-05,  0.00000e+00}
      compressibility[    2]={ 0.00000e+00,  0.00000e+00,  4.50000e-05}
   ref-p (3x3):
      ref-p[    0]={ 1.00000e+00,  0.00000e+00,  0.00000e+00}
      ref-p[    1]={ 0.00000e+00,  1.00000e+00,  0.00000e+00}
      ref-p[    2]={ 0.00000e+00,  0.00000e+00,  1.00000e+00}
   refcoord-scaling               = No
   posres-com: not available
   posres-comB: not available
   QMMM                           = false
qm-opts:
   ngQM                           = 0
   constraint-algorithm           = Lincs
   continuation                   = true
   Shake-SOR                      = false
   shake-tol                      = 0.0001
   lincs-order                    = 4
   lincs-iter                     = 1
   lincs-warnangle                = 30
   nwall                          = 0
   wall-type                      = 9-3
   wall-r-linpot                  = -1
   wall-atomtype[0]               = -1
   wall-atomtype[1]               = -1
   wall-density[0]                = 0
   wall-density[1]                = 0
   wall-ewald-zfac                = 3
   pull                           = false
   awh                            = false
   rotation                       = false
   interactiveMD                  = false
   disre                          = No
   disre-weighting                = Conservative
   disre-mixed                    = false
   dr-fc                          = 1000
   dr-tau                         = 0
   nstdisreout                    = 100
   orire-fc                       = 0
   orire-tau                      = 0
   nstorireout                    = 100
   free-energy                    = yes
   init-lambda                    = -1
   init-lambda-state              = 8
   delta-lambda                   = 0
   nstdhdl                        = 100
   n-lambdas                      = 14
   separate-dvdl:
       fep-lambdas =   FALSE
      mass-lambdas =   FALSE
      coul-lambdas =   TRUE
       vdw-lambdas =   TRUE
    bonded-lambdas =   TRUE
 restraint-lambdas =   FALSE
temperature-lambdas =   FALSE
all-lambdas:
       fep-lambdas =            0           0           0           0           0           0           0           0           0           0           0           0           0           0
      mass-lambdas =            0           0           0           0           0           0           0           0           0           0           0           0           0           0
      coul-lambdas =            0      0.0769      0.1538      0.2308      0.3077      0.3846      0.4615      0.5385      0.6154      0.6923      0.7692      0.8462      0.9231           1
       vdw-lambdas =            0      0.0769      0.1538      0.2308      0.3077      0.3846      0.4615      0.5385      0.6154      0.6923      0.7692      0.8462      0.9231           1
    bonded-lambdas =            0      0.0769      0.1538      0.2308      0.3077      0.3846      0.4615      0.5385      0.6154      0.6923      0.7692      0.8462      0.9231           1
 restraint-lambdas =            0           0           0           0           0           0           0           0           0           0           0           0           0           0
temperature-lambdas =            0           0           0           0           0           0           0           0           0           0           0           0           0           0
   calc-lambda-neighbors          = -1
   dhdl-print-energy              = no
   sc-alpha                       = 0.5
   sc-power                       = 1
   sc-r-power                     = 6
   sc-sigma                       = 0.3
   sc-sigma-min                   = 0.3
   sc-coul                        = true
   dh-hist-size                   = 0
   dh-hist-spacing                = 0.1
   separate-dhdl-file             = yes
   dhdl-derivatives               = yes
   sc-function                    = beutler
   sc-gapsys-scale-linpoint-lj    = 0.85
   sc-gapsys-scale-linpoint-q     = 0.3
   sc-gapsys-sigma-lj             = 0.3
   cos-acceleration               = 0
   deform (3x3):
      deform[    0]={ 0.00000e+00,  0.00000e+00,  0.00000e+00}
      deform[    1]={ 0.00000e+00,  0.00000e+00,  0.00000e+00}
      deform[    2]={ 0.00000e+00,  0.00000e+00,  0.00000e+00}
   simulated-tempering            = false
   swapcoords                     = no
   userint1                       = 0
   userint2                       = 0
   userint3                       = 0
   userint4                       = 0
   userreal1                      = 0
   userreal2                      = 0
   userreal3                      = 0
   userreal4                      = 0
   applied-forces:
     electric-field:
       x:
         E0                       = 0
         omega                    = 0
         t0                       = 0
         sigma                    = 0
       y:
         E0                       = 0
         omega                    = 0
         t0                       = 0
         sigma                    = 0
       z:
         E0                       = 0
         omega                    = 0
         t0                       = 0
         sigma                    = 0
     density-guided-simulation:
       active                     = false
       group                      = protein
       similarity-measure         = inner-product
       atom-spreading-weight      = unity
       force-constant             = 1e+09
       gaussian-transform-spreading-width = 0.2
       gaussian-transform-spreading-range-in-multiples-of-width = 4
       reference-density-filename = reference.mrc
       nst                        = 1
       normalize-densities        = true
       adaptive-force-scaling     = false
       adaptive-force-scaling-time-constant = 4
       shift-vector               = 
       transformation-matrix      = 
     qmmm-cp2k:
       active                     = false
       qmgroup                    = System
       qmmethod                   = PBE
       qmfilenames                = 
       qmcharge                   = 0
       qmmultiplicity             = 1
     colvars:
       active                     = false
       configfile                 = 
       seed                       = -1
     nnpot:
       active                     = false
       modelfile                  = model.pt
       input-group                = System
       model-input1               = 
       model-input2               = 
       model-input3               = 
       model-input4               = 
grpopts:
   nrdf:      149345
   ref-t:         300
   tau-t:         0.1
annealing:          No
annealing-npoints:           0
   acc:	           0           0           0
   nfreeze:           N           N           N
   energygrp-flags[  0]: 0

Changing nstlist from 20 to 50, rlist from 1.027 to 1.106


Update groups can not be used for this system because atoms that are (in)directly constrained together are interdispersed with other atoms

Initializing Domain Decomposition on 24 ranks
Dynamic load balancing: auto
Minimum cell size due to atom displacement: 0.473 nm
Initial maximum distances in bonded interactions:
    two-body bonded interactions: 0.432 nm, LJ-14, atoms 4641 4649
  multi-body bonded interactions: 0.432 nm, Proper Dih., atoms 4641 4649
Minimum cell size due to bonded interactions: 0.476 nm
Maximum distance for 5 constraints, at 120 deg. angles, all-trans: 0.220 nm
Estimated maximum distance required for P-LINCS: 0.220 nm
Scaling the initial minimum size with 1/0.8 (option -dds) = 1.25
Guess for relative PME load: 0.27
Will use 16 particle-particle and 8 PME only ranks
This is a guess, check the performance at the end of the log file
Using 8 separate PME ranks, as guessed by mdrun
Optimizing the DD grid for 16 cells with a minimum initial size of 0.595 nm
The maximum allowed number of cells is: X 13 Y 13 Z 12
Domain decomposition grid 8 x 2 x 1, separate PME ranks 8
PME domain decomposition: 8 x 1 x 1
Interleaving PP and PME ranks
This rank does only particle-particle work.
Domain decomposition rank 0, coordinates 0 0 0

The initial number of communication pulses is: X 2 Y 1
The initial domain decomposition cell size is: X 1.04 nm Y 4.15 nm

The maximum allowed distance for atoms involved in interactions is:
                 non-bonded interactions           1.106 nm
(the following are initial values, they could change due to box deformation)
            two-body bonded interactions  (-rdd)   1.106 nm
          multi-body bonded interactions  (-rdd)   1.036 nm
  atoms separated by up to 5 constraints  (-rcon)  1.036 nm

When dynamic load balancing gets turned on, these settings will change to:
The maximum number of communication pulses is: X 2 Y 1
The minimum size for domain decomposition cells is 0.756 nm
The requested allowed shrink of DD cells (option -dds) is: 0.80
The allowed shrink of domain decomposition cells is: X 0.73 Y 0.27
The maximum allowed distance for atoms involved in interactions is:
                 non-bonded interactions           1.106 nm
            two-body bonded interactions  (-rdd)   1.106 nm
          multi-body bonded interactions  (-rdd)   0.756 nm
  atoms separated by up to 5 constraints  (-rcon)  0.756 nm

Local state does not use filler particles

Using 24 MPI threads
Using 1 OpenMP thread per tMPI thread

System total charge, top. A: 0.000 top. B: 0.000
Will do PME sum in reciprocal space for electrostatic interactions.

++++ PLEASE READ AND CITE THE FOLLOWING REFERENCE ++++
U. Essmann, L. Perera, M. L. Berkowitz, T. Darden, H. Lee, L. G. Pedersen 
A smooth particle mesh Ewald method
J. Chem. Phys. (1995)
DOI: 10.1063/1.470117
-------- -------- --- Thank You --- -------- --------

Using a Gaussian width (1/beta) of 0.320163 nm for Ewald
Potential shift: LJ r^-12: -1.000e+00 r^-6: -1.000e+00, Ewald -1.000e-05
Initialized non-bonded Coulomb Ewald tables, spacing: 9.33e-04 size: 2259

Generated table with 1053 data points for 1-4 COUL.
Tabscale = 500 points/nm
Generated table with 1053 data points for 1-4 LJ6.
Tabscale = 500 points/nm
Generated table with 1053 data points for 1-4 LJ12.
Tabscale = 500 points/nm
Long Range LJ corr.: <C6> 3.0968e-04


Using SIMD4xM 4x8 nonbonded short-range kernels

Using a dual 4x8 pair-list setup updated with dynamic pruning:
  outer list: updated every 50 steps, buffer 0.106 nm, rlist 1.106 nm
  inner list: updated every 10 steps, buffer 0.000 nm, rlist 1.000 nm
At tolerance 0.005 kJ/mol/ps per atom, equivalent classical 1x1 list would be:
  outer list: updated every 50 steps, buffer 0.232 nm, rlist 1.232 nm
  inner list: updated every 10 steps, buffer 0.034 nm, rlist 1.034 nm

The average pressure is off by at most 0.44 bar due to missing LJ interactions

Using Lorentz-Berthelot Lennard-Jones combination rule
There are 0 atoms and 0 charges for free energy perturbation

Linking all bonded interactions to atoms


Pinning threads with an auto-selected logical cpu stride of 1

Initializing Parallel LINear Constraint Solver

++++ PLEASE READ AND CITE THE FOLLOWING REFERENCE ++++
B. Hess
P-LINCS: A Parallel Linear Constraint Solver for molecular simulation
J. Chem. Theory Comput. (2008)
DOI: 10.1021/ct700200b
-------- -------- --- Thank You --- -------- --------

The number of constraints is 2704
There are constraints between atoms in different decomposition domains,
will communicate selected coordinates each lincs iteration

++++ PLEASE READ AND CITE THE FOLLOWING REFERENCE ++++
S. Miyamoto, P. A. Kollman
SETTLE: An Analytical Version of the SHAKE and RATTLE Algorithms for Rigid
Water Models
J. Comp. Chem. (1992)
DOI: 10.1002/jcc.540130805
-------- -------- --- Thank You --- -------- --------

Intra-simulation communication will occur every 5 steps.
Initial vector of lambda components:[     0.0000     0.0000     0.6154     0.6154     0.6154     0.0000     0.0000 ]

++++ PLEASE READ AND CITE THE FOLLOWING REFERENCE ++++
G. Bussi, D. Donadio, M. Parrinello
Canonical sampling through velocity rescaling
J. Chem. Phys. (2007)
DOI: 10.1063/1.2408420
-------- -------- --- Thank You --- -------- --------

There are: 73327 Atoms
Atom distribution over 16 domains: av 4582 stddev 101 min 4529 max 4655
Center of mass motion removal mode is Linear
We have the following groups for center of mass motion removal:
  0:  rest

Started mdrun on rank 0 Tue Jan 27 18:28:57 2026

           Step           Time
              0        0.00000

   Energies (kJ/mol)
           Bond          Angle    Proper Dih. Per. Imp. Dih.          LJ-14
    4.24079e+03    1.19840e+04    1.35561e+04    6.87177e+02    5.25696e+03
     Coulomb-14        LJ (SR)  Disper. corr.   Coulomb (SR)   Coul. recip.
    6.18676e+04    1.32789e+05   -9.40758e+03   -1.17433e+06    6.77857e+03
      Potential    Kinetic En.   Total Energy  Conserved En.    Temperature
   -9.46583e+05    1.85004e+05   -7.61579e+05   -7.61534e+05    2.97979e+02
 Pres. DC (bar) Pressure (bar)      dVcoul/dl       dVvdw/dl    dVbonded/dl
   -2.11217e+02    5.74377e+01    0.00000e+00    0.00000e+00    0.00000e+00
   Constr. rmsd
    3.64116e-06


DD  step 49 load imb.: force 48.4%  pme mesh/force 0.537
           Step           Time
             50        0.10000

   Energies (kJ/mol)
           Bond          Angle    Proper Dih. Per. Imp. Dih.          LJ-14
    4.49258e+03    1.17688e+04    1.36074e+04    6.83776e+02    5.21097e+03
     Coulomb-14        LJ (SR)  Disper. corr.   Coulomb (SR)   Coul. recip.
    6.20959e+04    1.32557e+05   -9.40742e+03   -1.17403e+06    6.81571e+03
      Potential    Kinetic En.   Total Energy  Conserved En.    Temperature
   -9.46202e+05    1.85260e+05   -7.60942e+05   -7.61559e+05    2.98392e+02
 Pres. DC (bar) Pressure (bar)      dVcoul/dl       dVvdw/dl    dVbonded/dl
   -2.11209e+02   -1.05072e+02    0.00000e+00    0.00000e+00    0.00000e+00
   Constr. rmsd
    3.79242e-06


DD  step 99 load imb.: force 67.6%  pme mesh/force 0.335
           Step           Time
            100        0.20000

   Energies (kJ/mol)
           Bond          Angle    Proper Dih. Per. Imp. Dih.          LJ-14
    4.20798e+03    1.19802e+04    1.36444e+04    7.41524e+02    5.32252e+03
     Coulomb-14        LJ (SR)  Disper. corr.   Coulomb (SR)   Coul. recip.
    6.19215e+04    1.32648e+05   -9.40987e+03   -1.17473e+06    6.79602e+03
      Potential    Kinetic En.   Total Energy  Conserved En.    Temperature
   -9.46878e+05    1.85040e+05   -7.61838e+05   -7.61564e+05    2.98038e+02
 Pres. DC (bar) Pressure (bar)      dVcoul/dl       dVvdw/dl    dVbonded/dl
   -2.11319e+02    2.04459e+01    0.00000e+00    0.00000e+00    0.00000e+00
   Constr. rmsd
    3.91491e-06


DD  step 149 load imb.: force 38.7%  pme mesh/force 0.404

step 150 Turning on dynamic load balancing, because the performance loss due to load imbalance is 27.1 %.
           Step           Time
            150        0.30000

   Energies (kJ/mol)
           Bond          Angle    Proper Dih. Per. Imp. Dih.          LJ-14
    4.51973e+03    1.19453e+04    1.35824e+04    6.89567e+02    5.15807e+03
     Coulomb-14        LJ (SR)  Disper. corr.   Coulomb (SR)   Coul. recip.
    6.18757e+04    1.32116e+05   -9.41466e+03   -1.17402e+06    6.82507e+03
      Potential    Kinetic En.   Total Energy  Conserved En.    Temperature
   -9.46723e+05    1.86906e+05   -7.59817e+05   -7.61598e+05    3.01043e+02
 Pres. DC (bar) Pressure (bar)      dVcoul/dl       dVvdw/dl    dVbonded/dl
   -2.11534e+02   -1.65656e+02    0.00000e+00    0.00000e+00    0.00000e+00
   Constr. rmsd
    3.88864e-06


DD  step 199  vol min/aver 0.982  load imb.: force 58.6%  pme mesh/force 0.332
           Step           Time
            200        0.40000

   Energies (kJ/mol)
           Bond          Angle    Proper Dih. Per. Imp. Dih.          LJ-14
    4.39853e+03    1.18988e+04    1.35080e+04    6.50976e+02    5.21018e+03
     Coulomb-14        LJ (SR)  Disper. corr.   Coulomb (SR)   Coul. recip.
    6.18533e+04    1.32500e+05   -9.42325e+03   -1.17296e+06    6.77592e+03
      Potential    Kinetic En.   Total Energy  Conserved En.    Temperature
   -9.45590e+05    1.86100e+05   -7.59490e+05   -7.61591e+05    2.99744e+02
 Pres. DC (bar) Pressure (bar)      dVcoul/dl       dVvdw/dl    dVbonded/dl
   -2.11920e+02   -2.59696e+01    0.00000e+00    0.00000e+00    0.00000e+00
   Constr. rmsd
    3.85476e-06


DD  step 249  vol min/aver 0.860  load imb.: force 27.9%  pme mesh/force 0.412
           Step           Time
            250        0.50000

   Energies (kJ/mol)
           Bond          Angle    Proper Dih. Per. Imp. Dih.          LJ-14
    4.36616e+03    1.21529e+04    1.36174e+04    6.42581e+02    5.31760e+03
     Coulomb-14        LJ (SR)  Disper. corr.   Coulomb (SR)   Coul. recip.
    6.17456e+04    1.33691e+05   -9.43322e+03   -1.17467e+06    6.75551e+03
      Potential    Kinetic En.   Total Energy  Conserved En.    Temperature
   -9.45816e+05    1.86573e+05   -7.59243e+05   -7.61580e+05    3.00507e+02
 Pres. DC (bar) Pressure (bar)      dVcoul/dl       dVvdw/dl    dVbonded/dl
   -2.12368e+02    4.41636e+01    0.00000e+00    0.00000e+00    0.00000e+00
   Constr. rmsd
    3.79758e-06


DD  step 299  vol min/aver 0.773  load imb.: force 30.4%  pme mesh/force 0.404
           Step           Time
            300        0.60000

   Energies (kJ/mol)
           Bond          Angle    Proper Dih. Per. Imp. Dih.          LJ-14
    4.24333e+03    1.19025e+04    1.34939e+04    6.57672e+02    5.23101e+03
     Coulomb-14        LJ (SR)  Disper. corr.   Coulomb (SR)   Coul. recip.
    6.17540e+04    1.32544e+05   -9.44305e+03   -1.17376e+06    6.81779e+03
      Potential    Kinetic En.   Total Energy  Conserved En.    Temperature
   -9.46562e+05    1.86603e+05   -7.59959e+05   -7.61585e+05    3.00555e+02
 Pres. DC (bar) Pressure (bar)      dVcoul/dl       dVvdw/dl    dVbonded/dl
   -2.12810e+02   -2.58507e+01    0.00000e+00    0.00000e+00    0.00000e+00
   Constr. rmsd
    3.76368e-06


DD  load balancing is limited by minimum cell size in dimension X
DD  step 349  vol min/aver 0.708! load imb.: force 21.8%  pme mesh/force 0.502
           Step           Time
            350        0.70000

   Energies (kJ/mol)
           Bond          Angle    Proper Dih. Per. Imp. Dih.          LJ-14
    4.29154e+03    1.20504e+04    1.35646e+04    6.51264e+02    5.23010e+03
     Coulomb-14        LJ (SR)  Disper. corr.   Coulomb (SR)   Coul. recip.
    6.19317e+04    1.33361e+05   -9.45340e+03   -1.17528e+06    6.74907e+03
      Potential    Kinetic En.   Total Energy  Conserved En.    Temperature
   -9.46903e+05    1.86894e+05   -7.60009e+05   -7.61590e+05    3.01023e+02
 Pres. DC (bar) Pressure (bar)      dVcoul/dl       dVvdw/dl    dVbonded/dl
   -2.13277e+02    2.27181e+01    0.00000e+00    0.00000e+00    0.00000e+00
   Constr. rmsd
    4.02098e-06


DD  load balancing is limited by minimum cell size in dimension X
DD  step 399  vol min/aver 0.692! load imb.: force 34.6%  pme mesh/force 0.420
           Step           Time
            400        0.80000

   Energies (kJ/mol)
           Bond          Angle    Proper Dih. Per. Imp. Dih.          LJ-14
    4.26457e+03    1.18873e+04    1.36236e+04    7.02709e+02    5.26766e+03
     Coulomb-14        LJ (SR)  Disper. corr.   Coulomb (SR)   Coul. recip.
    6.17936e+04    1.33550e+05   -9.46451e+03   -1.17576e+06    6.77523e+03
      Potential    Kinetic En.   Total Energy  Conserved En.    Temperature
   -9.47359e+05    1.86849e+05   -7.60510e+05   -7.61580e+05    3.00951e+02
 Pres. DC (bar) Pressure (bar)      dVcoul/dl       dVvdw/dl    dVbonded/dl
   -2.13777e+02    1.28576e+02    0.00000e+00    0.00000e+00    0.00000e+00
   Constr. rmsd
    3.84985e-06


DD  load balancing is limited by minimum cell size in dimension X
DD  step 449  vol min/aver 0.617! load imb.: force 27.0%  pme mesh/force 0.628
           Step           Time
            450        0.90000

   Energies (kJ/mol)
           Bond          Angle    Proper Dih. Per. Imp. Dih.          LJ-14
    4.20330e+03    1.19107e+04    1.36987e+04    6.86809e+02    5.18747e+03
     Coulomb-14        LJ (SR)  Disper. corr.   Coulomb (SR)   Coul. recip.
    6.19646e+04    1.33296e+05   -9.47127e+03   -1.17483e+06    6.73429e+03
      Potential    Kinetic En.   Total Energy  Conserved En.    Temperature
   -9.46623e+05    1.85866e+05   -7.60757e+05   -7.61570e+05    2.99368e+02
 Pres. DC (bar) Pressure (bar)      dVcoul/dl       dVvdw/dl    dVbonded/dl
   -2.14083e+02    7.31284e+01    0.00000e+00    0.00000e+00    0.00000e+00
   Constr. rmsd
    3.97375e-06


DD  load balancing is limited by minimum cell size in dimension X
DD  step 499  vol min/aver 0.569! load imb.: force 26.4%  pme mesh/force 0.433
           Step           Time
            500        1.00000

   Energies (kJ/mol)
           Bond          Angle    Proper Dih. Per. Imp. Dih.          LJ-14
    4.32121e+03    1.19650e+04    1.36027e+04    6.37783e+02    5.25838e+03
     Coulomb-14        LJ (SR)  Disper. corr.   Coulomb (SR)   Coul. recip.
    6.19182e+04    1.33864e+05   -9.47471e+03   -1.17508e+06    6.82492e+03
      Potential    Kinetic En.   Total Energy  Conserved En.    Temperature
   -9.46165e+05    1.86460e+05   -7.59705e+05   -7.61536e+05    3.00324e+02
 Pres. DC (bar) Pressure (bar)      dVcoul/dl       dVvdw/dl    dVbonded/dl
   -2.14238e+02    1.76424e+02    0.00000e+00    0.00000e+00    0.00000e+00
   Constr. rmsd
    3.80768e-06


DD  load balancing is limited by minimum cell size in dimension X
DD  step 549  vol min/aver 0.542! load imb.: force 26.7%  pme mesh/force 0.531
           Step           Time
            550        1.10000

   Energies (kJ/mol)
           Bond          Angle    Proper Dih. Per. Imp. Dih.          LJ-14
    4.50248e+03    1.20690e+04    1.36405e+04    6.68536e+02    5.12135e+03
     Coulomb-14        LJ (SR)  Disper. corr.   Coulomb (SR)   Coul. recip.
    6.15560e+04    1.32179e+05   -9.47325e+03   -1.17312e+06    6.69590e+03
      Potential    Kinetic En.   Total Energy  Conserved En.    Temperature
   -9.46164e+05    1.86911e+05   -7.59254e+05   -7.61576e+05    3.01050e+02
 Pres. DC (bar) Pressure (bar)      dVcoul/dl       dVvdw/dl    dVbonded/dl
   -2.14172e+02   -6.60474e+01    0.00000e+00    0.00000e+00    0.00000e+00
   Constr. rmsd
    3.86864e-06


DD  load balancing is limited by minimum cell size in dimension X
DD  step 599  vol min/aver 0.513! load imb.: force 16.6%  pme mesh/force 0.419
           Step           Time
            600        1.20000

   Energies (kJ/mol)
           Bond          Angle    Proper Dih. Per. Imp. Dih.          LJ-14
    4.16219e+03    1.18474e+04    1.35409e+04    6.91265e+02    5.23868e+03
     Coulomb-14        LJ (SR)  Disper. corr.   Coulomb (SR)   Coul. recip.
    6.19054e+04    1.32433e+05   -9.47242e+03   -1.17401e+06    6.74598e+03
      Potential    Kinetic En.   Total Energy  Conserved En.    Temperature
   -9.46921e+05    1.86648e+05   -7.60273e+05   -7.61596e+05    3.00628e+02
 Pres. DC (bar) Pressure (bar)      dVcoul/dl       dVvdw/dl    dVbonded/dl
   -2.14135e+02    5.34462e+01    0.00000e+00    0.00000e+00    0.00000e+00
   Constr. rmsd
    4.00815e-06


DD  load balancing is limited by minimum cell size in dimension X
DD  step 649  vol min/aver 0.524! load imb.: force 14.9%  pme mesh/force 0.503
           Step           Time
            650        1.30000

   Energies (kJ/mol)
           Bond          Angle    Proper Dih. Per. Imp. Dih.          LJ-14
    4.33896e+03    1.21826e+04    1.35776e+04    7.25776e+02    5.18473e+03
     Coulomb-14        LJ (SR)  Disper. corr.   Coulomb (SR)   Coul. recip.
    6.16866e+04    1.33899e+05   -9.47020e+03   -1.17515e+06    6.68794e+03
      Potential    Kinetic En.   Total Energy  Conserved En.    Temperature
   -9.46334e+05    1.86538e+05   -7.59796e+05   -7.61564e+05    3.00450e+02
 Pres. DC (bar) Pressure (bar)      dVcoul/dl       dVvdw/dl    dVbonded/dl
   -2.14034e+02    1.31773e+02    0.00000e+00    0.00000e+00    0.00000e+00
   Constr. rmsd
    3.82549e-06


DD  load balancing is limited by minimum cell size in dimension X
DD  step 699  vol min/aver 0.553! load imb.: force 16.2%  pme mesh/force 0.417
           Step           Time
            700        1.40000

   Energies (kJ/mol)
           Bond          Angle    Proper Dih. Per. Imp. Dih.          LJ-14
    4.11665e+03    1.22080e+04    1.35987e+04    6.67220e+02    5.20830e+03
     Coulomb-14        LJ (SR)  Disper. corr.   Coulomb (SR)   Coul. recip.
    6.16783e+04    1.30813e+05   -9.46587e+03   -1.17240e+06    6.76514e+03
      Potential    Kinetic En.   Total Energy  Conserved En.    Temperature
   -9.46810e+05    1.85692e+05   -7.61118e+05   -7.61566e+05    2.99087e+02
 Pres. DC (bar) Pressure (bar)      dVcoul/dl       dVvdw/dl    dVbonded/dl
   -2.13839e+02   -1.65031e+02    0.00000e+00    0.00000e+00    0.00000e+00
   Constr. rmsd
    3.92421e-06


DD  load balancing is limited by minimum cell size in dimension X
DD  step 749  vol min/aver 0.581! load imb.: force 15.1%  pme mesh/force 0.474
           Step           Time
            750        1.50000

   Energies (kJ/mol)
           Bond          Angle    Proper Dih. Per. Imp. Dih.          LJ-14
    4.26458e+03    1.21130e+04    1.34126e+04    7.51507e+02    5.29223e+03
     Coulomb-14        LJ (SR)  Disper. corr.   Coulomb (SR)   Coul. recip.
    6.16600e+04    1.32281e+05   -9.46320e+03   -1.17330e+06    6.73772e+03
      Potential    Kinetic En.   Total Energy  Conserved En.    Temperature
   -9.46255e+05    1.86461e+05   -7.59794e+05   -7.61552e+05    3.00326e+02
 Pres. DC (bar) Pressure (bar)      dVcoul/dl       dVvdw/dl    dVbonded/dl
   -2.13718e+02    6.74664e+01    0.00000e+00    0.00000e+00    0.00000e+00
   Constr. rmsd
    3.77210e-06


DD  load balancing is limited by minimum cell size in dimension X
DD  step 799  vol min/aver 0.608! load imb.: force 15.4%  pme mesh/force 0.450
           Step           Time
            800        1.60000

   Energies (kJ/mol)
           Bond          Angle    Proper Dih. Per. Imp. Dih.          LJ-14
    4.35584e+03    1.20268e+04    1.36431e+04    6.51846e+02    5.26745e+03
     Coulomb-14        LJ (SR)  Disper. corr.   Coulomb (SR)   Coul. recip.
    6.16915e+04    1.30523e+05   -9.46291e+03   -1.17294e+06    6.66670e+03
      Potential    Kinetic En.   Total Energy  Conserved En.    Temperature
   -9.47582e+05    1.86169e+05   -7.61413e+05   -7.61540e+05    2.99855e+02
 Pres. DC (bar) Pressure (bar)      dVcoul/dl       dVvdw/dl    dVbonded/dl
   -2.13705e+02   -1.62987e+02    0.00000e+00    0.00000e+00    0.00000e+00
   Constr. rmsd
    3.98351e-06


DD  load balancing is limited by minimum cell size in dimension X
DD  step 849  vol min/aver 0.639! load imb.: force 15.3%  pme mesh/force 0.485
           Step           Time
            850        1.70000

   Energies (kJ/mol)
           Bond          Angle    Proper Dih. Per. Imp. Dih.          LJ-14
    4.32223e+03    1.20652e+04    1.35074e+04    7.56384e+02    5.22107e+03
     Coulomb-14        LJ (SR)  Disper. corr.   Coulomb (SR)   Coul. recip.
    6.16463e+04    1.32202e+05   -9.46931e+03   -1.17421e+06    6.77691e+03
      Potential    Kinetic En.   Total Energy  Conserved En.    Temperature
   -9.47184e+05    1.86493e+05   -7.60691e+05   -7.61564e+05    3.00377e+02
 Pres. DC (bar) Pressure (bar)      dVcoul/dl       dVvdw/dl    dVbonded/dl
   -2.13994e+02   -5.85415e+01    0.00000e+00    0.00000e+00    0.00000e+00
   Constr. rmsd
    3.92572e-06


DD  load balancing is limited by minimum cell size in dimension X
DD  step 899  vol min/aver 0.658! load imb.: force 11.1%  pme mesh/force 0.444
           Step           Time
            900        1.80000

   Energies (kJ/mol)
           Bond          Angle    Proper Dih. Per. Imp. Dih.          LJ-14
    4.22853e+03    1.20393e+04    1.37143e+04    6.51339e+02    5.25661e+03
     Coulomb-14        LJ (SR)  Disper. corr.   Coulomb (SR)   Coul. recip.
    6.18272e+04    1.33937e+05   -9.47712e+03   -1.17597e+06    6.74039e+03
      Potential    Kinetic En.   Total Energy  Conserved En.    Temperature
   -9.47054e+05    1.85951e+05   -7.61103e+05   -7.61586e+05    2.99505e+02
 Pres. DC (bar) Pressure (bar)      dVcoul/dl       dVvdw/dl    dVbonded/dl
   -2.14347e+02    1.93765e+02    0.00000e+00    0.00000e+00    0.00000e+00
   Constr. rmsd
    4.10522e-06


DD  load balancing is limited by minimum cell size in dimension X
DD  step 949  vol min/aver 0.676! load imb.: force 13.3%  pme mesh/force 0.560
           Step           Time
            950        1.90000

   Energies (kJ/mol)
           Bond          Angle    Proper Dih. Per. Imp. Dih.          LJ-14
    4.51733e+03    1.18935e+04    1.36156e+04    7.27364e+02    5.27091e+03
     Coulomb-14        LJ (SR)  Disper. corr.   Coulomb (SR)   Coul. recip.
    6.18383e+04    1.32147e+05   -9.48175e+03   -1.17499e+06    6.76042e+03
      Potential    Kinetic En.   Total Energy  Conserved En.    Temperature
   -9.47703e+05    1.85767e+05   -7.61936e+05   -7.61559e+05    2.99208e+02
 Pres. DC (bar) Pressure (bar)      dVcoul/dl       dVvdw/dl    dVbonded/dl
   -2.14556e+02    2.21392e+00    0.00000e+00    0.00000e+00    0.00000e+00
   Constr. rmsd
    3.91405e-06


DD  load balancing is limited by minimum cell size in dimension X
DD  step 999  vol min/aver 0.690! load imb.: force 10.9%  pme mesh/force 0.447

step 1000 Turning off dynamic load balancing, because it is degrading performance.
Atom distribution over 16 domains: av 4582 stddev 103 min 4497 max 4668
           Step           Time
           1000        2.00000

   Energies (kJ/mol)
           Bond          Angle    Proper Dih. Per. Imp. Dih.          LJ-14
    4.29409e+03    1.24586e+04    1.36293e+04    6.92307e+02    5.08714e+03
     Coulomb-14        LJ (SR)  Disper. corr.   Coulomb (SR)   Coul. recip.
    6.15915e+04    1.33763e+05   -9.48736e+03   -1.17578e+06    6.61912e+03
      Potential    Kinetic En.   Total Energy  Conserved En.    Temperature
   -9.47132e+05    1.86477e+05   -7.60655e+05   -7.61575e+05    3.00352e+02
 Pres. DC (bar) Pressure (bar)      dVcoul/dl       dVvdw/dl    dVbonded/dl
   -2.14810e+02    4.79893e+01    0.00000e+00    0.00000e+00    0.00000e+00
   Constr. rmsd
    4.24031e-06


DD  step 1049 load imb.: force 28.7%  pme mesh/force 0.359
           Step           Time
           1050        2.10000

   Energies (kJ/mol)
           Bond          Angle    Proper Dih. Per. Imp. Dih.          LJ-14
    4.25342e+03    1.21650e+04    1.36926e+04    7.10005e+02    5.23522e+03
     Coulomb-14        LJ (SR)  Disper. corr.   Coulomb (SR)   Coul. recip.
    6.19385e+04    1.32909e+05   -9.49192e+03   -1.17515e+06    6.83638e+03
      Potential    Kinetic En.   Total Energy  Conserved En.    Temperature
   -9.46902e+05    1.86328e+05   -7.60574e+05   -7.61552e+05    3.00113e+02
 Pres. DC (bar) Pressure (bar)      dVcoul/dl       dVvdw/dl    dVbonded/dl
   -2.15016e+02    6.99062e+01    0.00000e+00    0.00000e+00    0.00000e+00
   Constr. rmsd
    4.00436e-06


DD  step 1099 load imb.: force 48.5%  pme mesh/force 0.354
           Step           Time
           1100        2.20000

   Energies (kJ/mol)
           Bond          Angle    Proper Dih. Per. Imp. Dih.          LJ-14
    4.47057e+03    1.20572e+04    1.37810e+04    6.94390e+02    5.30446e+03
     Coulomb-14        LJ (SR)  Disper. corr.   Coulomb (SR)   Coul. recip.
    6.17867e+04    1.31633e+05   -9.49368e+03   -1.17398e+06    6.72886e+03
      Potential    Kinetic En.   Total Energy  Conserved En.    Temperature
   -9.47014e+05    1.86464e+05   -7.60550e+05   -7.61547e+05    3.00330e+02
 Pres. DC (bar) Pressure (bar)      dVcoul/dl       dVvdw/dl    dVbonded/dl
   -2.15096e+02   -1.80680e+01    0.00000e+00    0.00000e+00    0.00000e+00
   Constr. rmsd
    3.94068e-06


DD  step 1149 load imb.: force 60.0%  pme mesh/force 0.361
           Step           Time
           1150        2.30000

   Energies (kJ/mol)
           Bond          Angle    Proper Dih. Per. Imp. Dih.          LJ-14
    4.45788e+03    1.22753e+04    1.37241e+04    7.02850e+02    5.25315e+03
     Coulomb-14        LJ (SR)  Disper. corr.   Coulomb (SR)   Coul. recip.
    6.19554e+04    1.33587e+05   -9.49456e+03   -1.17701e+06    6.70901e+03
      Potential    Kinetic En.   Total Energy  Conserved En.    Temperature
   -9.47839e+05    1.86464e+05   -7.61375e+05   -7.61522e+05    3.00331e+02
 Pres. DC (bar) Pressure (bar)      dVcoul/dl       dVvdw/dl    dVbonded/dl
   -2.15136e+02    6.68898e+01    0.00000e+00    0.00000e+00    0.00000e+00
   Constr. rmsd
    3.75544e-06


DD  step 1199 load imb.: force 61.7%  pme mesh/force 0.328
           Step           Time
           1200        2.40000

   Energies (kJ/mol)
           Bond          Angle    Proper Dih. Per. Imp. Dih.          LJ-14
    4.35702e+03    1.21023e+04    1.35288e+04    6.58984e+02    5.28777e+03
     Coulomb-14        LJ (SR)  Disper. corr.   Coulomb (SR)   Coul. recip.
    6.18319e+04    1.32932e+05   -9.49397e+03   -1.17607e+06    6.75259e+03
      Potential    Kinetic En.   Total Energy  Conserved En.    Temperature
   -9.48117e+05    1.87420e+05   -7.60696e+05   -7.61544e+05    3.01871e+02
 Pres. DC (bar) Pressure (bar)      dVcoul/dl       dVvdw/dl    dVbonded/dl
   -2.15109e+02    1.90383e+00    0.00000e+00    0.00000e+00    0.00000e+00
   Constr. rmsd
    4.00251e-06


DD  step 1249 load imb.: force 69.6%  pme mesh/force 0.354
           Step           Time
           1250        2.50000

   Energies (kJ/mol)
           Bond          Angle    Proper Dih. Per. Imp. Dih.          LJ-14
    4.41158e+03    1.19932e+04    1.36027e+04    7.00990e+02    5.18844e+03
     Coulomb-14        LJ (SR)  Disper. corr.   Coulomb (SR)   Coul. recip.
    6.20402e+04    1.32902e+05   -9.49003e+03   -1.17580e+06    6.75361e+03
      Potential    Kinetic En.   Total Energy  Conserved En.    Temperature
   -9.47692e+05    1.87171e+05   -7.60522e+05   -7.61549e+05    3.01470e+02
 Pres. DC (bar) Pressure (bar)      dVcoul/dl       dVvdw/dl    dVbonded/dl
   -2.14931e+02   -3.60169e+01    0.00000e+00    0.00000e+00    0.00000e+00
   Constr. rmsd
    3.90234e-06


DD  step 1299 load imb.: force 56.4%  pme mesh/force 0.335
           Step           Time
           1300        2.60000

   Energies (kJ/mol)
           Bond          Angle    Proper Dih. Per. Imp. Dih.          LJ-14
    4.26795e+03    1.19795e+04    1.35282e+04    7.47616e+02    5.22702e+03
     Coulomb-14        LJ (SR)  Disper. corr.   Coulomb (SR)   Coul. recip.
    6.16311e+04    1.31912e+05   -9.48440e+03   -1.17445e+06    6.80439e+03
      Potential    Kinetic En.   Total Energy  Conserved En.    Temperature
   -9.47836e+05    1.87104e+05   -7.60733e+05   -7.61574e+05    3.01362e+02
 Pres. DC (bar) Pressure (bar)      dVcoul/dl       dVvdw/dl    dVbonded/dl
   -2.14676e+02   -3.54884e+01    0.00000e+00    0.00000e+00    0.00000e+00
   Constr. rmsd
    4.33072e-06


DD  step 1349 load imb.: force 56.6%  pme mesh/force 0.367
           Step           Time
           1350        2.70000

   Energies (kJ/mol)
           Bond          Angle    Proper Dih. Per. Imp. Dih.          LJ-14
    4.31390e+03    1.23118e+04    1.34356e+04    6.78354e+02    5.27207e+03
     Coulomb-14        LJ (SR)  Disper. corr.   Coulomb (SR)   Coul. recip.
    6.19067e+04    1.31087e+05   -9.47930e+03   -1.17285e+06    6.91868e+03
      Potential    Kinetic En.   Total Energy  Conserved En.    Temperature
   -9.46407e+05    1.85976e+05   -7.60432e+05   -7.61497e+05    2.99544e+02
 Pres. DC (bar) Pressure (bar)      dVcoul/dl       dVvdw/dl    dVbonded/dl
   -2.14445e+02   -8.22528e+01    0.00000e+00    0.00000e+00    0.00000e+00
   Constr. rmsd
    4.21968e-06


DD  step 1399 load imb.: force 53.1%  pme mesh/force 0.347
           Step           Time
           1400        2.80000

   Energies (kJ/mol)
           Bond          Angle    Proper Dih. Per. Imp. Dih.          LJ-14
    4.31270e+03    1.20982e+04    1.37233e+04    6.90280e+02    5.12599e+03
     Coulomb-14        LJ (SR)  Disper. corr.   Coulomb (SR)   Coul. recip.
    6.16424e+04    1.31569e+05   -9.47706e+03   -1.17364e+06    6.81710e+03
      Potential    Kinetic En.   Total Energy  Conserved En.    Temperature
   -9.47143e+05    1.87083e+05   -7.60060e+05   -7.61549e+05    3.01328e+02
 Pres. DC (bar) Pressure (bar)      dVcoul/dl       dVvdw/dl    dVbonded/dl
   -2.14344e+02   -1.17585e+02    0.00000e+00    0.00000e+00    0.00000e+00
   Constr. rmsd
    3.94918e-06


DD  step 1449 load imb.: force 56.3%  pme mesh/force 0.400
           Step           Time
           1450        2.90000

   Energies (kJ/mol)
           Bond          Angle    Proper Dih. Per. Imp. Dih.          LJ-14
    4.29451e+03    1.19824e+04    1.38061e+04    7.00486e+02    5.12042e+03
     Coulomb-14        LJ (SR)  Disper. corr.   Coulomb (SR)   Coul. recip.
    6.17940e+04    1.33260e+05   -9.47811e+03   -1.17458e+06    6.63609e+03
      Potential    Kinetic En.   Total Energy  Conserved En.    Temperature
   -9.46459e+05    1.87550e+05   -7.58909e+05   -7.61580e+05    3.02080e+02
 Pres. DC (bar) Pressure (bar)      dVcoul/dl       dVvdw/dl    dVbonded/dl
   -2.14391e+02    5.85679e+01    0.00000e+00    0.00000e+00    0.00000e+00
   Constr. rmsd
    3.98350e-06


DD  step 1499 load imb.: force 54.1%  pme mesh/force 0.326
           Step           Time
           1500        3.00000

   Energies (kJ/mol)
           Bond          Angle    Proper Dih. Per. Imp. Dih.          LJ-14
    4.11425e+03    1.21506e+04    1.37405e+04    7.09567e+02    5.29292e+03
     Coulomb-14        LJ (SR)  Disper. corr.   Coulomb (SR)   Coul. recip.
    6.18989e+04    1.31445e+05   -9.47797e+03   -1.17252e+06    6.77487e+03
      Potential    Kinetic En.   Total Energy  Conserved En.    Temperature
   -9.45876e+05    1.87053e+05   -7.58824e+05   -7.61570e+05    3.01279e+02
 Pres. DC (bar) Pressure (bar)      dVcoul/dl       dVvdw/dl    dVbonded/dl
   -2.14385e+02    8.38525e+00    0.00000e+00    0.00000e+00    0.00000e+00
   Constr. rmsd
    3.91262e-06


DD  step 1549 load imb.: force 46.4%  pme mesh/force 0.399
           Step           Time
           1550        3.10000

   Energies (kJ/mol)
           Bond          Angle    Proper Dih. Per. Imp. Dih.          LJ-14
    4.38502e+03    1.20166e+04    1.37097e+04    6.81023e+02    5.17231e+03
     Coulomb-14        LJ (SR)  Disper. corr.   Coulomb (SR)   Coul. recip.
    6.21183e+04    1.30559e+05   -9.48000e+03   -1.17088e+06    6.84044e+03
      Potential    Kinetic En.   Total Energy  Conserved En.    Temperature
   -9.44877e+05    1.85842e+05   -7.59035e+05   -7.61546e+05    2.99330e+02
 Pres. DC (bar) Pressure (bar)      dVcoul/dl       dVvdw/dl    dVbonded/dl
   -2.14477e+02   -1.47130e+02    0.00000e+00    0.00000e+00    0.00000e+00
   Constr. rmsd
    4.06766e-06


DD  step 1599 load imb.: force 52.2%  pme mesh/force 0.324
           Step           Time
           1600        3.20000

   Energies (kJ/mol)
           Bond          Angle    Proper Dih. Per. Imp. Dih.          LJ-14
    4.37122e+03    1.18740e+04    1.36147e+04    6.80816e+02    5.27368e+03
     Coulomb-14        LJ (SR)  Disper. corr.   Coulomb (SR)   Coul. recip.
    6.21418e+04    1.30672e+05   -9.48687e+03   -1.17211e+06    6.81431e+03
      Potential    Kinetic En.   Total Energy  Conserved En.    Temperature
   -9.46155e+05    1.85796e+05   -7.60358e+05   -7.61536e+05    2.99256e+02
 Pres. DC (bar) Pressure (bar)      dVcoul/dl       dVvdw/dl    dVbonded/dl
   -2.14787e+02   -1.04973e+02    0.00000e+00    0.00000e+00    0.00000e+00
   Constr. rmsd
    3.76439e-06


DD  step 1649 load imb.: force 44.8%  pme mesh/force 0.380
           Step           Time
           1650        3.30000

   Energies (kJ/mol)
           Bond          Angle    Proper Dih. Per. Imp. Dih.          LJ-14
    4.33854e+03    1.19172e+04    1.34879e+04    6.65140e+02    5.29612e+03
     Coulomb-14        LJ (SR)  Disper. corr.   Coulomb (SR)   Coul. recip.
    6.18250e+04    1.33269e+05   -9.49660e+03   -1.17526e+06    6.83794e+03
      Potential    Kinetic En.   Total Energy  Conserved En.    Temperature
   -9.47115e+05    1.86944e+05   -7.60170e+05   -7.61558e+05    3.01105e+02
 Pres. DC (bar) Pressure (bar)      dVcoul/dl       dVvdw/dl    dVbonded/dl
   -2.15228e+02    1.17734e+02    0.00000e+00    0.00000e+00    0.00000e+00
   Constr. rmsd
    3.82096e-06


DD  step 1699 load imb.: force 74.3%  pme mesh/force 0.463
           Step           Time
           1700        3.40000

   Energies (kJ/mol)
           Bond          Angle    Proper Dih. Per. Imp. Dih.          LJ-14
    4.33965e+03    1.19954e+04    1.36782e+04    7.20191e+02    5.22269e+03
     Coulomb-14        LJ (SR)  Disper. corr.   Coulomb (SR)   Coul. recip.
    6.17976e+04    1.32319e+05   -9.50334e+03   -1.17410e+06    6.67773e+03
      Potential    Kinetic En.   Total Energy  Conserved En.    Temperature
   -9.46856e+05    1.86268e+05   -7.60588e+05   -7.61565e+05    3.00016e+02
 Pres. DC (bar) Pressure (bar)      dVcoul/dl       dVvdw/dl    dVbonded/dl
   -2.15533e+02    1.36587e+02    0.00000e+00    0.00000e+00    0.00000e+00
   Constr. rmsd
    4.13200e-06


DD  step 1749 load imb.: force 31.5%  pme mesh/force 0.392
           Step           Time
           1750        3.50000

   Energies (kJ/mol)
           Bond          Angle    Proper Dih. Per. Imp. Dih.          LJ-14
    4.49273e+03    1.17022e+04    1.37126e+04    6.91155e+02    5.22712e+03
     Coulomb-14        LJ (SR)  Disper. corr.   Coulomb (SR)   Coul. recip.
    6.22835e+04    1.31161e+05   -9.50782e+03   -1.17418e+06    6.70794e+03
      Potential    Kinetic En.   Total Energy  Conserved En.    Temperature
   -9.47708e+05    1.86621e+05   -7.61088e+05   -7.61558e+05    3.00583e+02
 Pres. DC (bar) Pressure (bar)      dVcoul/dl       dVvdw/dl    dVbonded/dl
   -2.15736e+02   -4.96321e+00    0.00000e+00    0.00000e+00    0.00000e+00
   Constr. rmsd
    3.85753e-06


DD  step 1799 load imb.: force 49.7%  pme mesh/force 0.376
           Step           Time
           1800        3.60000

   Energies (kJ/mol)
           Bond          Angle    Proper Dih. Per. Imp. Dih.          LJ-14
    4.36765e+03    1.20427e+04    1.35820e+04    6.77922e+02    5.23064e+03
     Coulomb-14        LJ (SR)  Disper. corr.   Coulomb (SR)   Coul. recip.
    6.20224e+04    1.32308e+05   -9.51169e+03   -1.17534e+06    6.68335e+03
      Potential    Kinetic En.   Total Energy  Conserved En.    Temperature
   -9.47934e+05    1.86537e+05   -7.61397e+05   -7.61550e+05    3.00448e+02
 Pres. DC (bar) Pressure (bar)      dVcoul/dl       dVvdw/dl    dVbonded/dl
   -2.15911e+02    3.56258e+01    0.00000e+00    0.00000e+00    0.00000e+00
   Constr. rmsd
    4.19460e-06


DD  step 1849 load imb.: force 41.9%  pme mesh/force 0.421
           Step           Time
           1850        3.70000

   Energies (kJ/mol)
           Bond          Angle    Proper Dih. Per. Imp. Dih.          LJ-14
    4.46100e+03    1.20105e+04    1.36409e+04    6.55477e+02    5.09394e+03
     Coulomb-14        LJ (SR)  Disper. corr.   Coulomb (SR)   Coul. recip.
    6.20009e+04    1.33094e+05   -9.51127e+03   -1.17621e+06    6.68761e+03
      Potential    Kinetic En.   Total Energy  Conserved En.    Temperature
   -9.48073e+05    1.86011e+05   -7.62062e+05   -7.61547e+05    2.99601e+02
 Pres. DC (bar) Pressure (bar)      dVcoul/dl       dVvdw/dl    dVbonded/dl
   -2.15893e+02   -4.17185e+01    0.00000e+00    0.00000e+00    0.00000e+00
   Constr. rmsd
    3.90187e-06


DD  step 1899 load imb.: force 65.7%  pme mesh/force 0.325
           Step           Time
           1900        3.80000

   Energies (kJ/mol)
           Bond          Angle    Proper Dih. Per. Imp. Dih.          LJ-14
    4.19036e+03    1.19485e+04    1.36423e+04    6.88060e+02    5.27605e+03
     Coulomb-14        LJ (SR)  Disper. corr.   Coulomb (SR)   Coul. recip.
    6.21783e+04    1.31676e+05   -9.50941e+03   -1.17562e+06    6.67799e+03
      Potential    Kinetic En.   Total Energy  Conserved En.    Temperature
   -9.48851e+05    1.86488e+05   -7.62363e+05   -7.61573e+05    3.00370e+02
 Pres. DC (bar) Pressure (bar)      dVcoul/dl       dVvdw/dl    dVbonded/dl
   -2.15808e+02    2.68979e+01    0.00000e+00    0.00000e+00    0.00000e+00
   Constr. rmsd
    4.06202e-06


DD  step 1949 load imb.: force 50.6%  pme mesh/force 0.411
           Step           Time
           1950        3.90000

   Energies (kJ/mol)
           Bond          Angle    Proper Dih. Per. Imp. Dih.          LJ-14
    4.33401e+03    1.18897e+04    1.35779e+04    6.77790e+02    5.22041e+03
     Coulomb-14        LJ (SR)  Disper. corr.   Coulomb (SR)   Coul. recip.
    6.21187e+04    1.32284e+05   -9.50609e+03   -1.17599e+06    6.73332e+03
      Potential    Kinetic En.   Total Energy  Conserved En.    Temperature
   -9.48659e+05    1.86200e+05   -7.62459e+05   -7.61567e+05    2.99906e+02
 Pres. DC (bar) Pressure (bar)      dVcoul/dl       dVvdw/dl    dVbonded/dl
   -2.15658e+02    7.68043e+01    0.00000e+00    0.00000e+00    0.00000e+00
   Constr. rmsd
    3.87757e-06


DD  step 1999 load imb.: force 87.9%  pme mesh/force 0.501
           Step           Time
           2000        4.00000

   Energies (kJ/mol)
           Bond          Angle    Proper Dih. Per. Imp. Dih.          LJ-14
    4.30535e+03    1.16765e+04    1.37508e+04    7.13342e+02    5.22595e+03
     Coulomb-14        LJ (SR)  Disper. corr.   Coulomb (SR)   Coul. recip.
    6.21538e+04    1.31858e+05   -9.50354e+03   -1.17531e+06    6.63222e+03
      Potential    Kinetic En.   Total Energy  Conserved En.    Temperature
   -9.48493e+05    1.85426e+05   -7.63067e+05   -7.61545e+05    2.98659e+02
 Pres. DC (bar) Pressure (bar)      dVcoul/dl       dVvdw/dl    dVbonded/dl
   -2.15542e+02   -8.46568e+01    0.00000e+00    0.00000e+00    0.00000e+00
   Constr. rmsd
    3.91570e-06


DD  step 2049 load imb.: force 57.3%  pme mesh/force 0.427
           Step           Time
           2050        4.10000

   Energies (kJ/mol)
           Bond          Angle    Proper Dih. Per. Imp. Dih.          LJ-14
    4.33393e+03    1.14452e+04    1.35647e+04    6.64401e+02    5.36688e+03
     Coulomb-14        LJ (SR)  Disper. corr.   Coulomb (SR)   Coul. recip.
    6.20940e+04    1.32323e+05   -9.50410e+03   -1.17676e+06    6.63965e+03
      Potential    Kinetic En.   Total Energy  Conserved En.    Temperature
   -9.49836e+05    1.86224e+05   -7.63612e+05   -7.61575e+05    2.99944e+02
 Pres. DC (bar) Pressure (bar)      dVcoul/dl       dVvdw/dl    dVbonded/dl
   -2.15567e+02    9.76809e+01    0.00000e+00    0.00000e+00    0.00000e+00
   Constr. rmsd
    4.22813e-06


DD  step 2099 load imb.: force 60.0%  pme mesh/force 0.328
           Step           Time
           2100        4.20000

   Energies (kJ/mol)
           Bond          Angle    Proper Dih. Per. Imp. Dih.          LJ-14
    4.16143e+03    1.19656e+04    1.35548e+04    6.82805e+02    5.19186e+03
     Coulomb-14        LJ (SR)  Disper. corr.   Coulomb (SR)   Coul. recip.
    6.17973e+04    1.32222e+05   -9.50400e+03   -1.17603e+06    6.75238e+03
      Potential    Kinetic En.   Total Energy  Conserved En.    Temperature
   -9.49211e+05    1.85644e+05   -7.63566e+05   -7.61551e+05    2.99011e+02
 Pres. DC (bar) Pressure (bar)      dVcoul/dl       dVvdw/dl    dVbonded/dl
   -2.15563e+02   -1.98379e+01    0.00000e+00    0.00000e+00    0.00000e+00
   Constr. rmsd
    3.78026e-06


DD  step 2149 load imb.: force 33.7%  pme mesh/force 0.460
           Step           Time
           2150        4.30000

   Energies (kJ/mol)
           Bond          Angle    Proper Dih. Per. Imp. Dih.          LJ-14
    4.38604e+03    1.20546e+04    1.34301e+04    7.34460e+02    5.27403e+03
     Coulomb-14        LJ (SR)  Disper. corr.   Coulomb (SR)   Coul. recip.
    6.18201e+04    1.32070e+05   -9.50494e+03   -1.17543e+06    6.56925e+03
      Potential    Kinetic En.   Total Energy  Conserved En.    Temperature
   -9.48600e+05    1.85687e+05   -7.62913e+05   -7.61538e+05    2.99080e+02
 Pres. DC (bar) Pressure (bar)      dVcoul/dl       dVvdw/dl    dVbonded/dl
   -2.15606e+02    9.72204e+00    0.00000e+00    0.00000e+00    0.00000e+00
   Constr. rmsd
    4.17814e-06


DD  step 2199 load imb.: force 62.6%  pme mesh/force 0.349
           Step           Time
           2200        4.40000

   Energies (kJ/mol)
           Bond          Angle    Proper Dih. Per. Imp. Dih.          LJ-14
    4.36420e+03    1.18015e+04    1.35204e+04    6.93341e+02    5.14104e+03
     Coulomb-14        LJ (SR)  Disper. corr.   Coulomb (SR)   Coul. recip.
    6.20337e+04    1.33051e+05   -9.50644e+03   -1.17657e+06    6.69450e+03
      Potential    Kinetic En.   Total Energy  Conserved En.    Temperature
   -9.48782e+05    1.85867e+05   -7.62914e+05   -7.61530e+05    2.99369e+02
 Pres. DC (bar) Pressure (bar)      dVcoul/dl       dVvdw/dl    dVbonded/dl
   -2.15674e+02    1.64725e+01    0.00000e+00    0.00000e+00    0.00000e+00
   Constr. rmsd
    3.96839e-06


DD  step 2249 load imb.: force 46.8%  pme mesh/force 0.499
           Step           Time
           2250        4.50000

   Energies (kJ/mol)
           Bond          Angle    Proper Dih. Per. Imp. Dih.          LJ-14
    4.53673e+03    1.18694e+04    1.35281e+04    6.63027e+02    5.21616e+03
     Coulomb-14        LJ (SR)  Disper. corr.   Coulomb (SR)   Coul. recip.
    6.15663e+04    1.32681e+05   -9.50800e+03   -1.17714e+06    6.69884e+03
      Potential    Kinetic En.   Total Energy  Conserved En.    Temperature
   -9.49884e+05    1.87063e+05   -7.62821e+05   -7.61536e+05    3.01296e+02
 Pres. DC (bar) Pressure (bar)      dVcoul/dl       dVvdw/dl    dVbonded/dl
   -2.15744e+02    3.50574e+01    0.00000e+00    0.00000e+00    0.00000e+00
   Constr. rmsd
    3.93500e-06


DD  step 2299 load imb.: force 79.3%  pme mesh/force 0.437
           Step           Time
           2300        4.60000

   Energies (kJ/mol)
           Bond          Angle    Proper Dih. Per. Imp. Dih.          LJ-14
    4.38727e+03    1.20323e+04    1.35178e+04    6.74652e+02    5.12588e+03
     Coulomb-14        LJ (SR)  Disper. corr.   Coulomb (SR)   Coul. recip.
    6.17744e+04    1.32045e+05   -9.51025e+03   -1.17438e+06    6.57795e+03
      Potential    Kinetic En.   Total Energy  Conserved En.    Temperature
   -9.47757e+05    1.86150e+05   -7.61607e+05   -7.61561e+05    2.99826e+02
 Pres. DC (bar) Pressure (bar)      dVcoul/dl       dVvdw/dl    dVbonded/dl
   -2.15846e+02   -5.26855e+01    0.00000e+00    0.00000e+00    0.00000e+00
   Constr. rmsd
    3.79221e-06


DD  step 2349 load imb.: force 51.2%  pme mesh/force 0.487
           Step           Time
           2350        4.70000

   Energies (kJ/mol)
           Bond          Angle    Proper Dih. Per. Imp. Dih.          LJ-14
    4.61041e+03    1.18620e+04    1.35200e+04    7.37641e+02    5.15254e+03
     Coulomb-14        LJ (SR)  Disper. corr.   Coulomb (SR)   Coul. recip.
    6.18331e+04    1.33470e+05   -9.51194e+03   -1.17774e+06    6.51727e+03
      Potential    Kinetic En.   Total Energy  Conserved En.    Temperature
   -9.49551e+05    1.87354e+05   -7.62197e+05   -7.61533e+05    3.01765e+02
 Pres. DC (bar) Pressure (bar)      dVcoul/dl       dVvdw/dl    dVbonded/dl
   -2.15923e+02    5.20645e+01    0.00000e+00    0.00000e+00    0.00000e+00
   Constr. rmsd
    3.90878e-06


DD  step 2399 load imb.: force 54.8%  pme mesh/force 0.351
           Step           Time
           2400        4.80000

   Energies (kJ/mol)
           Bond          Angle    Proper Dih. Per. Imp. Dih.          LJ-14
    4.32372e+03    1.16895e+04    1.35138e+04    6.93004e+02    5.19668e+03
     Coulomb-14        LJ (SR)  Disper. corr.   Coulomb (SR)   Coul. recip.
    6.18474e+04    1.33431e+05   -9.50862e+03   -1.17766e+06    6.69925e+03
      Potential    Kinetic En.   Total Energy  Conserved En.    Temperature
   -9.49773e+05    1.86518e+05   -7.63255e+05   -7.61575e+05    3.00418e+02
 Pres. DC (bar) Pressure (bar)      dVcoul/dl       dVvdw/dl    dVbonded/dl
   -2.15772e+02    2.71939e+01    0.00000e+00    0.00000e+00    0.00000e+00
   Constr. rmsd
    3.89140e-06


DD  step 2449 load imb.: force 42.5%  pme mesh/force 0.437
           Step           Time
           2450        4.90000

   Energies (kJ/mol)
           Bond          Angle    Proper Dih. Per. Imp. Dih.          LJ-14
    4.32333e+03    1.18166e+04    1.34085e+04    6.18002e+02    5.26655e+03
     Coulomb-14        LJ (SR)  Disper. corr.   Coulomb (SR)   Coul. recip.
    6.19851e+04    1.31943e+05   -9.50265e+03   -1.17570e+06    6.62275e+03
      Potential    Kinetic En.   Total Energy  Conserved En.    Temperature
   -9.49215e+05    1.85138e+05   -7.64077e+05   -7.61565e+05    2.98195e+02
 Pres. DC (bar) Pressure (bar)      dVcoul/dl       dVvdw/dl    dVbonded/dl
   -2.15502e+02   -2.87244e+01    0.00000e+00    0.00000e+00    0.00000e+00
   Constr. rmsd
    3.87318e-06


DD  step 2499 load imb.: force 51.3%  pme mesh/force 0.328
           Step           Time
           2500        5.00000

Writing checkpoint, step 2500 at Tue Jan 27 18:29:23 2026


   Energies (kJ/mol)
           Bond          Angle    Proper Dih. Per. Imp. Dih.          LJ-14
    4.47445e+03    1.17922e+04    1.34788e+04    6.86680e+02    5.15436e+03
     Coulomb-14        LJ (SR)  Disper. corr.   Coulomb (SR)   Coul. recip.
    6.17343e+04    1.32958e+05   -9.49744e+03   -1.17653e+06    6.59571e+03
      Potential    Kinetic En.   Total Energy  Conserved En.    Temperature
   -9.49153e+05    1.85080e+05   -7.64073e+05   -7.61574e+05    2.98102e+02
 Pres. DC (bar) Pressure (bar)      dVcoul/dl       dVvdw/dl    dVbonded/dl
   -2.15266e+02   -3.02217e+01    0.00000e+00    0.00000e+00    0.00000e+00
   Constr. rmsd
    3.99966e-06


Energy conservation over simulation part #1 of length 5 ps, time 0 to 5 ps
  Conserved energy drift: -1.09e-04 kJ/mol/ps per atom


	<======  ###############  ==>
	<====  A V E R A G E S  ====>
	<==  ###############  ======>

	Statistics over 2501 steps using 51 frames

   Energies (kJ/mol)
           Bond          Angle    Proper Dih. Per. Imp. Dih.          LJ-14
    4.34105e+03    1.19778e+04    1.35956e+04    6.88389e+02    5.22415e+03
     Coulomb-14        LJ (SR)  Disper. corr.   Coulomb (SR)   Coul. recip.
    6.18697e+04    1.32465e+05   -9.47965e+03   -1.17483e+06    6.73012e+03
      Potential    Kinetic En.   Total Energy  Conserved En.    Temperature
   -9.47418e+05    1.86316e+05   -7.61102e+05   -7.61559e+05    3.00093e+02
 Pres. DC (bar) Pressure (bar)      dVcoul/dl       dVvdw/dl    dVbonded/dl
   -2.14463e+02    5.44242e+00    0.00000e+00    0.00000e+00    0.00000e+00
   Constr. rmsd
    0.00000e+00

          Box-X          Box-Y          Box-Z
    1.01292e+01    1.01292e+01    7.16245e+00

   Total Virial (kJ/mol)
    6.19855e+04    5.28705e+02    1.13061e+02
    5.32181e+02    6.18359e+04   -4.42042e+01
    1.14111e+02   -4.53494e+01    6.21366e+04

   Pressure (bar)
    2.83931e+00   -2.51647e+01   -3.49565e+00
   -2.53219e+01    1.55108e+01    2.50736e+00
   -3.54302e+00    2.55916e+00   -2.02287e+00


	M E G A - F L O P S   A C C O U N T I N G

 NB=Group-cutoff nonbonded kernels    NxN=N-by-N cluster Verlet kernels
 RF=Reaction-Field  VdW=Van der Waals  QSTab=quadratic-spline table
 W3=SPC/TIP3p  W4=TIP4p (single or pairs)
 V&F=Potential and force  V=Potential only  F=Force only

 Computing:                               M-Number         M-Flops  % Flops
-----------------------------------------------------------------------------
 Pair Search distance check            1655.667048       14901.003     0.1
 NxN Ewald Elec. + LJ [F]             75459.218352     4980308.411    49.0
 NxN Ewald Elec. + LJ [V&F]            1571.040368      168101.319     1.7
 NxN Ewald Elec. [F]                  64918.455952     3960025.813    38.9
 NxN Ewald Elec. [V&F]                 1351.612080      113535.415     1.1
 1,4 nonbonded interactions              35.751795        3217.662     0.0
 Calc Weights                           550.172481       19806.209     0.2
 Spread Q Bspline                     11737.012928       23474.026     0.2
 Gather F Bspline                     11737.012928       70422.078     0.7
 3D-FFT                               87424.255720      699394.046     6.9
 Solve PME                             1129.411584       72282.341     0.7
 Reset In Box                             3.593023          10.779     0.0
 CG-CoM                                   3.739677          11.219     0.0
 Bonds                                    6.897758         406.968     0.0
 Angles                                  24.799916        4166.386     0.0
 Propers                                 38.557917        8829.763     0.1
 Impropers                                2.603541         541.537     0.0
 Virial                                  37.097547         667.756     0.0
 Stop-CM                                  1.906502          19.065     0.0
 Calc-Ekin                               73.473654        1983.789     0.0
 Lincs                                    7.527855         451.671     0.0
 Lincs-Mat                               41.666928         166.668     0.0
 Constraint-V                           202.375674        1821.381     0.0
 Constraint-Vir                          39.032059         936.769     0.0
 Settle                                  62.439988       23102.796     0.2
-----------------------------------------------------------------------------
 Total                                                10168584.869   100.0
-----------------------------------------------------------------------------


    D O M A I N   D E C O M P O S I T I O N   S T A T I S T I C S

 av. #atoms communicated per step for force:  2 x 119711.6
 av. #atoms communicated per step for LINCS:  2 x 7549.3


Dynamic load balancing report:
 DLB was off during the run due to low measured imbalance.
 Average load imbalance: 42.2%.
 The balanceable part of the MD step is 60%, load imbalance is computed from this.
 Part of the total run time spent waiting due to load imbalance: 25.4%.
 Average PME mesh/force load: 0.415
 Part of the total run time spent waiting due to PP/PME imbalance: 17.7 %

NOTE: 25.4 % of the available CPU time was lost due to load imbalance
      in the domain decomposition.
      Dynamic load balancing was automatically disabled, but it might be beneficial to manually turn it on (option -dlb yes.)
      You can also consider manually changing the decomposition (option -dd);
      e.g. by using fewer domains along the box dimension in which there is
      considerable inhomogeneity in the simulated system.
NOTE: 17.7 % performance was lost because the PME ranks
      had less work to do than the PP ranks.
      You might want to decrease the number of PME ranks
      or decrease the cut-off and the grid spacing.


      R E A L   C Y C L E   A N D   T I M E   A C C O U N T I N G

On 16 MPI ranks doing PP, and
on 8 MPI ranks doing PME

 Activity:              Num   Num      Call    Wall time         Giga-Cycles
                        Ranks Threads  Count      (s)         total sum    %
--------------------------------------------------------------------------------
 Domain decomp.           16    1         50       0.163          8.022   0.4
 DD comm. load            16    1         50       0.000          0.019   0.0
 DD comm. bounds          16    1         17       0.002          0.117   0.0
 Send X to PME            16    1       2501       0.061          2.984   0.2
 Neighbor search          16    1         51       0.743         36.510   2.0
 Comm. coord.             16    1       2450       0.597         29.322   1.6
 Force                    16    1       2501      14.450        710.236  38.1
 Wait + Comm. F           16    1       2501       6.412        315.153  16.9
 PME mesh *                8    1       2501       8.611        211.621  11.4
 PME wait for PP *                                16.658        409.387  22.0
 Wait + Recv. PME F       16    1       2501       0.122          5.973   0.3
 NB X/F buffer ops.       16    1       7452       0.170          8.361   0.4
 Write traj.              16    1         51       0.217         10.642   0.6
 Update                   16    1       2501       0.057          2.795   0.2
 Constraints              16    1       2501       1.797         88.333   4.7
 Kinetic energy           16    1       1001       0.028          1.390   0.1
 Comm. energies           16    1        501       0.410         20.129   1.1
 Rest                                              0.041          2.015   0.1
--------------------------------------------------------------------------------
 Total                                            25.269       1863.003 100.0
--------------------------------------------------------------------------------
(*) Note that with separate PME ranks, the walltime column actually sums to
    twice the total reported, but the cycle count total and % are correct.
--------------------------------------------------------------------------------
 Breakdown of PME mesh activities
--------------------------------------------------------------------------------
 PME redist. X/F           8    1       5002       1.441         35.404   1.9
 PME spread                8    1       2501       1.587         39.014   2.1
 PME gather                8    1       2501       1.152         28.321   1.5
 PME 3D-FFT                8    1       5002       2.292         56.321   3.0
 PME 3D-FFT Comm.          8    1       5002       1.626         39.952   2.1
 PME solve Elec            8    1       2501       0.511         12.553   0.7
--------------------------------------------------------------------------------
 Note that the cycle count and % columns are weighted by the number of ranks,
 while walltimes are not. Hence, with separate PME ranks, the fraction of each
 activity's walltime does not correspond to the cycle %.
--------------------------------------------------------------------------------

               Core t (s)   Wall t (s)        (%)
       Time:      606.406       25.269     2399.8
                 (ns/day)    (hour/ns)
Performance:       17.103        1.403
Finished mdrun on rank 0 Tue Jan 27 18:29:23 2026

