                :-) GROMACS - gmx mdrun, 2025.4-conda_forge (-:

Copyright 1991-2025 The GROMACS Authors.
GROMACS is free software; you can redistribute it and/or modify it
under the terms of the GNU Lesser General Public License
as published by the Free Software Foundation; either version 2.1
of the License, or (at your option) any later version.

                         Current GROMACS contributors:
       Mark Abraham           Andrey Alekseenko           Brian Andrews       
      Vladimir Basov              Paul Bauer                Hugh Bird         
      Eliane Briand               Ania Brown              Mahesh Doijade      
      Giacomo Fiorin          Stefan Fleischmann          Sergey Gorelov      
   Gilles Gouaillardet            Alan Gray              M. Eric Irrgang      
   Farzaneh Jalalypour         Petter Johansson          Carsten Kutzner      
    Grzegorz Łazarski         Justin A. Lemkul          Magnus Lundborg      
       Pascal Merz             Vedran Miletić            Dmitry Morozov      
     Lukas Müllender            Julien Nabet             Szilárd Páll      
 Andrea Pasquadibisceglie     Michele Pellegrino         Nicola Piasentin     
     Daniele Rapetti         Muhammad Umair Sadiq         Hubert Santuz       
      Roland Schulz             Michael Shirts           Tatiana Shugaeva     
     Alexey Shvetsov            Philip Turner            Alessandra Villa     
 Sebastian Wingbermühle  

                         Previous GROMACS contributors:
        Emile Apol             Rossen Apostolov           James Barnett       
  Herman J.C. Berendsen         Cathrine Bergh             Par Bjelkmar       
      Christian Blau          Viacheslav Bolnykh            Kevin Boyd        
    Aldert van Buuren          Carlo Camilloni           Rudi van Drunen      
      Anton Feenstra           Oliver Fleetwood            Vytas Gapsys       
       Gaurav Garg             Gerrit Groenhof            Bert de Groot       
      Anca Hamuraru           Vincent Hindriksen          Victor Holanda      
     Aleksei Iupinov              Joe Jordan            Christoph Junghans    
    Prashanth Kanduri        Dimitrios Karkoulis           Peter Kasson       
      Sebastian Kehl           Sebastian Keller             Jiri Kraus        
       Per Larsson              Viveca Lindahl            Erik Marklund       
    Pieter Meulenhoff           Teemu Murtola              Sander Pronk       
      Alfons Sijbers            Balint Soproni         David van der Spoel    
      Peter Tieleman            Carsten Uphoff             Jon Vincent        
     Teemu Virolainen         Christian Wennberg           Maarten Wolf       
      Artem Zhmurov       

                  Coordinated by the GROMACS project leaders:
                           Berk Hess and Erik Lindahl

GROMACS:      gmx mdrun, version 2025.4-conda_forge
Executable:   /home/neil/miniconda3/envs/benchmark/bin.AVX2_256/gmx
Data prefix:  /home/neil/miniconda3/envs/benchmark
Working dir:  /home/neil/git/Oslo/VirtualScreen/Outputs/Covalent/RBFE_CX1_to_CX2/lambda00
Process ID:   92562
Command line:
  gmx mdrun -deffnm prod -v

GROMACS version:     2025.4-conda_forge
Precision:           mixed
Memory model:        64 bit
MPI library:         thread_mpi
OpenMP support:      enabled (GMX_OPENMP_MAX_THREADS = 128)
GPU support:         OpenCL
NBNxM GPU setup:     super-cluster 2x2x2 / cluster 8 (cluster-pair splitting on)
SIMD instructions:   AVX2_256
CPU FFT library:     fftw-3.3.10-sse2-avx
GPU FFT library:     clFFT
Multi-GPU FFT:       none
RDTSCP usage:        disabled
TNG support:         enabled
Hwloc support:       disabled
Tracing support:     disabled
C compiler:          /home/conda/feedstock_root/build_artifacts/gromacs_1764344590343/_build_env/bin/x86_64-conda-linux-gnu-cc GNU 14.3.0
C compiler flags:    -fexcess-precision=fast -funroll-all-loops -mavx2 -mfma -Wno-missing-field-initializers -O3 -DNDEBUG
C++ compiler:        /home/conda/feedstock_root/build_artifacts/gromacs_1764344590343/_build_env/bin/x86_64-conda-linux-gnu-c++ GNU 14.3.0
C++ compiler flags:  -fexcess-precision=fast -funroll-all-loops -mavx2 -mfma -Wno-missing-field-initializers -Wno-cast-function-type-strict SHELL:-fopenmp -O3 -DNDEBUG
BLAS library:        Internal
LAPACK library:      Internal
OpenCL include dir:  /home/neil/miniconda3/envs/benchmark/include
OpenCL library:      /home/neil/miniconda3/envs/benchmark/lib/libOpenCL.so
OpenCL version:      3.0


Running on 1 node with total 24 cores, 24 processing units, 0 compatible GPUs
Hardware detected on host almaaz:
  CPU info:
    Vendor: Intel
    Brand:  Intel(R) Core(TM) Ultra 9 285HX
    Family: 6   Model: 198   Stepping: 2
    Features: aes apic avx avx2 clfsh cmov cx8 cx16 f16c fma htt intel lahf mmx msr nonstop_tsc pcid pclmuldq pdcm pdpe1gb popcnt pse rdrnd rdtscp sha sse2 sse3 sse4.1 sse4.2 ssse3 tdt x2apic
  Hardware topology: Basic
    Packages, cores, and logical processors:
    [indices refer to OS logical processors]
      Package  0: [   0] [   1] [   2] [   3] [   4] [   5] [   6] [   7] [   8] [   9] [  10] [  11] [  12] [  13] [  14] [  15] [  16] [  17] [  18] [  19] [  20] [  21] [  22] [  23]
    CPU limit set by OS: -1   Recommended max number of threads: 24
  GPU info:
    Number of GPUs detected: 1
    #0: name: NVIDIA RTX PRO 5000 Blackwell Generation Laptop GPU, vendor: NVIDIA Corporation, device version: OpenCL 3.0 CUDA, status: incompatible (please use CUDA build for NVIDIA Volta GPUs or newer)

The current CPU can measure timings more accurately than the code in
gmx mdrun was configured to use. This might affect your simulation
speed as accurate timings are needed for load-balancing.
Please consider rebuilding gmx mdrun with the GMX_USE_RDTSCP=ON CMake option.

++++ PLEASE READ AND CITE THE FOLLOWING REFERENCE ++++
M. J. Abraham, T. Murtola, R. Schulz, S. Páll, J. C. Smith, B. Hess, E.
Lindahl
GROMACS: High performance molecular simulations through multi-level
parallelism from laptops to supercomputers
SoftwareX (2015)
DOI: 10.1016/j.softx.2015.06.001
-------- -------- --- Thank You --- -------- --------


++++ PLEASE READ AND CITE THE FOLLOWING REFERENCE ++++
S. Páll, M. J. Abraham, C. Kutzner, B. Hess, E. Lindahl
Tackling Exascale Software Challenges in Molecular Dynamics Simulations with
GROMACS
In S. Markidis & E. Laure (Eds.), Solving Software Challenges for Exascale (2015)
DOI: 10.1007/978-3-319-15976-8_1
-------- -------- --- Thank You --- -------- --------


++++ PLEASE READ AND CITE THE FOLLOWING REFERENCE ++++
S. Pronk, S. Páll, R. Schulz, P. Larsson, P. Bjelkmar, R. Apostolov, M. R.
Shirts, J. C. Smith, P. M. Kasson, D. van der Spoel, B. Hess, E. Lindahl
GROMACS 4.5: a high-throughput and highly parallel open source molecular
simulation toolkit
Bioinformatics (2013)
DOI: 10.1093/bioinformatics/btt055
-------- -------- --- Thank You --- -------- --------


++++ PLEASE READ AND CITE THE FOLLOWING REFERENCE ++++
B. Hess, C. Kutzner, D. van der Spoel, E. Lindahl
GROMACS 4: Algorithms for highly efficient, load-balanced, and scalable
molecular simulation
J. Chem. Theory Comput. (2008)
DOI: 10.1021/ct700301q
-------- -------- --- Thank You --- -------- --------


++++ PLEASE READ AND CITE THE FOLLOWING REFERENCE ++++
D. van der Spoel, E. Lindahl, B. Hess, G. Groenhof, A. E. Mark, H. J. C.
Berendsen
GROMACS: Fast, Flexible and Free
J. Comp. Chem. (2005)
DOI: 10.1002/jcc.20291
-------- -------- --- Thank You --- -------- --------


++++ PLEASE READ AND CITE THE FOLLOWING REFERENCE ++++
E. Lindahl, B. Hess, D. van der Spoel
GROMACS 3.0: A package for molecular simulation and trajectory analysis
J. Mol. Mod. (2001)
DOI: 10.1007/s008940100045
-------- -------- --- Thank You --- -------- --------


++++ PLEASE READ AND CITE THE FOLLOWING REFERENCE ++++
H. J. C. Berendsen, D. van der Spoel and R. van Drunen
GROMACS: A message-passing parallel molecular dynamics implementation
Comp. Phys. Comm. (1995)
DOI: 10.1016/0010-4655(95)00042-E
-------- -------- --- Thank You --- -------- --------

Input Parameters:
   integrator                     = md
   tinit                          = 0
   dt                             = 0.002
   nsteps                         = 2500
   init-step                      = 0
   simulation-part                = 1
   mts                            = false
   mass-repartition-factor        = 1
   comm-mode                      = Linear
   nstcomm                        = 100
   bd-fric                        = 0
   ld-seed                        = -202182725
   emtol                          = 10
   emstep                         = 0.01
   niter                          = 20
   fcstep                         = 0
   nstcgsteep                     = 1000
   nbfgscorr                      = 10
   rtpi                           = 0.05
   nstxout                        = 0
   nstvout                        = 0
   nstfout                        = 0
   nstlog                         = 50
   nstcalcenergy                  = 50
   nstenergy                      = 50
   nstxout-compressed             = 50
   compressed-x-precision         = 1000
   cutoff-scheme                  = Verlet
   nstlist                        = 20
   pbc                            = xyz
   periodic-molecules             = false
   verlet-buffer-tolerance        = 0.005
   verlet-buffer-pressure-tolerance = 0.5
   rlist                          = 1.027
   coulombtype                    = PME
   coulomb-modifier               = Potential-shift
   rcoulomb-switch                = 0
   rcoulomb                       = 1
   epsilon-r                      = 1
   epsilon-rf                     = inf
   vdw-type                       = Cut-off
   vdw-modifier                   = Potential-shift
   rvdw-switch                    = 0
   rvdw                           = 1
   DispCorr                       = EnerPres
   table-extension                = 1
   fourierspacing                 = 0.12
   fourier-nx                     = 96
   fourier-ny                     = 96
   fourier-nz                     = 96
   pme-order                      = 4
   ewald-rtol                     = 1e-05
   ewald-rtol-lj                  = 0.001
   lj-pme-comb-rule               = Geometric
   ewald-geometry                 = 3d
   epsilon-surface                = 0
   ensemble-temperature-setting   = constant
   ensemble-temperature           = 300
   tcoupl                         = V-rescale
   nsttcouple                     = 10
   nh-chain-length                = 0
   print-nose-hoover-chain-variables = false
   pcoupl                         = Parrinello-Rahman
   pcoupltype                     = Isotropic
   nstpcouple                     = 5
   tau-p                          = 2
   compressibility (3x3):
      compressibility[    0]={ 4.50000e-05,  0.00000e+00,  0.00000e+00}
      compressibility[    1]={ 0.00000e+00,  4.50000e-05,  0.00000e+00}
      compressibility[    2]={ 0.00000e+00,  0.00000e+00,  4.50000e-05}
   ref-p (3x3):
      ref-p[    0]={ 1.00000e+00,  0.00000e+00,  0.00000e+00}
      ref-p[    1]={ 0.00000e+00,  1.00000e+00,  0.00000e+00}
      ref-p[    2]={ 0.00000e+00,  0.00000e+00,  1.00000e+00}
   refcoord-scaling               = No
   posres-com: not available
   posres-comB: not available
   QMMM                           = false
qm-opts:
   ngQM                           = 0
   constraint-algorithm           = Lincs
   continuation                   = true
   Shake-SOR                      = false
   shake-tol                      = 0.0001
   lincs-order                    = 4
   lincs-iter                     = 1
   lincs-warnangle                = 30
   nwall                          = 0
   wall-type                      = 9-3
   wall-r-linpot                  = -1
   wall-atomtype[0]               = -1
   wall-atomtype[1]               = -1
   wall-density[0]                = 0
   wall-density[1]                = 0
   wall-ewald-zfac                = 3
   pull                           = false
   awh                            = false
   rotation                       = false
   interactiveMD                  = false
   disre                          = No
   disre-weighting                = Conservative
   disre-mixed                    = false
   dr-fc                          = 1000
   dr-tau                         = 0
   nstdisreout                    = 100
   orire-fc                       = 0
   orire-tau                      = 0
   nstorireout                    = 100
   free-energy                    = yes
   init-lambda                    = -1
   init-lambda-state              = 0
   delta-lambda                   = 0
   nstdhdl                        = 100
   n-lambdas                      = 14
   separate-dvdl:
       fep-lambdas =   FALSE
      mass-lambdas =   FALSE
      coul-lambdas =   TRUE
       vdw-lambdas =   TRUE
    bonded-lambdas =   TRUE
 restraint-lambdas =   FALSE
temperature-lambdas =   FALSE
all-lambdas:
       fep-lambdas =            0           0           0           0           0           0           0           0           0           0           0           0           0           0
      mass-lambdas =            0           0           0           0           0           0           0           0           0           0           0           0           0           0
      coul-lambdas =            0      0.0769      0.1538      0.2308      0.3077      0.3846      0.4615      0.5385      0.6154      0.6923      0.7692      0.8462      0.9231           1
       vdw-lambdas =            0      0.0769      0.1538      0.2308      0.3077      0.3846      0.4615      0.5385      0.6154      0.6923      0.7692      0.8462      0.9231           1
    bonded-lambdas =            0      0.0769      0.1538      0.2308      0.3077      0.3846      0.4615      0.5385      0.6154      0.6923      0.7692      0.8462      0.9231           1
 restraint-lambdas =            0           0           0           0           0           0           0           0           0           0           0           0           0           0
temperature-lambdas =            0           0           0           0           0           0           0           0           0           0           0           0           0           0
   calc-lambda-neighbors          = -1
   dhdl-print-energy              = no
   sc-alpha                       = 0.5
   sc-power                       = 1
   sc-r-power                     = 6
   sc-sigma                       = 0.3
   sc-sigma-min                   = 0.3
   sc-coul                        = true
   dh-hist-size                   = 0
   dh-hist-spacing                = 0.1
   separate-dhdl-file             = yes
   dhdl-derivatives               = yes
   sc-function                    = beutler
   sc-gapsys-scale-linpoint-lj    = 0.85
   sc-gapsys-scale-linpoint-q     = 0.3
   sc-gapsys-sigma-lj             = 0.3
   cos-acceleration               = 0
   deform (3x3):
      deform[    0]={ 0.00000e+00,  0.00000e+00,  0.00000e+00}
      deform[    1]={ 0.00000e+00,  0.00000e+00,  0.00000e+00}
      deform[    2]={ 0.00000e+00,  0.00000e+00,  0.00000e+00}
   simulated-tempering            = false
   swapcoords                     = no
   userint1                       = 0
   userint2                       = 0
   userint3                       = 0
   userint4                       = 0
   userreal1                      = 0
   userreal2                      = 0
   userreal3                      = 0
   userreal4                      = 0
   applied-forces:
     electric-field:
       x:
         E0                       = 0
         omega                    = 0
         t0                       = 0
         sigma                    = 0
       y:
         E0                       = 0
         omega                    = 0
         t0                       = 0
         sigma                    = 0
       z:
         E0                       = 0
         omega                    = 0
         t0                       = 0
         sigma                    = 0
     density-guided-simulation:
       active                     = false
       group                      = protein
       similarity-measure         = inner-product
       atom-spreading-weight      = unity
       force-constant             = 1e+09
       gaussian-transform-spreading-width = 0.2
       gaussian-transform-spreading-range-in-multiples-of-width = 4
       reference-density-filename = reference.mrc
       nst                        = 1
       normalize-densities        = true
       adaptive-force-scaling     = false
       adaptive-force-scaling-time-constant = 4
       shift-vector               = 
       transformation-matrix      = 
     qmmm-cp2k:
       active                     = false
       qmgroup                    = System
       qmmethod                   = PBE
       qmfilenames                = 
       qmcharge                   = 0
       qmmultiplicity             = 1
     colvars:
       active                     = false
       configfile                 = 
       seed                       = -1
     nnpot:
       active                     = false
       modelfile                  = model.pt
       input-group                = System
       model-input1               = 
       model-input2               = 
       model-input3               = 
       model-input4               = 
grpopts:
   nrdf:      149345
   ref-t:         300
   tau-t:         0.1
annealing:          No
annealing-npoints:           0
   acc:	           0           0           0
   nfreeze:           N           N           N
   energygrp-flags[  0]: 0

Changing nstlist from 20 to 50, rlist from 1.027 to 1.107


Update groups can not be used for this system because atoms that are (in)directly constrained together are interdispersed with other atoms

Initializing Domain Decomposition on 24 ranks
Dynamic load balancing: auto
Minimum cell size due to atom displacement: 0.473 nm
Initial maximum distances in bonded interactions:
    two-body bonded interactions: 0.427 nm, LJ-14, atoms 4148 4156
  multi-body bonded interactions: 0.427 nm, Proper Dih., atoms 4148 4156
Minimum cell size due to bonded interactions: 0.470 nm
Maximum distance for 5 constraints, at 120 deg. angles, all-trans: 0.220 nm
Estimated maximum distance required for P-LINCS: 0.220 nm
Scaling the initial minimum size with 1/0.8 (option -dds) = 1.25
Guess for relative PME load: 0.27
Will use 16 particle-particle and 8 PME only ranks
This is a guess, check the performance at the end of the log file
Using 8 separate PME ranks, as guessed by mdrun
Optimizing the DD grid for 16 cells with a minimum initial size of 0.591 nm
The maximum allowed number of cells is: X 14 Y 14 Z 12
Domain decomposition grid 8 x 2 x 1, separate PME ranks 8
PME domain decomposition: 8 x 1 x 1
Interleaving PP and PME ranks
This rank does only particle-particle work.
Domain decomposition rank 0, coordinates 0 0 0

The initial number of communication pulses is: X 2 Y 1
The initial domain decomposition cell size is: X 1.03 nm Y 4.14 nm

The maximum allowed distance for atoms involved in interactions is:
                 non-bonded interactions           1.107 nm
(the following are initial values, they could change due to box deformation)
            two-body bonded interactions  (-rdd)   1.107 nm
          multi-body bonded interactions  (-rdd)   1.035 nm
  atoms separated by up to 5 constraints  (-rcon)  1.035 nm

When dynamic load balancing gets turned on, these settings will change to:
The maximum number of communication pulses is: X 2 Y 1
The minimum size for domain decomposition cells is 0.752 nm
The requested allowed shrink of DD cells (option -dds) is: 0.80
The allowed shrink of domain decomposition cells is: X 0.73 Y 0.27
The maximum allowed distance for atoms involved in interactions is:
                 non-bonded interactions           1.107 nm
            two-body bonded interactions  (-rdd)   1.107 nm
          multi-body bonded interactions  (-rdd)   0.752 nm
  atoms separated by up to 5 constraints  (-rcon)  0.752 nm

Local state does not use filler particles

Using 24 MPI threads
Using 1 OpenMP thread per tMPI thread

System total charge, top. A: 0.000 top. B: 0.000
Will do PME sum in reciprocal space for electrostatic interactions.

++++ PLEASE READ AND CITE THE FOLLOWING REFERENCE ++++
U. Essmann, L. Perera, M. L. Berkowitz, T. Darden, H. Lee, L. G. Pedersen 
A smooth particle mesh Ewald method
J. Chem. Phys. (1995)
DOI: 10.1063/1.470117
-------- -------- --- Thank You --- -------- --------

Using a Gaussian width (1/beta) of 0.320163 nm for Ewald
Potential shift: LJ r^-12: -1.000e+00 r^-6: -1.000e+00, Ewald -1.000e-05
Initialized non-bonded Coulomb Ewald tables, spacing: 9.33e-04 size: 2260

Generated table with 1053 data points for 1-4 COUL.
Tabscale = 500 points/nm
Generated table with 1053 data points for 1-4 LJ6.
Tabscale = 500 points/nm
Generated table with 1053 data points for 1-4 LJ12.
Tabscale = 500 points/nm
Long Range LJ corr.: <C6> 3.0968e-04


Using SIMD4xM 4x8 nonbonded short-range kernels

Using a dual 4x8 pair-list setup updated with dynamic pruning:
  outer list: updated every 50 steps, buffer 0.107 nm, rlist 1.107 nm
  inner list: updated every 10 steps, buffer 0.000 nm, rlist 1.000 nm
At tolerance 0.005 kJ/mol/ps per atom, equivalent classical 1x1 list would be:
  outer list: updated every 50 steps, buffer 0.232 nm, rlist 1.232 nm
  inner list: updated every 10 steps, buffer 0.034 nm, rlist 1.034 nm

The average pressure is off by at most 0.44 bar due to missing LJ interactions

Using Lorentz-Berthelot Lennard-Jones combination rule
There are 0 atoms and 0 charges for free energy perturbation

Linking all bonded interactions to atoms


Pinning threads with an auto-selected logical cpu stride of 1

Initializing Parallel LINear Constraint Solver

++++ PLEASE READ AND CITE THE FOLLOWING REFERENCE ++++
B. Hess
P-LINCS: A Parallel Linear Constraint Solver for molecular simulation
J. Chem. Theory Comput. (2008)
DOI: 10.1021/ct700200b
-------- -------- --- Thank You --- -------- --------

The number of constraints is 2704
There are constraints between atoms in different decomposition domains,
will communicate selected coordinates each lincs iteration

++++ PLEASE READ AND CITE THE FOLLOWING REFERENCE ++++
S. Miyamoto, P. A. Kollman
SETTLE: An Analytical Version of the SHAKE and RATTLE Algorithms for Rigid
Water Models
J. Comp. Chem. (1992)
DOI: 10.1002/jcc.540130805
-------- -------- --- Thank You --- -------- --------

Intra-simulation communication will occur every 5 steps.
Initial vector of lambda components:[     0.0000     0.0000     0.0000     0.0000     0.0000     0.0000     0.0000 ]

++++ PLEASE READ AND CITE THE FOLLOWING REFERENCE ++++
G. Bussi, D. Donadio, M. Parrinello
Canonical sampling through velocity rescaling
J. Chem. Phys. (2007)
DOI: 10.1063/1.2408420
-------- -------- --- Thank You --- -------- --------

There are: 73327 Atoms
Atom distribution over 16 domains: av 4582 stddev 104 min 4507 max 4676
Center of mass motion removal mode is Linear
We have the following groups for center of mass motion removal:
  0:  rest

Started mdrun on rank 0 Tue Jan 27 18:23:05 2026

           Step           Time
              0        0.00000

   Energies (kJ/mol)
           Bond          Angle    Proper Dih. Per. Imp. Dih.          LJ-14
    4.20943e+03    1.19894e+04    1.35876e+04    6.72597e+02    5.34226e+03
     Coulomb-14        LJ (SR)  Disper. corr.   Coulomb (SR)   Coul. recip.
    6.18419e+04    1.32357e+05   -9.45043e+03   -1.17509e+06    6.74541e+03
      Potential    Kinetic En.   Total Energy  Conserved En.    Temperature
   -9.47798e+05    1.86913e+05   -7.60885e+05   -7.60841e+05    3.01054e+02
 Pres. DC (bar) Pressure (bar)      dVcoul/dl       dVvdw/dl    dVbonded/dl
   -2.13142e+02    3.61800e+01    0.00000e+00    0.00000e+00    0.00000e+00
   Constr. rmsd
    4.02221e-06


DD  step 49 load imb.: force 55.3%  pme mesh/force 0.358
           Step           Time
             50        0.10000

   Energies (kJ/mol)
           Bond          Angle    Proper Dih. Per. Imp. Dih.          LJ-14
    4.52615e+03    1.18056e+04    1.38047e+04    7.08904e+02    5.24240e+03
     Coulomb-14        LJ (SR)  Disper. corr.   Coulomb (SR)   Coul. recip.
    6.16840e+04    1.33498e+05   -9.44988e+03   -1.17614e+06    6.68298e+03
      Potential    Kinetic En.   Total Energy  Conserved En.    Temperature
   -9.47641e+05    1.86079e+05   -7.61561e+05   -7.60851e+05    2.99711e+02
 Pres. DC (bar) Pressure (bar)      dVcoul/dl       dVvdw/dl    dVbonded/dl
   -2.13118e+02   -5.43911e+01    0.00000e+00    0.00000e+00    0.00000e+00
   Constr. rmsd
    4.15309e-06


DD  step 99 load imb.: force 64.1%  pme mesh/force 0.317
           Step           Time
            100        0.20000

   Energies (kJ/mol)
           Bond          Angle    Proper Dih. Per. Imp. Dih.          LJ-14
    4.20751e+03    1.19991e+04    1.37208e+04    6.71823e+02    5.28359e+03
     Coulomb-14        LJ (SR)  Disper. corr.   Coulomb (SR)   Coul. recip.
    6.18141e+04    1.33317e+05   -9.44858e+03   -1.17601e+06    6.69199e+03
      Potential    Kinetic En.   Total Energy  Conserved En.    Temperature
   -9.47754e+05    1.85517e+05   -7.62238e+05   -7.60838e+05    2.98805e+02
 Pres. DC (bar) Pressure (bar)      dVcoul/dl       dVvdw/dl    dVbonded/dl
   -2.13059e+02    4.97387e+01    0.00000e+00    0.00000e+00    0.00000e+00
   Constr. rmsd
    4.07467e-06


DD  step 149 load imb.: force 63.3%  pme mesh/force 0.332

step 150 Turning on dynamic load balancing, because the performance loss due to load imbalance is 33.1 %.
           Step           Time
            150        0.30000

   Energies (kJ/mol)
           Bond          Angle    Proper Dih. Per. Imp. Dih.          LJ-14
    4.44873e+03    1.20569e+04    1.37243e+04    6.95416e+02    5.25708e+03
     Coulomb-14        LJ (SR)  Disper. corr.   Coulomb (SR)   Coul. recip.
    6.21208e+04    1.32376e+05   -9.44599e+03   -1.17576e+06    6.72554e+03
      Potential    Kinetic En.   Total Energy  Conserved En.    Temperature
   -9.47800e+05    1.86271e+05   -7.61529e+05   -7.60852e+05    3.00020e+02
 Pres. DC (bar) Pressure (bar)      dVcoul/dl       dVvdw/dl    dVbonded/dl
   -2.12942e+02   -9.66638e+01    0.00000e+00    0.00000e+00    0.00000e+00
   Constr. rmsd
    3.86850e-06


DD  step 199  vol min/aver 0.981  load imb.: force 52.2%  pme mesh/force 0.327
           Step           Time
            200        0.40000

   Energies (kJ/mol)
           Bond          Angle    Proper Dih. Per. Imp. Dih.          LJ-14
    4.43694e+03    1.25242e+04    1.36616e+04    7.15845e+02    5.22965e+03
     Coulomb-14        LJ (SR)  Disper. corr.   Coulomb (SR)   Coul. recip.
    6.17231e+04    1.32565e+05   -9.44558e+03   -1.17580e+06    6.67478e+03
      Potential    Kinetic En.   Total Energy  Conserved En.    Temperature
   -9.47713e+05    1.86194e+05   -7.61520e+05   -7.60834e+05    2.99896e+02
 Pres. DC (bar) Pressure (bar)      dVcoul/dl       dVvdw/dl    dVbonded/dl
   -2.12924e+02   -1.20444e+02    0.00000e+00    0.00000e+00    0.00000e+00
   Constr. rmsd
    3.96527e-06


DD  step 249  vol min/aver 0.881  load imb.: force 46.9%  pme mesh/force 0.374
           Step           Time
            250        0.50000

   Energies (kJ/mol)
           Bond          Angle    Proper Dih. Per. Imp. Dih.          LJ-14
    4.45513e+03    1.18749e+04    1.34907e+04    7.34881e+02    5.25946e+03
     Coulomb-14        LJ (SR)  Disper. corr.   Coulomb (SR)   Coul. recip.
    6.17175e+04    1.33485e+05   -9.44921e+03   -1.17587e+06    6.72248e+03
      Potential    Kinetic En.   Total Energy  Conserved En.    Temperature
   -9.47580e+05    1.84949e+05   -7.62631e+05   -7.60853e+05    2.97891e+02
 Pres. DC (bar) Pressure (bar)      dVcoul/dl       dVvdw/dl    dVbonded/dl
   -2.13087e+02   -9.61168e+01    0.00000e+00    0.00000e+00    0.00000e+00
   Constr. rmsd
    3.85827e-06


DD  step 299  vol min/aver 0.781  load imb.: force 36.3%  pme mesh/force 0.391
           Step           Time
            300        0.60000

   Energies (kJ/mol)
           Bond          Angle    Proper Dih. Per. Imp. Dih.          LJ-14
    4.38729e+03    1.21898e+04    1.36545e+04    7.30751e+02    5.22673e+03
     Coulomb-14        LJ (SR)  Disper. corr.   Coulomb (SR)   Coul. recip.
    6.17681e+04    1.34255e+05   -9.45446e+03   -1.17674e+06    6.63498e+03
      Potential    Kinetic En.   Total Energy  Conserved En.    Temperature
   -9.47344e+05    1.85473e+05   -7.61871e+05   -7.60851e+05    2.98735e+02
 Pres. DC (bar) Pressure (bar)      dVcoul/dl       dVvdw/dl    dVbonded/dl
   -2.13324e+02    8.53632e+01    0.00000e+00    0.00000e+00    0.00000e+00
   Constr. rmsd
    3.89758e-06


DD  load balancing is limited by minimum cell size in dimension X
DD  step 349  vol min/aver 0.706! load imb.: force 25.9%  pme mesh/force 0.425
           Step           Time
            350        0.70000

   Energies (kJ/mol)
           Bond          Angle    Proper Dih. Per. Imp. Dih.          LJ-14
    4.52024e+03    1.18511e+04    1.35399e+04    7.03301e+02    5.21512e+03
     Coulomb-14        LJ (SR)  Disper. corr.   Coulomb (SR)   Coul. recip.
    6.17738e+04    1.33393e+05   -9.45790e+03   -1.17572e+06    6.78476e+03
      Potential    Kinetic En.   Total Energy  Conserved En.    Temperature
   -9.47398e+05    1.85806e+05   -7.61592e+05   -7.60843e+05    2.99272e+02
 Pres. DC (bar) Pressure (bar)      dVcoul/dl       dVvdw/dl    dVbonded/dl
   -2.13479e+02   -4.89719e+01    0.00000e+00    0.00000e+00    0.00000e+00
   Constr. rmsd
    3.93804e-06


DD  load balancing is limited by minimum cell size in dimension X
DD  step 399  vol min/aver 0.663! load imb.: force 26.9%  pme mesh/force 0.440
           Step           Time
            400        0.80000

   Energies (kJ/mol)
           Bond          Angle    Proper Dih. Per. Imp. Dih.          LJ-14
    3.97437e+03    1.21042e+04    1.34958e+04    7.03692e+02    5.43615e+03
     Coulomb-14        LJ (SR)  Disper. corr.   Coulomb (SR)   Coul. recip.
    6.18976e+04    1.31078e+05   -9.46418e+03   -1.17508e+06    6.60748e+03
      Potential    Kinetic En.   Total Energy  Conserved En.    Temperature
   -9.49244e+05    1.87803e+05   -7.61441e+05   -7.60886e+05    3.02488e+02
 Pres. DC (bar) Pressure (bar)      dVcoul/dl       dVvdw/dl    dVbonded/dl
   -2.13762e+02   -5.65343e+01    0.00000e+00    0.00000e+00    0.00000e+00
   Constr. rmsd
    4.04147e-06


DD  load balancing is limited by minimum cell size in dimension X
DD  step 449  vol min/aver 0.620! load imb.: force 20.0%  pme mesh/force 0.461
           Step           Time
            450        0.90000

   Energies (kJ/mol)
           Bond          Angle    Proper Dih. Per. Imp. Dih.          LJ-14
    4.24831e+03    1.20924e+04    1.35279e+04    7.29162e+02    5.18336e+03
     Coulomb-14        LJ (SR)  Disper. corr.   Coulomb (SR)   Coul. recip.
    6.18083e+04    1.34584e+05   -9.47367e+03   -1.17819e+06    6.84631e+03
      Potential    Kinetic En.   Total Energy  Conserved En.    Temperature
   -9.48645e+05    1.86356e+05   -7.62289e+05   -7.60857e+05    3.00157e+02
 Pres. DC (bar) Pressure (bar)      dVcoul/dl       dVvdw/dl    dVbonded/dl
   -2.14191e+02    8.87090e+01    0.00000e+00    0.00000e+00    0.00000e+00
   Constr. rmsd
    3.98816e-06


DD  load balancing is limited by minimum cell size in dimension X
DD  step 499  vol min/aver 0.607! load imb.: force 15.7%  pme mesh/force 0.465
           Step           Time
            500        1.00000

   Energies (kJ/mol)
           Bond          Angle    Proper Dih. Per. Imp. Dih.          LJ-14
    4.27241e+03    1.19091e+04    1.34451e+04    6.91337e+02    5.30240e+03
     Coulomb-14        LJ (SR)  Disper. corr.   Coulomb (SR)   Coul. recip.
    6.18526e+04    1.35073e+05   -9.48196e+03   -1.17901e+06    6.73226e+03
      Potential    Kinetic En.   Total Energy  Conserved En.    Temperature
   -9.49214e+05    1.87725e+05   -7.61489e+05   -7.60860e+05    3.02362e+02
 Pres. DC (bar) Pressure (bar)      dVcoul/dl       dVvdw/dl    dVbonded/dl
   -2.14565e+02    1.15511e+02    0.00000e+00    0.00000e+00    0.00000e+00
   Constr. rmsd
    4.19635e-06


DD  load balancing is limited by minimum cell size in dimension X
DD  step 549  vol min/aver 0.612! load imb.: force 15.0%  pme mesh/force 0.461
           Step           Time
            550        1.10000

   Energies (kJ/mol)
           Bond          Angle    Proper Dih. Per. Imp. Dih.          LJ-14
    4.38572e+03    1.20217e+04    1.36554e+04    6.47201e+02    5.16712e+03
     Coulomb-14        LJ (SR)  Disper. corr.   Coulomb (SR)   Coul. recip.
    6.18588e+04    1.33762e+05   -9.48494e+03   -1.17604e+06    6.58102e+03
      Potential    Kinetic En.   Total Energy  Conserved En.    Temperature
   -9.47449e+05    1.86085e+05   -7.61364e+05   -7.60847e+05    2.99721e+02
 Pres. DC (bar) Pressure (bar)      dVcoul/dl       dVvdw/dl    dVbonded/dl
   -2.14700e+02    2.82466e+01    0.00000e+00    0.00000e+00    0.00000e+00
   Constr. rmsd
    3.88482e-06


DD  load balancing is limited by minimum cell size in dimension X
DD  step 599  vol min/aver 0.615! load imb.: force 10.0%  pme mesh/force 0.433
           Step           Time
            600        1.20000

   Energies (kJ/mol)
           Bond          Angle    Proper Dih. Per. Imp. Dih.          LJ-14
    4.25467e+03    1.21907e+04    1.37030e+04    7.37787e+02    5.32100e+03
     Coulomb-14        LJ (SR)  Disper. corr.   Coulomb (SR)   Coul. recip.
    6.16941e+04    1.33741e+05   -9.48672e+03   -1.17603e+06    6.73488e+03
      Potential    Kinetic En.   Total Energy  Conserved En.    Temperature
   -9.47141e+05    1.86428e+05   -7.60712e+05   -7.60823e+05    3.00274e+02
 Pres. DC (bar) Pressure (bar)      dVcoul/dl       dVvdw/dl    dVbonded/dl
   -2.14781e+02    1.34966e+02    0.00000e+00    0.00000e+00    0.00000e+00
   Constr. rmsd
    3.87373e-06


DD  load balancing is limited by minimum cell size in dimension X
DD  step 649  vol min/aver 0.634! load imb.: force 11.1%  pme mesh/force 0.461
           Step           Time
            650        1.30000

   Energies (kJ/mol)
           Bond          Angle    Proper Dih. Per. Imp. Dih.          LJ-14
    4.26346e+03    1.21530e+04    1.35568e+04    7.17012e+02    5.26133e+03
     Coulomb-14        LJ (SR)  Disper. corr.   Coulomb (SR)   Coul. recip.
    6.18556e+04    1.32740e+05   -9.48592e+03   -1.17488e+06    6.49347e+03
      Potential    Kinetic En.   Total Energy  Conserved En.    Temperature
   -9.47326e+05    1.85830e+05   -7.61496e+05   -7.60844e+05    2.99310e+02
 Pres. DC (bar) Pressure (bar)      dVcoul/dl       dVvdw/dl    dVbonded/dl
   -2.14745e+02    1.48205e+01    0.00000e+00    0.00000e+00    0.00000e+00
   Constr. rmsd
    3.98170e-06


DD  load balancing is limited by minimum cell size in dimension X
DD  step 699  vol min/aver 0.638! load imb.: force 10.0%  pme mesh/force 0.454
           Step           Time
            700        1.40000

   Energies (kJ/mol)
           Bond          Angle    Proper Dih. Per. Imp. Dih.          LJ-14
    4.38458e+03    1.21680e+04    1.38037e+04    6.55158e+02    5.10570e+03
     Coulomb-14        LJ (SR)  Disper. corr.   Coulomb (SR)   Coul. recip.
    6.17594e+04    1.31699e+05   -9.48435e+03   -1.17342e+06    6.71299e+03
      Potential    Kinetic En.   Total Energy  Conserved En.    Temperature
   -9.46612e+05    1.85473e+05   -7.61139e+05   -7.60823e+05    2.98735e+02
 Pres. DC (bar) Pressure (bar)      dVcoul/dl       dVvdw/dl    dVbonded/dl
   -2.14673e+02   -1.29248e+02    0.00000e+00    0.00000e+00    0.00000e+00
   Constr. rmsd
    3.85499e-06


DD  load balancing is limited by minimum cell size in dimension X
DD  step 749  vol min/aver 0.647! load imb.: force  4.1%  pme mesh/force 0.452
           Step           Time
            750        1.50000

   Energies (kJ/mol)
           Bond          Angle    Proper Dih. Per. Imp. Dih.          LJ-14
    4.52331e+03    1.19474e+04    1.35744e+04    6.58464e+02    5.18189e+03
     Coulomb-14        LJ (SR)  Disper. corr.   Coulomb (SR)   Coul. recip.
    6.19152e+04    1.32557e+05   -9.48496e+03   -1.17489e+06    6.79406e+03
      Potential    Kinetic En.   Total Energy  Conserved En.    Temperature
   -9.47220e+05    1.86256e+05   -7.60964e+05   -7.60825e+05    2.99995e+02
 Pres. DC (bar) Pressure (bar)      dVcoul/dl       dVvdw/dl    dVbonded/dl
   -2.14701e+02    1.54184e+01    0.00000e+00    0.00000e+00    0.00000e+00
   Constr. rmsd
    3.87270e-06


DD  load balancing is limited by minimum cell size in dimension X
DD  step 799  vol min/aver 0.663! load imb.: force  5.6%  pme mesh/force 0.457
           Step           Time
            800        1.60000

   Energies (kJ/mol)
           Bond          Angle    Proper Dih. Per. Imp. Dih.          LJ-14
    4.31798e+03    1.19637e+04    1.36698e+04    6.75661e+02    5.35868e+03
     Coulomb-14        LJ (SR)  Disper. corr.   Coulomb (SR)   Coul. recip.
    6.19350e+04    1.32419e+05   -9.48761e+03   -1.17513e+06    6.65662e+03
      Potential    Kinetic En.   Total Energy  Conserved En.    Temperature
   -9.47619e+05    1.86560e+05   -7.61059e+05   -7.60843e+05    3.00485e+02
 Pres. DC (bar) Pressure (bar)      dVcoul/dl       dVvdw/dl    dVbonded/dl
   -2.14821e+02    3.53132e+01    0.00000e+00    0.00000e+00    0.00000e+00
   Constr. rmsd
    3.97855e-06


DD  load balancing is limited by minimum cell size in dimension X
DD  step 849  vol min/aver 0.673! load imb.: force  6.0%  pme mesh/force 0.458
           Step           Time
            850        1.70000

   Energies (kJ/mol)
           Bond          Angle    Proper Dih. Per. Imp. Dih.          LJ-14
    4.23861e+03    1.18945e+04    1.35799e+04    6.57452e+02    5.27993e+03
     Coulomb-14        LJ (SR)  Disper. corr.   Coulomb (SR)   Coul. recip.
    6.18774e+04    1.33539e+05   -9.49033e+03   -1.17686e+06    6.72565e+03
      Potential    Kinetic En.   Total Energy  Conserved En.    Temperature
   -9.48555e+05    1.86851e+05   -7.61704e+05   -7.60847e+05    3.00954e+02
 Pres. DC (bar) Pressure (bar)      dVcoul/dl       dVvdw/dl    dVbonded/dl
   -2.14944e+02    1.18869e+02    0.00000e+00    0.00000e+00    0.00000e+00
   Constr. rmsd
    3.78859e-06


DD  load balancing is limited by minimum cell size in dimension X
DD  step 899  vol min/aver 0.678! load imb.: force  3.9%  pme mesh/force 0.465
           Step           Time
            900        1.80000

   Energies (kJ/mol)
           Bond          Angle    Proper Dih. Per. Imp. Dih.          LJ-14
    4.36422e+03    1.17289e+04    1.34781e+04    6.81937e+02    5.22280e+03
     Coulomb-14        LJ (SR)  Disper. corr.   Coulomb (SR)   Coul. recip.
    6.19266e+04    1.34027e+05   -9.49171e+03   -1.17664e+06    6.93410e+03
      Potential    Kinetic En.   Total Energy  Conserved En.    Temperature
   -9.47765e+05    1.86996e+05   -7.60770e+05   -7.60862e+05    3.01187e+02
 Pres. DC (bar) Pressure (bar)      dVcoul/dl       dVvdw/dl    dVbonded/dl
   -2.15006e+02    8.61658e+01    0.00000e+00    0.00000e+00    0.00000e+00
   Constr. rmsd
    3.93181e-06


DD  load balancing is limited by minimum cell size in dimension X
DD  step 949  vol min/aver 0.685! load imb.: force 23.0%  pme mesh/force 0.498
           Step           Time
            950        1.90000

   Energies (kJ/mol)
           Bond          Angle    Proper Dih. Per. Imp. Dih.          LJ-14
    4.39471e+03    1.18643e+04    1.35746e+04    6.79352e+02    5.25946e+03
     Coulomb-14        LJ (SR)  Disper. corr.   Coulomb (SR)   Coul. recip.
    6.17638e+04    1.31867e+05   -9.49010e+03   -1.17401e+06    6.62842e+03
      Potential    Kinetic En.   Total Energy  Conserved En.    Temperature
   -9.47467e+05    1.86745e+05   -7.60722e+05   -7.60822e+05    3.00784e+02
 Pres. DC (bar) Pressure (bar)      dVcoul/dl       dVvdw/dl    dVbonded/dl
   -2.14933e+02   -4.31922e+01    0.00000e+00    0.00000e+00    0.00000e+00
   Constr. rmsd
    4.05144e-06


DD  load balancing is limited by minimum cell size in dimension X
DD  step 999  vol min/aver 0.686! load imb.: force 11.3%  pme mesh/force 0.473
           Step           Time
           1000        2.00000

   Energies (kJ/mol)
           Bond          Angle    Proper Dih. Per. Imp. Dih.          LJ-14
    4.36075e+03    1.18787e+04    1.35693e+04    7.00133e+02    5.22184e+03
     Coulomb-14        LJ (SR)  Disper. corr.   Coulomb (SR)   Coul. recip.
    6.18572e+04    1.34103e+05   -9.48808e+03   -1.17749e+06    6.82240e+03
      Potential    Kinetic En.   Total Energy  Conserved En.    Temperature
   -9.48461e+05    1.86281e+05   -7.62180e+05   -7.60856e+05    3.00036e+02
 Pres. DC (bar) Pressure (bar)      dVcoul/dl       dVvdw/dl    dVbonded/dl
   -2.14842e+02    6.67497e+01    0.00000e+00    0.00000e+00    0.00000e+00
   Constr. rmsd
    3.90272e-06


DD  load balancing is limited by minimum cell size in dimension X
DD  step 1049  vol min/aver 0.689! load imb.: force  8.0%  pme mesh/force 0.520
           Step           Time
           1050        2.10000

   Energies (kJ/mol)
           Bond          Angle    Proper Dih. Per. Imp. Dih.          LJ-14
    4.40629e+03    1.20622e+04    1.33844e+04    6.13679e+02    5.06657e+03
     Coulomb-14        LJ (SR)  Disper. corr.   Coulomb (SR)   Coul. recip.
    6.16429e+04    1.34360e+05   -9.48551e+03   -1.17687e+06    6.68147e+03
      Potential    Kinetic En.   Total Energy  Conserved En.    Temperature
   -9.48141e+05    1.84931e+05   -7.63210e+05   -7.60842e+05    2.97862e+02
 Pres. DC (bar) Pressure (bar)      dVcoul/dl       dVvdw/dl    dVbonded/dl
   -2.14726e+02    3.01151e+01    0.00000e+00    0.00000e+00    0.00000e+00
   Constr. rmsd
    3.80433e-06


DD  load balancing is limited by minimum cell size in dimension X
DD  step 1099  vol min/aver 0.684! load imb.: force 24.8%  pme mesh/force 0.553
           Step           Time
           1100        2.20000

   Energies (kJ/mol)
           Bond          Angle    Proper Dih. Per. Imp. Dih.          LJ-14
    4.42436e+03    1.18071e+04    1.34367e+04    6.69763e+02    5.23254e+03
     Coulomb-14        LJ (SR)  Disper. corr.   Coulomb (SR)   Coul. recip.
    6.18870e+04    1.32808e+05   -9.48107e+03   -1.17672e+06    6.62572e+03
      Potential    Kinetic En.   Total Energy  Conserved En.    Temperature
   -9.49307e+05    1.85816e+05   -7.63491e+05   -7.60855e+05    2.99287e+02
 Pres. DC (bar) Pressure (bar)      dVcoul/dl       dVvdw/dl    dVbonded/dl
   -2.14525e+02   -1.11301e+02    0.00000e+00    0.00000e+00    0.00000e+00
   Constr. rmsd
    3.88223e-06


DD  load balancing is limited by minimum cell size in dimension X
DD  step 1149  vol min/aver 0.693! load imb.: force 21.9%  pme mesh/force 0.503
           Step           Time
           1150        2.30000

   Energies (kJ/mol)
           Bond          Angle    Proper Dih. Per. Imp. Dih.          LJ-14
    4.26168e+03    1.21604e+04    1.34317e+04    6.01629e+02    5.26677e+03
     Coulomb-14        LJ (SR)  Disper. corr.   Coulomb (SR)   Coul. recip.
    6.17899e+04    1.32553e+05   -9.47643e+03   -1.17776e+06    6.62382e+03
      Potential    Kinetic En.   Total Energy  Conserved En.    Temperature
   -9.50548e+05    1.86948e+05   -7.63600e+05   -7.60835e+05    3.01111e+02
 Pres. DC (bar) Pressure (bar)      dVcoul/dl       dVvdw/dl    dVbonded/dl
   -2.14316e+02   -5.35252e+01    0.00000e+00    0.00000e+00    0.00000e+00
   Constr. rmsd
    3.98500e-06


DD  load balancing is limited by minimum cell size in dimension X
DD  step 1199  vol min/aver 0.660! load imb.: force 34.2%  pme mesh/force 0.768
           Step           Time
           1200        2.40000

   Energies (kJ/mol)
           Bond          Angle    Proper Dih. Per. Imp. Dih.          LJ-14
    4.25492e+03    1.20468e+04    1.34009e+04    6.45740e+02    5.26999e+03
     Coulomb-14        LJ (SR)  Disper. corr.   Coulomb (SR)   Coul. recip.
    6.16168e+04    1.33480e+05   -9.47492e+03   -1.17678e+06    6.75369e+03
      Potential    Kinetic En.   Total Energy  Conserved En.    Temperature
   -9.48788e+05    1.85623e+05   -7.63165e+05   -7.60824e+05    2.98977e+02
 Pres. DC (bar) Pressure (bar)      dVcoul/dl       dVvdw/dl    dVbonded/dl
   -2.14247e+02    7.56690e+01    0.00000e+00    0.00000e+00    0.00000e+00
   Constr. rmsd
    3.85404e-06


DD  load balancing is limited by minimum cell size in dimension X
DD  step 1249  vol min/aver 0.645! load imb.: force 17.0%  pme mesh/force 0.563
           Step           Time
           1250        2.50000

   Energies (kJ/mol)
           Bond          Angle    Proper Dih. Per. Imp. Dih.          LJ-14
    4.44826e+03    1.18197e+04    1.35000e+04    7.12414e+02    5.22851e+03
     Coulomb-14        LJ (SR)  Disper. corr.   Coulomb (SR)   Coul. recip.
    6.18238e+04    1.33061e+05   -9.47323e+03   -1.17629e+06    6.65111e+03
      Potential    Kinetic En.   Total Energy  Conserved En.    Temperature
   -9.48518e+05    1.86000e+05   -7.62518e+05   -7.60859e+05    2.99584e+02
 Pres. DC (bar) Pressure (bar)      dVcoul/dl       dVvdw/dl    dVbonded/dl
   -2.14171e+02    2.09250e+01    0.00000e+00    0.00000e+00    0.00000e+00
   Constr. rmsd
    4.18455e-06


DD  load balancing is limited by minimum cell size in dimension X
DD  step 1299  vol min/aver 0.646! load imb.: force 32.5%  pme mesh/force 0.497
           Step           Time
           1300        2.60000

   Energies (kJ/mol)
           Bond          Angle    Proper Dih. Per. Imp. Dih.          LJ-14
    4.42614e+03    1.18109e+04    1.34175e+04    6.97213e+02    5.13642e+03
     Coulomb-14        LJ (SR)  Disper. corr.   Coulomb (SR)   Coul. recip.
    6.18677e+04    1.32785e+05   -9.47127e+03   -1.17474e+06    6.74987e+03
      Potential    Kinetic En.   Total Energy  Conserved En.    Temperature
   -9.47318e+05    1.85706e+05   -7.61612e+05   -7.60819e+05    2.99111e+02
 Pres. DC (bar) Pressure (bar)      dVcoul/dl       dVvdw/dl    dVbonded/dl
   -2.14082e+02   -7.24103e+01    0.00000e+00    0.00000e+00    0.00000e+00
   Constr. rmsd
    3.90986e-06


DD  load balancing is limited by minimum cell size in dimension X
DD  step 1349  vol min/aver 0.610! load imb.: force 35.4%  pme mesh/force 0.550
           Step           Time
           1350        2.70000

   Energies (kJ/mol)
           Bond          Angle    Proper Dih. Per. Imp. Dih.          LJ-14
    4.35500e+03    1.19444e+04    1.34212e+04    6.59670e+02    5.20245e+03
     Coulomb-14        LJ (SR)  Disper. corr.   Coulomb (SR)   Coul. recip.
    6.20179e+04    1.31571e+05   -9.47022e+03   -1.17398e+06    6.67597e+03
      Potential    Kinetic En.   Total Energy  Conserved En.    Temperature
   -9.47600e+05    1.86522e+05   -7.61078e+05   -7.60821e+05    3.00425e+02
 Pres. DC (bar) Pressure (bar)      dVcoul/dl       dVvdw/dl    dVbonded/dl
   -2.14035e+02   -6.11795e+01    0.00000e+00    0.00000e+00    0.00000e+00
   Constr. rmsd
    3.84082e-06


DD  load balancing is limited by minimum cell size in dimension X
DD  step 1399  vol min/aver 0.590! load imb.: force 32.7%  pme mesh/force 0.467
           Step           Time
           1400        2.80000

   Energies (kJ/mol)
           Bond          Angle    Proper Dih. Per. Imp. Dih.          LJ-14
    4.38295e+03    1.18694e+04    1.35238e+04    6.63603e+02    5.23023e+03
     Coulomb-14        LJ (SR)  Disper. corr.   Coulomb (SR)   Coul. recip.
    6.18784e+04    1.32584e+05   -9.47201e+03   -1.17459e+06    6.59420e+03
      Potential    Kinetic En.   Total Energy  Conserved En.    Temperature
   -9.47337e+05    1.86826e+05   -7.60511e+05   -7.60856e+05    3.00914e+02
 Pres. DC (bar) Pressure (bar)      dVcoul/dl       dVvdw/dl    dVbonded/dl
   -2.14116e+02   -6.14890e+01    0.00000e+00    0.00000e+00    0.00000e+00
   Constr. rmsd
    3.93034e-06


DD  load balancing is limited by minimum cell size in dimension X
DD  step 1449  vol min/aver 0.568! load imb.: force 22.2%  pme mesh/force 0.471
           Step           Time
           1450        2.90000

   Energies (kJ/mol)
           Bond          Angle    Proper Dih. Per. Imp. Dih.          LJ-14
    4.37821e+03    1.19893e+04    1.33514e+04    6.45122e+02    5.33406e+03
     Coulomb-14        LJ (SR)  Disper. corr.   Coulomb (SR)   Coul. recip.
    6.19047e+04    1.32609e+05   -9.47517e+03   -1.17426e+06    6.69801e+03
      Potential    Kinetic En.   Total Energy  Conserved En.    Temperature
   -9.46831e+05    1.87305e+05   -7.59525e+05   -7.60820e+05    3.01686e+02
 Pres. DC (bar) Pressure (bar)      dVcoul/dl       dVvdw/dl    dVbonded/dl
   -2.14258e+02    5.98485e+01    0.00000e+00    0.00000e+00    0.00000e+00
   Constr. rmsd
    3.98697e-06


DD  load balancing is limited by minimum cell size in dimension X
DD  step 1499  vol min/aver 0.564! load imb.: force 22.4%  pme mesh/force 0.498
           Step           Time
           1500        3.00000

   Energies (kJ/mol)
           Bond          Angle    Proper Dih. Per. Imp. Dih.          LJ-14
    4.34245e+03    1.18695e+04    1.35259e+04    7.18032e+02    5.14964e+03
     Coulomb-14        LJ (SR)  Disper. corr.   Coulomb (SR)   Coul. recip.
    6.20208e+04    1.33300e+05   -9.47631e+03   -1.17534e+06    6.75893e+03
      Potential    Kinetic En.   Total Energy  Conserved En.    Temperature
   -9.47132e+05    1.86517e+05   -7.60614e+05   -7.60852e+05    3.00417e+02
 Pres. DC (bar) Pressure (bar)      dVcoul/dl       dVvdw/dl    dVbonded/dl
   -2.14310e+02    8.88990e+00    0.00000e+00    0.00000e+00    0.00000e+00
   Constr. rmsd
    3.98138e-06


DD  load balancing is limited by minimum cell size in dimension X
DD  step 1549  vol min/aver 0.562! load imb.: force 14.3%  pme mesh/force 0.555
           Step           Time
           1550        3.10000

   Energies (kJ/mol)
           Bond          Angle    Proper Dih. Per. Imp. Dih.          LJ-14
    4.41665e+03    1.19348e+04    1.35006e+04    6.25497e+02    5.22458e+03
     Coulomb-14        LJ (SR)  Disper. corr.   Coulomb (SR)   Coul. recip.
    6.18681e+04    1.30726e+05   -9.47810e+03   -1.17237e+06    6.77213e+03
      Potential    Kinetic En.   Total Energy  Conserved En.    Temperature
   -9.46775e+05    1.85501e+05   -7.61274e+05   -7.60832e+05    2.98780e+02
 Pres. DC (bar) Pressure (bar)      dVcoul/dl       dVvdw/dl    dVbonded/dl
   -2.14391e+02   -9.21788e+01    0.00000e+00    0.00000e+00    0.00000e+00
   Constr. rmsd
    3.94208e-06


DD  load balancing is limited by minimum cell size in dimension X
DD  step 1599  vol min/aver 0.581! load imb.: force 40.5%  pme mesh/force 0.566
           Step           Time
           1600        3.20000

   Energies (kJ/mol)
           Bond          Angle    Proper Dih. Per. Imp. Dih.          LJ-14
    4.23653e+03    1.18462e+04    1.36202e+04    7.21122e+02    5.30590e+03
     Coulomb-14        LJ (SR)  Disper. corr.   Coulomb (SR)   Coul. recip.
    6.20902e+04    1.32096e+05   -9.48371e+03   -1.17386e+06    6.71623e+03
      Potential    Kinetic En.   Total Energy  Conserved En.    Temperature
   -9.46713e+05    1.86309e+05   -7.60404e+05   -7.60827e+05    3.00081e+02
 Pres. DC (bar) Pressure (bar)      dVcoul/dl       dVvdw/dl    dVbonded/dl
   -2.14645e+02    6.31813e+01    0.00000e+00    0.00000e+00    0.00000e+00
   Constr. rmsd
    3.99296e-06


DD  load balancing is limited by minimum cell size in dimension X
DD  step 1649  vol min/aver 0.608! load imb.: force 20.9%  pme mesh/force 0.583
           Step           Time
           1650        3.30000

   Energies (kJ/mol)
           Bond          Angle    Proper Dih. Per. Imp. Dih.          LJ-14
    4.40490e+03    1.15915e+04    1.36057e+04    6.68122e+02    5.19767e+03
     Coulomb-14        LJ (SR)  Disper. corr.   Coulomb (SR)   Coul. recip.
    6.19629e+04    1.33667e+05   -9.48874e+03   -1.17615e+06    6.67470e+03
      Potential    Kinetic En.   Total Energy  Conserved En.    Temperature
   -9.47870e+05    1.87471e+05   -7.60400e+05   -7.60857e+05    3.01952e+02
 Pres. DC (bar) Pressure (bar)      dVcoul/dl       dVvdw/dl    dVbonded/dl
   -2.14872e+02    6.79090e+01    0.00000e+00    0.00000e+00    0.00000e+00
   Constr. rmsd
    4.18238e-06


DD  load balancing is limited by minimum cell size in dimension X
DD  step 1699  vol min/aver 0.633! load imb.: force 12.8%  pme mesh/force 0.488
           Step           Time
           1700        3.40000

   Energies (kJ/mol)
           Bond          Angle    Proper Dih. Per. Imp. Dih.          LJ-14
    4.20153e+03    1.20975e+04    1.36904e+04    6.86334e+02    5.37436e+03
     Coulomb-14        LJ (SR)  Disper. corr.   Coulomb (SR)   Coul. recip.
    6.21228e+04    1.33018e+05   -9.49107e+03   -1.17572e+06    6.70190e+03
      Potential    Kinetic En.   Total Energy  Conserved En.    Temperature
   -9.47319e+05    1.86523e+05   -7.60796e+05   -7.60838e+05    3.00426e+02
 Pres. DC (bar) Pressure (bar)      dVcoul/dl       dVvdw/dl    dVbonded/dl
   -2.14977e+02    1.11668e+02    0.00000e+00    0.00000e+00    0.00000e+00
   Constr. rmsd
    3.89181e-06


DD  load balancing is limited by minimum cell size in dimension X
DD  step 1749  vol min/aver 0.649! load imb.: force 18.0%  pme mesh/force 0.491
           Step           Time
           1750        3.50000

   Energies (kJ/mol)
           Bond          Angle    Proper Dih. Per. Imp. Dih.          LJ-14
    4.41172e+03    1.20180e+04    1.36444e+04    6.24457e+02    5.22726e+03
     Coulomb-14        LJ (SR)  Disper. corr.   Coulomb (SR)   Coul. recip.
    6.18188e+04    1.31858e+05   -9.49165e+03   -1.17389e+06    6.66757e+03
      Potential    Kinetic En.   Total Energy  Conserved En.    Temperature
   -9.47111e+05    1.85816e+05   -7.61295e+05   -7.60850e+05    2.99287e+02
 Pres. DC (bar) Pressure (bar)      dVcoul/dl       dVvdw/dl    dVbonded/dl
   -2.15004e+02   -1.07803e+01    0.00000e+00    0.00000e+00    0.00000e+00
   Constr. rmsd
    3.99965e-06


DD  load balancing is limited by minimum cell size in dimension X
DD  step 1799  vol min/aver 0.647! load imb.: force 17.5%  pme mesh/force 0.474
           Step           Time
           1800        3.60000

   Energies (kJ/mol)
           Bond          Angle    Proper Dih. Per. Imp. Dih.          LJ-14
    4.34560e+03    1.18554e+04    1.36997e+04    7.36429e+02    5.21507e+03
     Coulomb-14        LJ (SR)  Disper. corr.   Coulomb (SR)   Coul. recip.
    6.20878e+04    1.32251e+05   -9.49073e+03   -1.17597e+06    6.67150e+03
      Potential    Kinetic En.   Total Energy  Conserved En.    Temperature
   -9.48597e+05    1.87991e+05   -7.60606e+05   -7.60846e+05    3.02790e+02
 Pres. DC (bar) Pressure (bar)      dVcoul/dl       dVvdw/dl    dVbonded/dl
   -2.14962e+02   -3.04677e+01    0.00000e+00    0.00000e+00    0.00000e+00
   Constr. rmsd
    3.93387e-06


DD  load balancing is limited by minimum cell size in dimension X
DD  step 1849  vol min/aver 0.631! load imb.: force 18.4%  pme mesh/force 0.405
           Step           Time
           1850        3.70000

   Energies (kJ/mol)
           Bond          Angle    Proper Dih. Per. Imp. Dih.          LJ-14
    4.29662e+03    1.18415e+04    1.37185e+04    7.07669e+02    5.24172e+03
     Coulomb-14        LJ (SR)  Disper. corr.   Coulomb (SR)   Coul. recip.
    6.19335e+04    1.31925e+05   -9.48857e+03   -1.17487e+06    6.72343e+03
      Potential    Kinetic En.   Total Energy  Conserved En.    Temperature
   -9.47974e+05    1.86218e+05   -7.61756e+05   -7.60835e+05    2.99935e+02
 Pres. DC (bar) Pressure (bar)      dVcoul/dl       dVvdw/dl    dVbonded/dl
   -2.14864e+02    6.27394e+00    0.00000e+00    0.00000e+00    0.00000e+00
   Constr. rmsd
    3.82450e-06


DD  load balancing is limited by minimum cell size in dimension X
DD  step 1899  vol min/aver 0.671! load imb.: force 18.7%  pme mesh/force 0.465
           Step           Time
           1900        3.80000

   Energies (kJ/mol)
           Bond          Angle    Proper Dih. Per. Imp. Dih.          LJ-14
    4.29893e+03    1.19560e+04    1.36225e+04    7.32330e+02    5.20997e+03
     Coulomb-14        LJ (SR)  Disper. corr.   Coulomb (SR)   Coul. recip.
    6.17204e+04    1.33031e+05   -9.48707e+03   -1.17531e+06    6.64766e+03
      Potential    Kinetic En.   Total Energy  Conserved En.    Temperature
   -9.47576e+05    1.85594e+05   -7.61982e+05   -7.60826e+05    2.98929e+02
 Pres. DC (bar) Pressure (bar)      dVcoul/dl       dVvdw/dl    dVbonded/dl
   -2.14797e+02    2.45435e+01    0.00000e+00    0.00000e+00    0.00000e+00
   Constr. rmsd
    4.02072e-06


DD  load balancing is limited by minimum cell size in dimension X
DD  step 1949  vol min/aver 0.649! load imb.: force 14.7%  pme mesh/force 0.517
           Step           Time
           1950        3.90000

   Energies (kJ/mol)
           Bond          Angle    Proper Dih. Per. Imp. Dih.          LJ-14
    4.11965e+03    1.17817e+04    1.36146e+04    6.60773e+02    5.31480e+03
     Coulomb-14        LJ (SR)  Disper. corr.   Coulomb (SR)   Coul. recip.
    6.21642e+04    1.32696e+05   -9.48399e+03   -1.17632e+06    6.61900e+03
      Potential    Kinetic En.   Total Energy  Conserved En.    Temperature
   -9.48834e+05    1.86661e+05   -7.62173e+05   -7.60869e+05    3.00648e+02
 Pres. DC (bar) Pressure (bar)      dVcoul/dl       dVvdw/dl    dVbonded/dl
   -2.14657e+02    2.04524e+01    0.00000e+00    0.00000e+00    0.00000e+00
   Constr. rmsd
    3.75359e-06


DD  load balancing is limited by minimum cell size in dimension X
DD  step 1999  vol min/aver 0.646! load imb.: force 13.6%  pme mesh/force 0.466
           Step           Time
           2000        4.00000

   Energies (kJ/mol)
           Bond          Angle    Proper Dih. Per. Imp. Dih.          LJ-14
    4.25799e+03    1.17737e+04    1.35760e+04    7.07740e+02    5.21311e+03
     Coulomb-14        LJ (SR)  Disper. corr.   Coulomb (SR)   Coul. recip.
    6.20163e+04    1.32121e+05   -9.47954e+03   -1.17407e+06    6.63130e+03
      Potential    Kinetic En.   Total Energy  Conserved En.    Temperature
   -9.47250e+05    1.85311e+05   -7.61939e+05   -7.60838e+05    2.98475e+02
 Pres. DC (bar) Pressure (bar)      dVcoul/dl       dVvdw/dl    dVbonded/dl
   -2.14456e+02   -7.12056e+01    0.00000e+00    0.00000e+00    0.00000e+00
   Constr. rmsd
    3.99222e-06


DD  load balancing is limited by minimum cell size in dimension X
DD  step 2049  vol min/aver 0.637! load imb.: force 15.1%  pme mesh/force 0.526
           Step           Time
           2050        4.10000

   Energies (kJ/mol)
           Bond          Angle    Proper Dih. Per. Imp. Dih.          LJ-14
    4.33996e+03    1.21014e+04    1.36198e+04    7.10110e+02    5.03751e+03
     Coulomb-14        LJ (SR)  Disper. corr.   Coulomb (SR)   Coul. recip.
    6.16984e+04    1.31343e+05   -9.47612e+03   -1.17287e+06    6.53587e+03
      Potential    Kinetic En.   Total Energy  Conserved En.    Temperature
   -9.46962e+05    1.84739e+05   -7.62222e+05   -7.60842e+05    2.97553e+02
 Pres. DC (bar) Pressure (bar)      dVcoul/dl       dVvdw/dl    dVbonded/dl
   -2.14301e+02   -1.96309e+02    0.00000e+00    0.00000e+00    0.00000e+00
   Constr. rmsd
    3.72251e-06


DD  load balancing is limited by minimum cell size in dimension X
DD  step 2099  vol min/aver 0.670! load imb.: force  9.8%  pme mesh/force 0.493
           Step           Time
           2100        4.20000

   Energies (kJ/mol)
           Bond          Angle    Proper Dih. Per. Imp. Dih.          LJ-14
    4.33666e+03    1.19437e+04    1.35489e+04    6.65973e+02    5.24813e+03
     Coulomb-14        LJ (SR)  Disper. corr.   Coulomb (SR)   Coul. recip.
    6.18103e+04    1.32986e+05   -9.47674e+03   -1.17625e+06    6.80072e+03
      Potential    Kinetic En.   Total Energy  Conserved En.    Temperature
   -9.48388e+05    1.86198e+05   -7.62190e+05   -7.60854e+05    2.99903e+02
 Pres. DC (bar) Pressure (bar)      dVcoul/dl       dVvdw/dl    dVbonded/dl
   -2.14329e+02   -3.64555e+01    0.00000e+00    0.00000e+00    0.00000e+00
   Constr. rmsd
    4.01267e-06


DD  load balancing is limited by minimum cell size in dimension X
DD  step 2149  vol min/aver 0.667! load imb.: force  9.4%  pme mesh/force 0.761
           Step           Time
           2150        4.30000

   Energies (kJ/mol)
           Bond          Angle    Proper Dih. Per. Imp. Dih.          LJ-14
    4.35762e+03    1.20546e+04    1.34722e+04    6.74156e+02    5.31196e+03
     Coulomb-14        LJ (SR)  Disper. corr.   Coulomb (SR)   Coul. recip.
    6.17532e+04    1.32540e+05   -9.47863e+03   -1.17451e+06    6.70343e+03
      Potential    Kinetic En.   Total Energy  Conserved En.    Temperature
   -9.47123e+05    1.85334e+05   -7.61789e+05   -7.60836e+05    2.98511e+02
 Pres. DC (bar) Pressure (bar)      dVcoul/dl       dVvdw/dl    dVbonded/dl
   -2.14415e+02    1.30454e+02    0.00000e+00    0.00000e+00    0.00000e+00
   Constr. rmsd
    3.96866e-06


DD  load balancing is limited by minimum cell size in dimension X
DD  step 2199  vol min/aver 0.669! load imb.: force 15.8%  pme mesh/force 0.548
           Step           Time
           2200        4.40000

   Energies (kJ/mol)
           Bond          Angle    Proper Dih. Per. Imp. Dih.          LJ-14
    4.40727e+03    1.19199e+04    1.34893e+04    6.99612e+02    5.20599e+03
     Coulomb-14        LJ (SR)  Disper. corr.   Coulomb (SR)   Coul. recip.
    6.16074e+04    1.32278e+05   -9.47956e+03   -1.17547e+06    6.63873e+03
      Potential    Kinetic En.   Total Energy  Conserved En.    Temperature
   -9.48704e+05    1.85895e+05   -7.62808e+05   -7.60848e+05    2.99415e+02
 Pres. DC (bar) Pressure (bar)      dVcoul/dl       dVvdw/dl    dVbonded/dl
   -2.14457e+02   -1.20902e+02    0.00000e+00    0.00000e+00    0.00000e+00
   Constr. rmsd
    3.86276e-06


DD  load balancing is limited by minimum cell size in dimension X
DD  step 2249  vol min/aver 0.660! load imb.: force  7.6%  pme mesh/force 0.539
           Step           Time
           2250        4.50000

   Energies (kJ/mol)
           Bond          Angle    Proper Dih. Per. Imp. Dih.          LJ-14
    4.47894e+03    1.18840e+04    1.35353e+04    7.07292e+02    5.10764e+03
     Coulomb-14        LJ (SR)  Disper. corr.   Coulomb (SR)   Coul. recip.
    6.17591e+04    1.32654e+05   -9.48201e+03   -1.17618e+06    6.68370e+03
      Potential    Kinetic En.   Total Energy  Conserved En.    Temperature
   -9.48848e+05    1.86055e+05   -7.62793e+05   -7.60836e+05    2.99672e+02
 Pres. DC (bar) Pressure (bar)      dVcoul/dl       dVvdw/dl    dVbonded/dl
   -2.14568e+02   -4.48392e+01    0.00000e+00    0.00000e+00    0.00000e+00
   Constr. rmsd
    3.86740e-06


DD  load balancing is limited by minimum cell size in dimension X
DD  step 2299  vol min/aver 0.674! load imb.: force 11.1%  pme mesh/force 0.458
           Step           Time
           2300        4.60000

   Energies (kJ/mol)
           Bond          Angle    Proper Dih. Per. Imp. Dih.          LJ-14
    4.46986e+03    1.18279e+04    1.36053e+04    6.68738e+02    5.17022e+03
     Coulomb-14        LJ (SR)  Disper. corr.   Coulomb (SR)   Coul. recip.
    6.17943e+04    1.33682e+05   -9.48373e+03   -1.17693e+06    6.50886e+03
      Potential    Kinetic En.   Total Energy  Conserved En.    Temperature
   -9.48685e+05    1.86212e+05   -7.62473e+05   -7.60843e+05    2.99925e+02
 Pres. DC (bar) Pressure (bar)      dVcoul/dl       dVvdw/dl    dVbonded/dl
   -2.14645e+02    5.88538e+01    0.00000e+00    0.00000e+00    0.00000e+00
   Constr. rmsd
    3.82850e-06


DD  load balancing is limited by minimum cell size in dimension X
DD  step 2349  vol min/aver 0.682! load imb.: force 18.7%  pme mesh/force 0.512
           Step           Time
           2350        4.70000

   Energies (kJ/mol)
           Bond          Angle    Proper Dih. Per. Imp. Dih.          LJ-14
    4.28970e+03    1.19096e+04    1.36079e+04    6.81626e+02    5.21755e+03
     Coulomb-14        LJ (SR)  Disper. corr.   Coulomb (SR)   Coul. recip.
    6.17000e+04    1.33089e+05   -9.48365e+03   -1.17635e+06    6.64887e+03
      Potential    Kinetic En.   Total Energy  Conserved En.    Temperature
   -9.48687e+05    1.85610e+05   -7.63076e+05   -7.60840e+05    2.98956e+02
 Pres. DC (bar) Pressure (bar)      dVcoul/dl       dVvdw/dl    dVbonded/dl
   -2.14642e+02    7.99367e+01    0.00000e+00    0.00000e+00    0.00000e+00
   Constr. rmsd
    3.76919e-06


DD  load balancing is limited by minimum cell size in dimension X
DD  step 2399  vol min/aver 0.697! load imb.: force 10.1%  pme mesh/force 0.461
           Step           Time
           2400        4.80000

   Energies (kJ/mol)
           Bond          Angle    Proper Dih. Per. Imp. Dih.          LJ-14
    4.22274e+03    1.18303e+04    1.35865e+04    6.86336e+02    5.20101e+03
     Coulomb-14        LJ (SR)  Disper. corr.   Coulomb (SR)   Coul. recip.
    6.16953e+04    1.33606e+05   -9.48102e+03   -1.17714e+06    6.78839e+03
      Potential    Kinetic En.   Total Energy  Conserved En.    Temperature
   -9.49004e+05    1.85844e+05   -7.63160e+05   -7.60855e+05    2.99333e+02
 Pres. DC (bar) Pressure (bar)      dVcoul/dl       dVvdw/dl    dVbonded/dl
   -2.14523e+02    6.22181e+01    0.00000e+00    0.00000e+00    0.00000e+00
   Constr. rmsd
    4.02358e-06


DD  load balancing is limited by minimum cell size in dimension X
DD  step 2449  vol min/aver 0.701! load imb.: force 11.8%  pme mesh/force 0.582
           Step           Time
           2450        4.90000

   Energies (kJ/mol)
           Bond          Angle    Proper Dih. Per. Imp. Dih.          LJ-14
    4.36503e+03    1.17268e+04    1.36211e+04    6.87519e+02    5.16251e+03
     Coulomb-14        LJ (SR)  Disper. corr.   Coulomb (SR)   Coul. recip.
    6.18345e+04    1.33858e+05   -9.47424e+03   -1.17885e+06    6.66742e+03
      Potential    Kinetic En.   Total Energy  Conserved En.    Temperature
   -9.50397e+05    1.87255e+05   -7.63143e+05   -7.60857e+05    3.01604e+02
 Pres. DC (bar) Pressure (bar)      dVcoul/dl       dVvdw/dl    dVbonded/dl
   -2.14217e+02    1.96254e+01    0.00000e+00    0.00000e+00    0.00000e+00
   Constr. rmsd
    3.82998e-06


DD  load balancing is limited by minimum cell size in dimension X
DD  step 2499  vol min/aver 0.700! load imb.: force 11.1%  pme mesh/force 0.449
           Step           Time
           2500        5.00000

Writing checkpoint, step 2500 at Tue Jan 27 18:23:19 2026


   Energies (kJ/mol)
           Bond          Angle    Proper Dih. Per. Imp. Dih.          LJ-14
    4.15066e+03    1.19184e+04    1.35245e+04    7.22138e+02    5.32983e+03
     Coulomb-14        LJ (SR)  Disper. corr.   Coulomb (SR)   Coul. recip.
    6.18581e+04    1.31465e+05   -9.46646e+03   -1.17571e+06    6.63441e+03
      Potential    Kinetic En.   Total Energy  Conserved En.    Temperature
   -9.49569e+05    1.86090e+05   -7.63479e+05   -7.60860e+05    2.99728e+02
 Pres. DC (bar) Pressure (bar)      dVcoul/dl       dVvdw/dl    dVbonded/dl
   -2.13865e+02   -3.95056e+01    0.00000e+00    0.00000e+00    0.00000e+00
   Constr. rmsd
    3.76966e-06


Energy conservation over simulation part #1 of length 5 ps, time 0 to 5 ps
  Conserved energy drift: -5.20e-05 kJ/mol/ps per atom


	<======  ###############  ==>
	<====  A V E R A G E S  ====>
	<==  ###############  ======>

	Statistics over 2501 steps using 51 frames

   Energies (kJ/mol)
           Bond          Angle    Proper Dih. Per. Imp. Dih.          LJ-14
    4.33850e+03    1.19490e+04    1.35709e+04    6.85661e+02    5.23514e+03
     Coulomb-14        LJ (SR)  Disper. corr.   Coulomb (SR)   Coul. recip.
    6.18469e+04    1.32871e+05   -9.47643e+03   -1.17570e+06    6.68983e+03
      Potential    Kinetic En.   Total Energy  Conserved En.    Temperature
   -9.47993e+05    1.86224e+05   -7.61769e+05   -7.60844e+05    2.99944e+02
 Pres. DC (bar) Pressure (bar)      dVcoul/dl       dVvdw/dl    dVbonded/dl
   -2.14316e+02    1.34320e+00    0.00000e+00    0.00000e+00    0.00000e+00
   Constr. rmsd
    0.00000e+00

          Box-X          Box-Y          Box-Z
    1.01304e+01    1.01304e+01    7.16325e+00

   Total Virial (kJ/mol)
    6.20516e+04    4.09492e+02   -4.44940e+02
    4.12713e+02    6.23512e+04    5.37610e+02
   -4.44821e+02    5.37382e+02    6.17342e+04

   Pressure (bar)
   -1.00663e+00   -1.74805e+01    1.84120e+01
   -1.76259e+01   -1.07125e+01   -2.29245e+01
    1.84066e+01   -2.29141e+01    1.57487e+01


	M E G A - F L O P S   A C C O U N T I N G

 NB=Group-cutoff nonbonded kernels    NxN=N-by-N cluster Verlet kernels
 RF=Reaction-Field  VdW=Van der Waals  QSTab=quadratic-spline table
 W3=SPC/TIP3p  W4=TIP4p (single or pairs)
 V&F=Potential and force  V=Potential only  F=Force only

 Computing:                               M-Number         M-Flops  % Flops
-----------------------------------------------------------------------------
 Pair Search distance check            1645.061624       14805.555     0.1
 NxN Ewald Elec. + LJ [F]             75125.759632     4958300.136    49.0
 NxN Ewald Elec. + LJ [V&F]            1563.732064      167319.331     1.7
 NxN Ewald Elec. [F]                  64649.024944     3943590.522    38.9
 NxN Ewald Elec. [V&F]                 1345.636960      113033.505     1.1
 1,4 nonbonded interactions              35.751795        3217.662     0.0
 Calc Weights                           550.172481       19806.209     0.2
 Spread Q Bspline                     11737.012928       23474.026     0.2
 Gather F Bspline                     11737.012928       70422.078     0.7
 3D-FFT                               87424.255720      699394.046     6.9
 Solve PME                             1129.411584       72282.341     0.7
 Reset In Box                             3.666350          10.999     0.0
 CG-CoM                                   3.739677          11.219     0.0
 Bonds                                    6.897758         406.968     0.0
 Angles                                  24.799916        4166.386     0.0
 Propers                                 38.557917        8829.763     0.1
 Impropers                                2.603541         541.537     0.0
 Virial                                  37.097547         667.756     0.0
 Stop-CM                                  1.906502          19.065     0.0
 Calc-Ekin                               73.473654        1983.789     0.0
 Lincs                                    7.558314         453.499     0.0
 Lincs-Mat                               41.590380         166.362     0.0
 Constraint-V                           202.439847        1821.959     0.0
 Constraint-Vir                          39.038813         936.932     0.0
 Settle                                  62.441073       23103.197     0.2
-----------------------------------------------------------------------------
 Total                                                10128764.837   100.0
-----------------------------------------------------------------------------


    D O M A I N   D E C O M P O S I T I O N   S T A T I S T I C S

 av. #atoms communicated per step for force:  2 x 120717.3
 av. #atoms communicated per step for LINCS:  2 x 7713.1


Dynamic load balancing report:
 DLB was turned on during the run due to measured imbalance.
 Average load imbalance: 21.7%.
 The balanceable part of the MD step is 66%, load imbalance is computed from this.
 Part of the total run time spent waiting due to load imbalance: 14.4%.
 Steps where the load balancing was limited by -rdd, -rcon and/or -dds: X 1 % Y 0 %
 Average PME mesh/force load: 0.488
 Part of the total run time spent waiting due to PP/PME imbalance: 15.0 %

NOTE: 14.4 % of the available CPU time was lost due to load imbalance
      in the domain decomposition.
      You can consider manually changing the decomposition (option -dd);
      e.g. by using fewer domains along the box dimension in which there is
      considerable inhomogeneity in the simulated system.
NOTE: 15.0 % performance was lost because the PME ranks
      had less work to do than the PP ranks.
      You might want to decrease the number of PME ranks
      or decrease the cut-off and the grid spacing.


      R E A L   C Y C L E   A N D   T I M E   A C C O U N T I N G

On 16 MPI ranks doing PP, and
on 8 MPI ranks doing PME

 Activity:              Num   Num      Call    Wall time         Giga-Cycles
                        Ranks Threads  Count      (s)         total sum    %
--------------------------------------------------------------------------------
 Domain decomp.           16    1         50       0.120          5.881   0.6
 DD comm. load            16    1         50       0.001          0.029   0.0
 DD comm. bounds          16    1         48       0.003          0.143   0.0
 Send X to PME            16    1       2501       0.049          2.392   0.2
 Neighbor search          16    1         51       0.429         21.072   2.1
 Comm. coord.             16    1       2450       0.513         25.204   2.5
 Force                    16    1       2501       8.356        410.714  41.1
 Wait + Comm. F           16    1       2501       2.549        125.268  12.5
 PME mesh *                8    1       2501       5.232        128.580  12.9
 PME wait for PP *                                 8.338        204.906  20.5
 Wait + Recv. PME F       16    1       2501       0.095          4.676   0.5
 NB X/F buffer ops.       16    1       7452       0.108          5.305   0.5
 Write traj.              16    1         51       0.141          6.919   0.7
 Update                   16    1       2501       0.037          1.805   0.2
 Constraints              16    1       2501       0.866         42.556   4.3
 Kinetic energy           16    1       1001       0.015          0.722   0.1
 Comm. energies           16    1        501       0.256         12.601   1.3
 Rest                                              0.034          1.684   0.2
--------------------------------------------------------------------------------
 Total                                            13.570       1000.456 100.0
--------------------------------------------------------------------------------
(*) Note that with separate PME ranks, the walltime column actually sums to
    twice the total reported, but the cycle count total and % are correct.
--------------------------------------------------------------------------------
 Breakdown of PME mesh activities
--------------------------------------------------------------------------------
 PME redist. X/F           8    1       5002       1.064         26.137   2.6
 PME spread                8    1       2501       0.983         24.159   2.4
 PME gather                8    1       2501       0.681         16.729   1.7
 PME 3D-FFT                8    1       5002       1.373         33.747   3.4
 PME 3D-FFT Comm.          8    1       5002       0.826         20.309   2.0
 PME solve Elec            8    1       2501       0.304          7.460   0.7
--------------------------------------------------------------------------------
 Note that the cycle count and % columns are weighted by the number of ranks,
 while walltimes are not. Hence, with separate PME ranks, the fraction of each
 activity's walltime does not correspond to the cycle %.
--------------------------------------------------------------------------------

               Core t (s)   Wall t (s)        (%)
       Time:      325.648       13.570     2399.8
                 (ns/day)    (hour/ns)
Performance:       31.849        0.754
Finished mdrun on rank 0 Tue Jan 27 18:23:19 2026

