                :-) GROMACS - gmx mdrun, 2025.4-conda_forge (-:

Copyright 1991-2025 The GROMACS Authors.
GROMACS is free software; you can redistribute it and/or modify it
under the terms of the GNU Lesser General Public License
as published by the Free Software Foundation; either version 2.1
of the License, or (at your option) any later version.

                         Current GROMACS contributors:
       Mark Abraham           Andrey Alekseenko           Brian Andrews       
      Vladimir Basov              Paul Bauer                Hugh Bird         
      Eliane Briand               Ania Brown              Mahesh Doijade      
      Giacomo Fiorin          Stefan Fleischmann          Sergey Gorelov      
   Gilles Gouaillardet            Alan Gray              M. Eric Irrgang      
   Farzaneh Jalalypour         Petter Johansson          Carsten Kutzner      
    Grzegorz Łazarski         Justin A. Lemkul          Magnus Lundborg      
       Pascal Merz             Vedran Miletić            Dmitry Morozov      
     Lukas Müllender            Julien Nabet             Szilárd Páll      
 Andrea Pasquadibisceglie     Michele Pellegrino         Nicola Piasentin     
     Daniele Rapetti         Muhammad Umair Sadiq         Hubert Santuz       
      Roland Schulz             Michael Shirts           Tatiana Shugaeva     
     Alexey Shvetsov            Philip Turner            Alessandra Villa     
 Sebastian Wingbermühle  

                         Previous GROMACS contributors:
        Emile Apol             Rossen Apostolov           James Barnett       
  Herman J.C. Berendsen         Cathrine Bergh             Par Bjelkmar       
      Christian Blau          Viacheslav Bolnykh            Kevin Boyd        
    Aldert van Buuren          Carlo Camilloni           Rudi van Drunen      
      Anton Feenstra           Oliver Fleetwood            Vytas Gapsys       
       Gaurav Garg             Gerrit Groenhof            Bert de Groot       
      Anca Hamuraru           Vincent Hindriksen          Victor Holanda      
     Aleksei Iupinov              Joe Jordan            Christoph Junghans    
    Prashanth Kanduri        Dimitrios Karkoulis           Peter Kasson       
      Sebastian Kehl           Sebastian Keller             Jiri Kraus        
       Per Larsson              Viveca Lindahl            Erik Marklund       
    Pieter Meulenhoff           Teemu Murtola              Sander Pronk       
      Alfons Sijbers            Balint Soproni         David van der Spoel    
      Peter Tieleman            Carsten Uphoff             Jon Vincent        
     Teemu Virolainen         Christian Wennberg           Maarten Wolf       
      Artem Zhmurov       

                  Coordinated by the GROMACS project leaders:
                           Berk Hess and Erik Lindahl

GROMACS:      gmx mdrun, version 2025.4-conda_forge
Executable:   /home/neil/miniconda3/envs/benchmark/bin.AVX2_256/gmx
Data prefix:  /home/neil/miniconda3/envs/benchmark
Working dir:  /home/neil/git/Oslo/VirtualScreen/Outputs/Covalent/RBFE_CX1_to_CX2/lambda12
Process ID:   96184
Command line:
  gmx mdrun -deffnm prod -v

GROMACS version:     2025.4-conda_forge
Precision:           mixed
Memory model:        64 bit
MPI library:         thread_mpi
OpenMP support:      enabled (GMX_OPENMP_MAX_THREADS = 128)
GPU support:         OpenCL
NBNxM GPU setup:     super-cluster 2x2x2 / cluster 8 (cluster-pair splitting on)
SIMD instructions:   AVX2_256
CPU FFT library:     fftw-3.3.10-sse2-avx
GPU FFT library:     clFFT
Multi-GPU FFT:       none
RDTSCP usage:        disabled
TNG support:         enabled
Hwloc support:       disabled
Tracing support:     disabled
C compiler:          /home/conda/feedstock_root/build_artifacts/gromacs_1764344590343/_build_env/bin/x86_64-conda-linux-gnu-cc GNU 14.3.0
C compiler flags:    -fexcess-precision=fast -funroll-all-loops -mavx2 -mfma -Wno-missing-field-initializers -O3 -DNDEBUG
C++ compiler:        /home/conda/feedstock_root/build_artifacts/gromacs_1764344590343/_build_env/bin/x86_64-conda-linux-gnu-c++ GNU 14.3.0
C++ compiler flags:  -fexcess-precision=fast -funroll-all-loops -mavx2 -mfma -Wno-missing-field-initializers -Wno-cast-function-type-strict SHELL:-fopenmp -O3 -DNDEBUG
BLAS library:        Internal
LAPACK library:      Internal
OpenCL include dir:  /home/neil/miniconda3/envs/benchmark/include
OpenCL library:      /home/neil/miniconda3/envs/benchmark/lib/libOpenCL.so
OpenCL version:      3.0


Running on 1 node with total 24 cores, 24 processing units, 0 compatible GPUs
Hardware detected on host almaaz:
  CPU info:
    Vendor: Intel
    Brand:  Intel(R) Core(TM) Ultra 9 285HX
    Family: 6   Model: 198   Stepping: 2
    Features: aes apic avx avx2 clfsh cmov cx8 cx16 f16c fma htt intel lahf mmx msr nonstop_tsc pcid pclmuldq pdcm pdpe1gb popcnt pse rdrnd rdtscp sha sse2 sse3 sse4.1 sse4.2 ssse3 tdt x2apic
  Hardware topology: Basic
    Packages, cores, and logical processors:
    [indices refer to OS logical processors]
      Package  0: [   0] [   1] [   2] [   3] [   4] [   5] [   6] [   7] [   8] [   9] [  10] [  11] [  12] [  13] [  14] [  15] [  16] [  17] [  18] [  19] [  20] [  21] [  22] [  23]
    CPU limit set by OS: -1   Recommended max number of threads: 24
  GPU info:
    Number of GPUs detected: 1
    #0: name: NVIDIA RTX PRO 5000 Blackwell Generation Laptop GPU, vendor: NVIDIA Corporation, device version: OpenCL 3.0 CUDA, status: incompatible (please use CUDA build for NVIDIA Volta GPUs or newer)

The current CPU can measure timings more accurately than the code in
gmx mdrun was configured to use. This might affect your simulation
speed as accurate timings are needed for load-balancing.
Please consider rebuilding gmx mdrun with the GMX_USE_RDTSCP=ON CMake option.

++++ PLEASE READ AND CITE THE FOLLOWING REFERENCE ++++
M. J. Abraham, T. Murtola, R. Schulz, S. Páll, J. C. Smith, B. Hess, E.
Lindahl
GROMACS: High performance molecular simulations through multi-level
parallelism from laptops to supercomputers
SoftwareX (2015)
DOI: 10.1016/j.softx.2015.06.001
-------- -------- --- Thank You --- -------- --------


++++ PLEASE READ AND CITE THE FOLLOWING REFERENCE ++++
S. Páll, M. J. Abraham, C. Kutzner, B. Hess, E. Lindahl
Tackling Exascale Software Challenges in Molecular Dynamics Simulations with
GROMACS
In S. Markidis & E. Laure (Eds.), Solving Software Challenges for Exascale (2015)
DOI: 10.1007/978-3-319-15976-8_1
-------- -------- --- Thank You --- -------- --------


++++ PLEASE READ AND CITE THE FOLLOWING REFERENCE ++++
S. Pronk, S. Páll, R. Schulz, P. Larsson, P. Bjelkmar, R. Apostolov, M. R.
Shirts, J. C. Smith, P. M. Kasson, D. van der Spoel, B. Hess, E. Lindahl
GROMACS 4.5: a high-throughput and highly parallel open source molecular
simulation toolkit
Bioinformatics (2013)
DOI: 10.1093/bioinformatics/btt055
-------- -------- --- Thank You --- -------- --------


++++ PLEASE READ AND CITE THE FOLLOWING REFERENCE ++++
B. Hess, C. Kutzner, D. van der Spoel, E. Lindahl
GROMACS 4: Algorithms for highly efficient, load-balanced, and scalable
molecular simulation
J. Chem. Theory Comput. (2008)
DOI: 10.1021/ct700301q
-------- -------- --- Thank You --- -------- --------


++++ PLEASE READ AND CITE THE FOLLOWING REFERENCE ++++
D. van der Spoel, E. Lindahl, B. Hess, G. Groenhof, A. E. Mark, H. J. C.
Berendsen
GROMACS: Fast, Flexible and Free
J. Comp. Chem. (2005)
DOI: 10.1002/jcc.20291
-------- -------- --- Thank You --- -------- --------


++++ PLEASE READ AND CITE THE FOLLOWING REFERENCE ++++
E. Lindahl, B. Hess, D. van der Spoel
GROMACS 3.0: A package for molecular simulation and trajectory analysis
J. Mol. Mod. (2001)
DOI: 10.1007/s008940100045
-------- -------- --- Thank You --- -------- --------


++++ PLEASE READ AND CITE THE FOLLOWING REFERENCE ++++
H. J. C. Berendsen, D. van der Spoel and R. van Drunen
GROMACS: A message-passing parallel molecular dynamics implementation
Comp. Phys. Comm. (1995)
DOI: 10.1016/0010-4655(95)00042-E
-------- -------- --- Thank You --- -------- --------

Input Parameters:
   integrator                     = md
   tinit                          = 0
   dt                             = 0.002
   nsteps                         = 2500
   init-step                      = 0
   simulation-part                = 1
   mts                            = false
   mass-repartition-factor        = 1
   comm-mode                      = Linear
   nstcomm                        = 100
   bd-fric                        = 0
   ld-seed                        = -1678771213
   emtol                          = 10
   emstep                         = 0.01
   niter                          = 20
   fcstep                         = 0
   nstcgsteep                     = 1000
   nbfgscorr                      = 10
   rtpi                           = 0.05
   nstxout                        = 0
   nstvout                        = 0
   nstfout                        = 0
   nstlog                         = 50
   nstcalcenergy                  = 50
   nstenergy                      = 50
   nstxout-compressed             = 50
   compressed-x-precision         = 1000
   cutoff-scheme                  = Verlet
   nstlist                        = 20
   pbc                            = xyz
   periodic-molecules             = false
   verlet-buffer-tolerance        = 0.005
   verlet-buffer-pressure-tolerance = 0.5
   rlist                          = 1.027
   coulombtype                    = PME
   coulomb-modifier               = Potential-shift
   rcoulomb-switch                = 0
   rcoulomb                       = 1
   epsilon-r                      = 1
   epsilon-rf                     = inf
   vdw-type                       = Cut-off
   vdw-modifier                   = Potential-shift
   rvdw-switch                    = 0
   rvdw                           = 1
   DispCorr                       = EnerPres
   table-extension                = 1
   fourierspacing                 = 0.12
   fourier-nx                     = 96
   fourier-ny                     = 96
   fourier-nz                     = 96
   pme-order                      = 4
   ewald-rtol                     = 1e-05
   ewald-rtol-lj                  = 0.001
   lj-pme-comb-rule               = Geometric
   ewald-geometry                 = 3d
   epsilon-surface                = 0
   ensemble-temperature-setting   = constant
   ensemble-temperature           = 300
   tcoupl                         = V-rescale
   nsttcouple                     = 10
   nh-chain-length                = 0
   print-nose-hoover-chain-variables = false
   pcoupl                         = Parrinello-Rahman
   pcoupltype                     = Isotropic
   nstpcouple                     = 5
   tau-p                          = 2
   compressibility (3x3):
      compressibility[    0]={ 4.50000e-05,  0.00000e+00,  0.00000e+00}
      compressibility[    1]={ 0.00000e+00,  4.50000e-05,  0.00000e+00}
      compressibility[    2]={ 0.00000e+00,  0.00000e+00,  4.50000e-05}
   ref-p (3x3):
      ref-p[    0]={ 1.00000e+00,  0.00000e+00,  0.00000e+00}
      ref-p[    1]={ 0.00000e+00,  1.00000e+00,  0.00000e+00}
      ref-p[    2]={ 0.00000e+00,  0.00000e+00,  1.00000e+00}
   refcoord-scaling               = No
   posres-com: not available
   posres-comB: not available
   QMMM                           = false
qm-opts:
   ngQM                           = 0
   constraint-algorithm           = Lincs
   continuation                   = true
   Shake-SOR                      = false
   shake-tol                      = 0.0001
   lincs-order                    = 4
   lincs-iter                     = 1
   lincs-warnangle                = 30
   nwall                          = 0
   wall-type                      = 9-3
   wall-r-linpot                  = -1
   wall-atomtype[0]               = -1
   wall-atomtype[1]               = -1
   wall-density[0]                = 0
   wall-density[1]                = 0
   wall-ewald-zfac                = 3
   pull                           = false
   awh                            = false
   rotation                       = false
   interactiveMD                  = false
   disre                          = No
   disre-weighting                = Conservative
   disre-mixed                    = false
   dr-fc                          = 1000
   dr-tau                         = 0
   nstdisreout                    = 100
   orire-fc                       = 0
   orire-tau                      = 0
   nstorireout                    = 100
   free-energy                    = yes
   init-lambda                    = -1
   init-lambda-state              = 12
   delta-lambda                   = 0
   nstdhdl                        = 100
   n-lambdas                      = 14
   separate-dvdl:
       fep-lambdas =   FALSE
      mass-lambdas =   FALSE
      coul-lambdas =   TRUE
       vdw-lambdas =   TRUE
    bonded-lambdas =   TRUE
 restraint-lambdas =   FALSE
temperature-lambdas =   FALSE
all-lambdas:
       fep-lambdas =            0           0           0           0           0           0           0           0           0           0           0           0           0           0
      mass-lambdas =            0           0           0           0           0           0           0           0           0           0           0           0           0           0
      coul-lambdas =            0      0.0769      0.1538      0.2308      0.3077      0.3846      0.4615      0.5385      0.6154      0.6923      0.7692      0.8462      0.9231           1
       vdw-lambdas =            0      0.0769      0.1538      0.2308      0.3077      0.3846      0.4615      0.5385      0.6154      0.6923      0.7692      0.8462      0.9231           1
    bonded-lambdas =            0      0.0769      0.1538      0.2308      0.3077      0.3846      0.4615      0.5385      0.6154      0.6923      0.7692      0.8462      0.9231           1
 restraint-lambdas =            0           0           0           0           0           0           0           0           0           0           0           0           0           0
temperature-lambdas =            0           0           0           0           0           0           0           0           0           0           0           0           0           0
   calc-lambda-neighbors          = -1
   dhdl-print-energy              = no
   sc-alpha                       = 0.5
   sc-power                       = 1
   sc-r-power                     = 6
   sc-sigma                       = 0.3
   sc-sigma-min                   = 0.3
   sc-coul                        = true
   dh-hist-size                   = 0
   dh-hist-spacing                = 0.1
   separate-dhdl-file             = yes
   dhdl-derivatives               = yes
   sc-function                    = beutler
   sc-gapsys-scale-linpoint-lj    = 0.85
   sc-gapsys-scale-linpoint-q     = 0.3
   sc-gapsys-sigma-lj             = 0.3
   cos-acceleration               = 0
   deform (3x3):
      deform[    0]={ 0.00000e+00,  0.00000e+00,  0.00000e+00}
      deform[    1]={ 0.00000e+00,  0.00000e+00,  0.00000e+00}
      deform[    2]={ 0.00000e+00,  0.00000e+00,  0.00000e+00}
   simulated-tempering            = false
   swapcoords                     = no
   userint1                       = 0
   userint2                       = 0
   userint3                       = 0
   userint4                       = 0
   userreal1                      = 0
   userreal2                      = 0
   userreal3                      = 0
   userreal4                      = 0
   applied-forces:
     electric-field:
       x:
         E0                       = 0
         omega                    = 0
         t0                       = 0
         sigma                    = 0
       y:
         E0                       = 0
         omega                    = 0
         t0                       = 0
         sigma                    = 0
       z:
         E0                       = 0
         omega                    = 0
         t0                       = 0
         sigma                    = 0
     density-guided-simulation:
       active                     = false
       group                      = protein
       similarity-measure         = inner-product
       atom-spreading-weight      = unity
       force-constant             = 1e+09
       gaussian-transform-spreading-width = 0.2
       gaussian-transform-spreading-range-in-multiples-of-width = 4
       reference-density-filename = reference.mrc
       nst                        = 1
       normalize-densities        = true
       adaptive-force-scaling     = false
       adaptive-force-scaling-time-constant = 4
       shift-vector               = 
       transformation-matrix      = 
     qmmm-cp2k:
       active                     = false
       qmgroup                    = System
       qmmethod                   = PBE
       qmfilenames                = 
       qmcharge                   = 0
       qmmultiplicity             = 1
     colvars:
       active                     = false
       configfile                 = 
       seed                       = -1
     nnpot:
       active                     = false
       modelfile                  = model.pt
       input-group                = System
       model-input1               = 
       model-input2               = 
       model-input3               = 
       model-input4               = 
grpopts:
   nrdf:      149345
   ref-t:         300
   tau-t:         0.1
annealing:          No
annealing-npoints:           0
   acc:	           0           0           0
   nfreeze:           N           N           N
   energygrp-flags[  0]: 0

Changing nstlist from 20 to 50, rlist from 1.027 to 1.106


Update groups can not be used for this system because atoms that are (in)directly constrained together are interdispersed with other atoms

Initializing Domain Decomposition on 24 ranks
Dynamic load balancing: auto
Minimum cell size due to atom displacement: 0.473 nm
Initial maximum distances in bonded interactions:
    two-body bonded interactions: 0.426 nm, LJ-14, atoms 4148 4156
  multi-body bonded interactions: 0.426 nm, Proper Dih., atoms 4148 4156
Minimum cell size due to bonded interactions: 0.468 nm
Maximum distance for 5 constraints, at 120 deg. angles, all-trans: 0.220 nm
Estimated maximum distance required for P-LINCS: 0.220 nm
Scaling the initial minimum size with 1/0.8 (option -dds) = 1.25
Guess for relative PME load: 0.27
Will use 16 particle-particle and 8 PME only ranks
This is a guess, check the performance at the end of the log file
Using 8 separate PME ranks, as guessed by mdrun
Optimizing the DD grid for 16 cells with a minimum initial size of 0.591 nm
The maximum allowed number of cells is: X 14 Y 14 Z 12
Domain decomposition grid 8 x 2 x 1, separate PME ranks 8
PME domain decomposition: 8 x 1 x 1
Interleaving PP and PME ranks
This rank does only particle-particle work.
Domain decomposition rank 0, coordinates 0 0 0

The initial number of communication pulses is: X 2 Y 1
The initial domain decomposition cell size is: X 1.04 nm Y 4.14 nm

The maximum allowed distance for atoms involved in interactions is:
                 non-bonded interactions           1.106 nm
(the following are initial values, they could change due to box deformation)
            two-body bonded interactions  (-rdd)   1.106 nm
          multi-body bonded interactions  (-rdd)   1.036 nm
  atoms separated by up to 5 constraints  (-rcon)  1.036 nm

When dynamic load balancing gets turned on, these settings will change to:
The maximum number of communication pulses is: X 2 Y 1
The minimum size for domain decomposition cells is 0.752 nm
The requested allowed shrink of DD cells (option -dds) is: 0.80
The allowed shrink of domain decomposition cells is: X 0.73 Y 0.27
The maximum allowed distance for atoms involved in interactions is:
                 non-bonded interactions           1.106 nm
            two-body bonded interactions  (-rdd)   1.106 nm
          multi-body bonded interactions  (-rdd)   0.752 nm
  atoms separated by up to 5 constraints  (-rcon)  0.752 nm

Local state does not use filler particles

Using 24 MPI threads
Using 1 OpenMP thread per tMPI thread

System total charge, top. A: 0.000 top. B: 0.000
Will do PME sum in reciprocal space for electrostatic interactions.

++++ PLEASE READ AND CITE THE FOLLOWING REFERENCE ++++
U. Essmann, L. Perera, M. L. Berkowitz, T. Darden, H. Lee, L. G. Pedersen 
A smooth particle mesh Ewald method
J. Chem. Phys. (1995)
DOI: 10.1063/1.470117
-------- -------- --- Thank You --- -------- --------

Using a Gaussian width (1/beta) of 0.320163 nm for Ewald
Potential shift: LJ r^-12: -1.000e+00 r^-6: -1.000e+00, Ewald -1.000e-05
Initialized non-bonded Coulomb Ewald tables, spacing: 9.33e-04 size: 2259

Generated table with 1053 data points for 1-4 COUL.
Tabscale = 500 points/nm
Generated table with 1053 data points for 1-4 LJ6.
Tabscale = 500 points/nm
Generated table with 1053 data points for 1-4 LJ12.
Tabscale = 500 points/nm
Long Range LJ corr.: <C6> 3.0968e-04


Using SIMD4xM 4x8 nonbonded short-range kernels

Using a dual 4x8 pair-list setup updated with dynamic pruning:
  outer list: updated every 50 steps, buffer 0.106 nm, rlist 1.106 nm
  inner list: updated every 10 steps, buffer 0.000 nm, rlist 1.000 nm
At tolerance 0.005 kJ/mol/ps per atom, equivalent classical 1x1 list would be:
  outer list: updated every 50 steps, buffer 0.232 nm, rlist 1.232 nm
  inner list: updated every 10 steps, buffer 0.034 nm, rlist 1.034 nm

The average pressure is off by at most 0.44 bar due to missing LJ interactions

Using Lorentz-Berthelot Lennard-Jones combination rule
There are 0 atoms and 0 charges for free energy perturbation

Linking all bonded interactions to atoms


Pinning threads with an auto-selected logical cpu stride of 1

Initializing Parallel LINear Constraint Solver

++++ PLEASE READ AND CITE THE FOLLOWING REFERENCE ++++
B. Hess
P-LINCS: A Parallel Linear Constraint Solver for molecular simulation
J. Chem. Theory Comput. (2008)
DOI: 10.1021/ct700200b
-------- -------- --- Thank You --- -------- --------

The number of constraints is 2704
There are constraints between atoms in different decomposition domains,
will communicate selected coordinates each lincs iteration

++++ PLEASE READ AND CITE THE FOLLOWING REFERENCE ++++
S. Miyamoto, P. A. Kollman
SETTLE: An Analytical Version of the SHAKE and RATTLE Algorithms for Rigid
Water Models
J. Comp. Chem. (1992)
DOI: 10.1002/jcc.540130805
-------- -------- --- Thank You --- -------- --------

Intra-simulation communication will occur every 5 steps.
Initial vector of lambda components:[     0.0000     0.0000     0.9231     0.9231     0.9231     0.0000     0.0000 ]

++++ PLEASE READ AND CITE THE FOLLOWING REFERENCE ++++
G. Bussi, D. Donadio, M. Parrinello
Canonical sampling through velocity rescaling
J. Chem. Phys. (2007)
DOI: 10.1063/1.2408420
-------- -------- --- Thank You --- -------- --------

There are: 73327 Atoms
Atom distribution over 16 domains: av 4582 stddev 107 min 4463 max 4663
Center of mass motion removal mode is Linear
We have the following groups for center of mass motion removal:
  0:  rest

Started mdrun on rank 0 Tue Jan 27 18:32:10 2026

           Step           Time
              0        0.00000

   Energies (kJ/mol)
           Bond          Angle    Proper Dih. Per. Imp. Dih.          LJ-14
    4.27071e+03    1.21175e+04    1.35976e+04    6.75975e+02    5.23242e+03
     Coulomb-14        LJ (SR)  Disper. corr.   Coulomb (SR)   Coul. recip.
    6.17407e+04    1.33241e+05   -9.43136e+03   -1.17510e+06    6.84700e+03
      Potential    Kinetic En.   Total Energy  Conserved En.    Temperature
   -9.46812e+05    1.87051e+05   -7.59762e+05   -7.59717e+05    3.01276e+02
 Pres. DC (bar) Pressure (bar)      dVcoul/dl       dVvdw/dl    dVbonded/dl
   -2.12284e+02    6.83706e+00    0.00000e+00    0.00000e+00    0.00000e+00
   Constr. rmsd
    3.81031e-06


DD  step 49 load imb.: force 63.7%  pme mesh/force 0.448
           Step           Time
             50        0.10000

   Energies (kJ/mol)
           Bond          Angle    Proper Dih. Per. Imp. Dih.          LJ-14
    4.33099e+03    1.20713e+04    1.35645e+04    6.74630e+02    5.36057e+03
     Coulomb-14        LJ (SR)  Disper. corr.   Coulomb (SR)   Coul. recip.
    6.21363e+04    1.32730e+05   -9.43163e+03   -1.17443e+06    6.70175e+03
      Potential    Kinetic En.   Total Energy  Conserved En.    Temperature
   -9.46295e+05    1.86253e+05   -7.60042e+05   -7.59745e+05    2.99991e+02
 Pres. DC (bar) Pressure (bar)      dVcoul/dl       dVvdw/dl    dVbonded/dl
   -2.12296e+02   -1.26282e+01    0.00000e+00    0.00000e+00    0.00000e+00
   Constr. rmsd
    3.72213e-06


DD  step 99 load imb.: force 71.3%  pme mesh/force 0.314
           Step           Time
            100        0.20000

   Energies (kJ/mol)
           Bond          Angle    Proper Dih. Per. Imp. Dih.          LJ-14
    4.42893e+03    1.22159e+04    1.36672e+04    6.60325e+02    5.31193e+03
     Coulomb-14        LJ (SR)  Disper. corr.   Coulomb (SR)   Coul. recip.
    6.19106e+04    1.32183e+05   -9.43232e+03   -1.17394e+06    6.66120e+03
      Potential    Kinetic En.   Total Energy  Conserved En.    Temperature
   -9.46338e+05    1.86209e+05   -7.60128e+05   -7.59708e+05    2.99921e+02
 Pres. DC (bar) Pressure (bar)      dVcoul/dl       dVvdw/dl    dVbonded/dl
   -2.12327e+02   -2.77394e+01    0.00000e+00    0.00000e+00    0.00000e+00
   Constr. rmsd
    3.92156e-06


DD  step 149 load imb.: force 69.7%  pme mesh/force 0.374

step 150 Turning on dynamic load balancing, because the performance loss due to load imbalance is 34.3 %.
           Step           Time
            150        0.30000

   Energies (kJ/mol)
           Bond          Angle    Proper Dih. Per. Imp. Dih.          LJ-14
    4.49544e+03    1.21001e+04    1.37103e+04    7.03270e+02    5.15128e+03
     Coulomb-14        LJ (SR)  Disper. corr.   Coulomb (SR)   Coul. recip.
    6.18886e+04    1.31893e+05   -9.43385e+03   -1.17422e+06    6.76929e+03
      Potential    Kinetic En.   Total Energy  Conserved En.    Temperature
   -9.46941e+05    1.86343e+05   -7.60598e+05   -7.59706e+05    3.00137e+02
 Pres. DC (bar) Pressure (bar)      dVcoul/dl       dVvdw/dl    dVbonded/dl
   -2.12396e+02   -1.67289e+02    0.00000e+00    0.00000e+00    0.00000e+00
   Constr. rmsd
    4.07240e-06


DD  step 199  vol min/aver 0.974  load imb.: force 66.7%  pme mesh/force 0.339
           Step           Time
            200        0.40000

   Energies (kJ/mol)
           Bond          Angle    Proper Dih. Per. Imp. Dih.          LJ-14
    4.48836e+03    1.17880e+04    1.35838e+04    6.82272e+02    5.23503e+03
     Coulomb-14        LJ (SR)  Disper. corr.   Coulomb (SR)   Coul. recip.
    6.17077e+04    1.34010e+05   -9.43846e+03   -1.17555e+06    6.76125e+03
      Potential    Kinetic En.   Total Energy  Conserved En.    Temperature
   -9.46727e+05    1.85711e+05   -7.61016e+05   -7.59745e+05    2.99118e+02
 Pres. DC (bar) Pressure (bar)      dVcoul/dl       dVvdw/dl    dVbonded/dl
   -2.12604e+02    9.88610e+01    0.00000e+00    0.00000e+00    0.00000e+00
   Constr. rmsd
    4.14086e-06


DD  step 249  vol min/aver 0.838  load imb.: force 56.7%  pme mesh/force 0.416
           Step           Time
            250        0.50000

   Energies (kJ/mol)
           Bond          Angle    Proper Dih. Per. Imp. Dih.          LJ-14
    4.26002e+03    1.19880e+04    1.36979e+04    6.97630e+02    5.24489e+03
     Coulomb-14        LJ (SR)  Disper. corr.   Coulomb (SR)   Coul. recip.
    6.19317e+04    1.33865e+05   -9.44158e+03   -1.17755e+06    6.67116e+03
      Potential    Kinetic En.   Total Energy  Conserved En.    Temperature
   -9.48637e+05    1.86301e+05   -7.62336e+05   -7.59717e+05    3.00069e+02
 Pres. DC (bar) Pressure (bar)      dVcoul/dl       dVvdw/dl    dVbonded/dl
   -2.12744e+02    1.94956e+01    0.00000e+00    0.00000e+00    0.00000e+00
   Constr. rmsd
    4.05224e-06


DD  step 299  vol min/aver 0.782  load imb.: force 52.3%  pme mesh/force 0.622
           Step           Time
            300        0.60000

   Energies (kJ/mol)
           Bond          Angle    Proper Dih. Per. Imp. Dih.          LJ-14
    4.30696e+03    1.21074e+04    1.35798e+04    7.33820e+02    5.21753e+03
     Coulomb-14        LJ (SR)  Disper. corr.   Coulomb (SR)   Coul. recip.
    6.18501e+04    1.31994e+05   -9.44584e+03   -1.17415e+06    6.69734e+03
      Potential    Kinetic En.   Total Energy  Conserved En.    Temperature
   -9.47108e+05    1.86246e+05   -7.60861e+05   -7.59710e+05    2.99980e+02
 Pres. DC (bar) Pressure (bar)      dVcoul/dl       dVvdw/dl    dVbonded/dl
   -2.12936e+02   -1.53339e+02    0.00000e+00    0.00000e+00    0.00000e+00
   Constr. rmsd
    4.03840e-06


DD  load balancing is limited by minimum cell size in dimension X
DD  step 349  vol min/aver 0.698! load imb.: force 30.2%  pme mesh/force 0.462
           Step           Time
            350        0.70000

   Energies (kJ/mol)
           Bond          Angle    Proper Dih. Per. Imp. Dih.          LJ-14
    4.54021e+03    1.20174e+04    1.36721e+04    7.41332e+02    5.27158e+03
     Coulomb-14        LJ (SR)  Disper. corr.   Coulomb (SR)   Coul. recip.
    6.16683e+04    1.33862e+05   -9.45417e+03   -1.17519e+06    6.91327e+03
      Potential    Kinetic En.   Total Energy  Conserved En.    Temperature
   -9.45954e+05    1.85642e+05   -7.60312e+05   -7.59723e+05    2.99007e+02
 Pres. DC (bar) Pressure (bar)      dVcoul/dl       dVvdw/dl    dVbonded/dl
   -2.13311e+02    6.02489e+01    0.00000e+00    0.00000e+00    0.00000e+00
   Constr. rmsd
    3.94233e-06


DD  load balancing is limited by minimum cell size in dimension X
DD  step 399  vol min/aver 0.649! load imb.: force 30.1%  pme mesh/force 0.412
           Step           Time
            400        0.80000

   Energies (kJ/mol)
           Bond          Angle    Proper Dih. Per. Imp. Dih.          LJ-14
    4.45283e+03    1.21995e+04    1.36214e+04    7.15937e+02    5.30400e+03
     Coulomb-14        LJ (SR)  Disper. corr.   Coulomb (SR)   Coul. recip.
    6.18536e+04    1.34103e+05   -9.46301e+03   -1.17629e+06    6.74480e+03
      Potential    Kinetic En.   Total Energy  Conserved En.    Temperature
   -9.46759e+05    1.87257e+05   -7.59502e+05   -7.59709e+05    3.01608e+02
 Pres. DC (bar) Pressure (bar)      dVcoul/dl       dVvdw/dl    dVbonded/dl
   -2.13710e+02    2.86548e+01    0.00000e+00    0.00000e+00    0.00000e+00
   Constr. rmsd
    3.81012e-06


DD  load balancing is limited by minimum cell size in dimension X
DD  step 449  vol min/aver 0.607! load imb.: force 26.2%  pme mesh/force 0.475
           Step           Time
            450        0.90000

   Energies (kJ/mol)
           Bond          Angle    Proper Dih. Per. Imp. Dih.          LJ-14
    4.44080e+03    1.23536e+04    1.36904e+04    6.90439e+02    5.14060e+03
     Coulomb-14        LJ (SR)  Disper. corr.   Coulomb (SR)   Coul. recip.
    6.18676e+04    1.31519e+05   -9.47039e+03   -1.17202e+06    6.72290e+03
      Potential    Kinetic En.   Total Energy  Conserved En.    Temperature
   -9.45067e+05    1.85738e+05   -7.59329e+05   -7.59701e+05    2.99162e+02
 Pres. DC (bar) Pressure (bar)      dVcoul/dl       dVvdw/dl    dVbonded/dl
   -2.14043e+02   -7.94764e+01    0.00000e+00    0.00000e+00    0.00000e+00
   Constr. rmsd
    4.04118e-06


DD  load balancing is limited by minimum cell size in dimension X
DD  step 499  vol min/aver 0.552! load imb.: force 25.8%  pme mesh/force 0.456
           Step           Time
            500        1.00000

   Energies (kJ/mol)
           Bond          Angle    Proper Dih. Per. Imp. Dih.          LJ-14
    4.44248e+03    1.21673e+04    1.35386e+04    6.07133e+02    5.28978e+03
     Coulomb-14        LJ (SR)  Disper. corr.   Coulomb (SR)   Coul. recip.
    6.21277e+04    1.32617e+05   -9.47964e+03   -1.17504e+06    6.73838e+03
      Potential    Kinetic En.   Total Energy  Conserved En.    Temperature
   -9.46994e+05    1.86810e+05   -7.60184e+05   -7.59707e+05    3.00888e+02
 Pres. DC (bar) Pressure (bar)      dVcoul/dl       dVvdw/dl    dVbonded/dl
   -2.14461e+02    2.59545e+01    0.00000e+00    0.00000e+00    0.00000e+00
   Constr. rmsd
    3.91403e-06


DD  load balancing is limited by minimum cell size in dimension X
DD  step 549  vol min/aver 0.546! load imb.: force 28.9%  pme mesh/force 0.454
           Step           Time
            550        1.10000

   Energies (kJ/mol)
           Bond          Angle    Proper Dih. Per. Imp. Dih.          LJ-14
    4.60833e+03    1.19040e+04    1.37762e+04    6.96145e+02    5.24723e+03
     Coulomb-14        LJ (SR)  Disper. corr.   Coulomb (SR)   Coul. recip.
    6.20042e+04    1.33448e+05   -9.48824e+03   -1.17715e+06    6.66306e+03
      Potential    Kinetic En.   Total Energy  Conserved En.    Temperature
   -9.48287e+05    1.87452e+05   -7.60836e+05   -7.59741e+05    3.01922e+02
 Pres. DC (bar) Pressure (bar)      dVcoul/dl       dVvdw/dl    dVbonded/dl
   -2.14850e+02    3.00975e+01    0.00000e+00    0.00000e+00    0.00000e+00
   Constr. rmsd
    3.86578e-06


DD  load balancing is limited by minimum cell size in dimension X
DD  step 599  vol min/aver 0.538! load imb.: force 19.9%  pme mesh/force 0.465
           Step           Time
            600        1.20000

   Energies (kJ/mol)
           Bond          Angle    Proper Dih. Per. Imp. Dih.          LJ-14
    4.28438e+03    1.20684e+04    1.35479e+04    6.56578e+02    5.28068e+03
     Coulomb-14        LJ (SR)  Disper. corr.   Coulomb (SR)   Coul. recip.
    6.20876e+04    1.33803e+05   -9.49253e+03   -1.17662e+06    6.79829e+03
      Potential    Kinetic En.   Total Energy  Conserved En.    Temperature
   -9.47590e+05    1.87083e+05   -7.60507e+05   -7.59759e+05    3.01329e+02
 Pres. DC (bar) Pressure (bar)      dVcoul/dl       dVvdw/dl    dVbonded/dl
   -2.15044e+02    1.39622e+02    0.00000e+00    0.00000e+00    0.00000e+00
   Constr. rmsd
    3.95198e-06


DD  load balancing is limited by minimum cell size in dimension X
DD  step 649  vol min/aver 0.544! load imb.: force 19.3%  pme mesh/force 0.506
           Step           Time
            650        1.30000

   Energies (kJ/mol)
           Bond          Angle    Proper Dih. Per. Imp. Dih.          LJ-14
    4.38169e+03    1.19868e+04    1.35895e+04    6.42271e+02    5.25783e+03
     Coulomb-14        LJ (SR)  Disper. corr.   Coulomb (SR)   Coul. recip.
    6.19949e+04    1.32993e+05   -9.49212e+03   -1.17571e+06    6.71712e+03
      Potential    Kinetic En.   Total Energy  Conserved En.    Temperature
   -9.47643e+05    1.86902e+05   -7.60741e+05   -7.59737e+05    3.01037e+02
 Pres. DC (bar) Pressure (bar)      dVcoul/dl       dVvdw/dl    dVbonded/dl
   -2.15025e+02    7.06208e+01    0.00000e+00    0.00000e+00    0.00000e+00
   Constr. rmsd
    3.82764e-06


DD  load balancing is limited by minimum cell size in dimension X
DD  step 699  vol min/aver 0.540! load imb.: force 14.5%  pme mesh/force 0.436
           Step           Time
            700        1.40000

   Energies (kJ/mol)
           Bond          Angle    Proper Dih. Per. Imp. Dih.          LJ-14
    4.55417e+03    1.23100e+04    1.35872e+04    6.94115e+02    5.28808e+03
     Coulomb-14        LJ (SR)  Disper. corr.   Coulomb (SR)   Coul. recip.
    6.20656e+04    1.32887e+05   -9.49088e+03   -1.17563e+06    6.78673e+03
      Potential    Kinetic En.   Total Energy  Conserved En.    Temperature
   -9.46947e+05    1.86265e+05   -7.60682e+05   -7.59698e+05    3.00011e+02
 Pres. DC (bar) Pressure (bar)      dVcoul/dl       dVvdw/dl    dVbonded/dl
   -2.14969e+02    6.16382e+01    0.00000e+00    0.00000e+00    0.00000e+00
   Constr. rmsd
    3.89064e-06


DD  load balancing is limited by minimum cell size in dimension X
DD  step 749  vol min/aver 0.554! load imb.: force 11.3%  pme mesh/force 0.489
           Step           Time
            750        1.50000

   Energies (kJ/mol)
           Bond          Angle    Proper Dih. Per. Imp. Dih.          LJ-14
    4.28162e+03    1.21080e+04    1.36375e+04    6.45892e+02    5.23518e+03
     Coulomb-14        LJ (SR)  Disper. corr.   Coulomb (SR)   Coul. recip.
    6.18633e+04    1.33819e+05   -9.48763e+03   -1.17763e+06    6.60873e+03
      Potential    Kinetic En.   Total Energy  Conserved En.    Temperature
   -9.48919e+05    1.85794e+05   -7.63125e+05   -7.59723e+05    2.99252e+02
 Pres. DC (bar) Pressure (bar)      dVcoul/dl       dVvdw/dl    dVbonded/dl
   -2.14822e+02    7.21417e+01    0.00000e+00    0.00000e+00    0.00000e+00
   Constr. rmsd
    3.84957e-06


DD  load balancing is limited by minimum cell size in dimension X
DD  step 799  vol min/aver 0.576! load imb.: force 27.8%  pme mesh/force 0.456
           Step           Time
            800        1.60000

   Energies (kJ/mol)
           Bond          Angle    Proper Dih. Per. Imp. Dih.          LJ-14
    4.55170e+03    1.19018e+04    1.35646e+04    6.94620e+02    5.24136e+03
     Coulomb-14        LJ (SR)  Disper. corr.   Coulomb (SR)   Coul. recip.
    6.17389e+04    1.33340e+05   -9.48105e+03   -1.17648e+06    6.73300e+03
      Potential    Kinetic En.   Total Energy  Conserved En.    Temperature
   -9.48197e+05    1.85400e+05   -7.62797e+05   -7.59699e+05    2.98618e+02
 Pres. DC (bar) Pressure (bar)      dVcoul/dl       dVvdw/dl    dVbonded/dl
   -2.14524e+02   -9.57787e+00    0.00000e+00    0.00000e+00    0.00000e+00
   Constr. rmsd
    4.13340e-06


DD  load balancing is limited by minimum cell size in dimension X
DD  step 849  vol min/aver 0.536! load imb.: force 28.2%  pme mesh/force 0.502
           Step           Time
            850        1.70000

   Energies (kJ/mol)
           Bond          Angle    Proper Dih. Per. Imp. Dih.          LJ-14
    4.30310e+03    1.21717e+04    1.35480e+04    6.86894e+02    5.18871e+03
     Coulomb-14        LJ (SR)  Disper. corr.   Coulomb (SR)   Coul. recip.
    6.17840e+04    1.33808e+05   -9.47183e+03   -1.17689e+06    6.67023e+03
      Potential    Kinetic En.   Total Energy  Conserved En.    Temperature
   -9.48199e+05    1.86591e+05   -7.61607e+05   -7.59739e+05    3.00536e+02
 Pres. DC (bar) Pressure (bar)      dVcoul/dl       dVvdw/dl    dVbonded/dl
   -2.14108e+02   -1.08555e+00    0.00000e+00    0.00000e+00    0.00000e+00
   Constr. rmsd
    3.98925e-06


DD  load balancing is limited by minimum cell size in dimension X
DD  step 899  vol min/aver 0.515! load imb.: force 17.9%  pme mesh/force 0.456
           Step           Time
            900        1.80000

   Energies (kJ/mol)
           Bond          Angle    Proper Dih. Per. Imp. Dih.          LJ-14
    4.38910e+03    1.21231e+04    1.35603e+04    6.77961e+02    5.17738e+03
     Coulomb-14        LJ (SR)  Disper. corr.   Coulomb (SR)   Coul. recip.
    6.21810e+04    1.30594e+05   -9.46214e+03   -1.17380e+06    6.86721e+03
      Potential    Kinetic En.   Total Energy  Conserved En.    Temperature
   -9.47693e+05    1.86175e+05   -7.61518e+05   -7.59699e+05    2.99865e+02
 Pres. DC (bar) Pressure (bar)      dVcoul/dl       dVvdw/dl    dVbonded/dl
   -2.13670e+02   -2.28491e+02    0.00000e+00    0.00000e+00    0.00000e+00
   Constr. rmsd
    3.89752e-06


DD  load balancing is limited by minimum cell size in dimension X
DD  step 949  vol min/aver 0.527! load imb.: force 14.1%  pme mesh/force 0.538
           Step           Time
            950        1.90000

   Energies (kJ/mol)
           Bond          Angle    Proper Dih. Per. Imp. Dih.          LJ-14
    4.36849e+03    1.24067e+04    1.35950e+04    6.61886e+02    5.15909e+03
     Coulomb-14        LJ (SR)  Disper. corr.   Coulomb (SR)   Coul. recip.
    6.16358e+04    1.33490e+05   -9.45764e+03   -1.17564e+06    6.86126e+03
      Potential    Kinetic En.   Total Energy  Conserved En.    Temperature
   -9.46915e+05    1.85520e+05   -7.61395e+05   -7.59688e+05    2.98811e+02
 Pres. DC (bar) Pressure (bar)      dVcoul/dl       dVvdw/dl    dVbonded/dl
   -2.13468e+02    1.17165e+01    0.00000e+00    0.00000e+00    0.00000e+00
   Constr. rmsd
    3.85445e-06


DD  load balancing is limited by minimum cell size in dimension X
DD  step 999  vol min/aver 0.529! load imb.: force 17.2%  pme mesh/force 0.471
           Step           Time
           1000        2.00000

   Energies (kJ/mol)
           Bond          Angle    Proper Dih. Per. Imp. Dih.          LJ-14
    4.23146e+03    1.18581e+04    1.37428e+04    6.91709e+02    5.31280e+03
     Coulomb-14        LJ (SR)  Disper. corr.   Coulomb (SR)   Coul. recip.
    6.18927e+04    1.30849e+05   -9.45800e+03   -1.17419e+06    6.79351e+03
      Potential    Kinetic En.   Total Energy  Conserved En.    Temperature
   -9.48277e+05    1.87262e+05   -7.61014e+05   -7.59756e+05    3.01617e+02
 Pres. DC (bar) Pressure (bar)      dVcoul/dl       dVvdw/dl    dVbonded/dl
   -2.13484e+02   -1.33444e+02    0.00000e+00    0.00000e+00    0.00000e+00
   Constr. rmsd
    3.96271e-06


DD  load balancing is limited by minimum cell size in dimension X
DD  step 1049  vol min/aver 0.572! load imb.: force 18.3%  pme mesh/force 0.485
           Step           Time
           1050        2.10000

   Energies (kJ/mol)
           Bond          Angle    Proper Dih. Per. Imp. Dih.          LJ-14
    4.41575e+03    1.21164e+04    1.36365e+04    6.48896e+02    5.13583e+03
     Coulomb-14        LJ (SR)  Disper. corr.   Coulomb (SR)   Coul. recip.
    6.20048e+04    1.33649e+05   -9.46249e+03   -1.17673e+06    6.82490e+03
      Potential    Kinetic En.   Total Energy  Conserved En.    Temperature
   -9.47761e+05    1.87041e+05   -7.60721e+05   -7.59720e+05    3.01260e+02
 Pres. DC (bar) Pressure (bar)      dVcoul/dl       dVvdw/dl    dVbonded/dl
   -2.13686e+02   -4.52596e+01    0.00000e+00    0.00000e+00    0.00000e+00
   Constr. rmsd
    4.10460e-06


DD  load balancing is limited by minimum cell size in dimension X
DD  step 1099  vol min/aver 0.577! load imb.: force 17.6%  pme mesh/force 0.447
           Step           Time
           1100        2.20000

   Energies (kJ/mol)
           Bond          Angle    Proper Dih. Per. Imp. Dih.          LJ-14
    4.42990e+03    1.20045e+04    1.36123e+04    6.92734e+02    5.23030e+03
     Coulomb-14        LJ (SR)  Disper. corr.   Coulomb (SR)   Coul. recip.
    6.18984e+04    1.33342e+05   -9.46526e+03   -1.17662e+06    6.73067e+03
      Potential    Kinetic En.   Total Energy  Conserved En.    Temperature
   -9.48141e+05    1.86379e+05   -7.61762e+05   -7.59687e+05    3.00194e+02
 Pres. DC (bar) Pressure (bar)      dVcoul/dl       dVvdw/dl    dVbonded/dl
   -2.13811e+02   -1.78140e+00    0.00000e+00    0.00000e+00    0.00000e+00
   Constr. rmsd
    3.92623e-06


DD  load balancing is limited by minimum cell size in dimension X
DD  step 1149  vol min/aver 0.610! load imb.: force 20.0%  pme mesh/force 0.446
           Step           Time
           1150        2.30000

   Energies (kJ/mol)
           Bond          Angle    Proper Dih. Per. Imp. Dih.          LJ-14
    4.52468e+03    1.20710e+04    1.36258e+04    6.69492e+02    5.13639e+03
     Coulomb-14        LJ (SR)  Disper. corr.   Coulomb (SR)   Coul. recip.
    6.16905e+04    1.32955e+05   -9.46634e+03   -1.17551e+06    6.61781e+03
      Potential    Kinetic En.   Total Energy  Conserved En.    Temperature
   -9.47684e+05    1.86780e+05   -7.60904e+05   -7.59688e+05    3.00840e+02
 Pres. DC (bar) Pressure (bar)      dVcoul/dl       dVvdw/dl    dVbonded/dl
   -2.13860e+02   -5.82610e+01    0.00000e+00    0.00000e+00    0.00000e+00
   Constr. rmsd
    4.04023e-06


DD  load balancing is limited by minimum cell size in dimension X
DD  step 1199  vol min/aver 0.609! load imb.: force 15.4%  pme mesh/force 0.448
           Step           Time
           1200        2.40000

   Energies (kJ/mol)
           Bond          Angle    Proper Dih. Per. Imp. Dih.          LJ-14
    4.44533e+03    1.22092e+04    1.36398e+04    7.14664e+02    5.16564e+03
     Coulomb-14        LJ (SR)  Disper. corr.   Coulomb (SR)   Coul. recip.
    6.16312e+04    1.33633e+05   -9.46723e+03   -1.17639e+06    6.78255e+03
      Potential    Kinetic En.   Total Energy  Conserved En.    Temperature
   -9.47637e+05    1.85737e+05   -7.61899e+05   -7.59697e+05    2.99160e+02
 Pres. DC (bar) Pressure (bar)      dVcoul/dl       dVvdw/dl    dVbonded/dl
   -2.13900e+02    2.08344e+01    0.00000e+00    0.00000e+00    0.00000e+00
   Constr. rmsd
    3.96238e-06


DD  load balancing is limited by minimum cell size in dimension X
DD  step 1249  vol min/aver 0.637! load imb.: force 21.2%  pme mesh/force 0.473
           Step           Time
           1250        2.50000

   Energies (kJ/mol)
           Bond          Angle    Proper Dih. Per. Imp. Dih.          LJ-14
    4.43831e+03    1.18941e+04    1.35767e+04    7.21510e+02    5.22351e+03
     Coulomb-14        LJ (SR)  Disper. corr.   Coulomb (SR)   Coul. recip.
    6.18300e+04    1.31890e+05   -9.46919e+03   -1.17498e+06    6.79087e+03
      Potential    Kinetic En.   Total Energy  Conserved En.    Temperature
   -9.48088e+05    1.85600e+05   -7.62488e+05   -7.59714e+05    2.98939e+02
 Pres. DC (bar) Pressure (bar)      dVcoul/dl       dVvdw/dl    dVbonded/dl
   -2.13989e+02   -1.27093e+02    0.00000e+00    0.00000e+00    0.00000e+00
   Constr. rmsd
    4.04412e-06


DD  load balancing is limited by minimum cell size in dimension X
DD  step 1299  vol min/aver 0.630! load imb.: force 14.0%  pme mesh/force 0.444
           Step           Time
           1300        2.60000

   Energies (kJ/mol)
           Bond          Angle    Proper Dih. Per. Imp. Dih.          LJ-14
    4.33407e+03    1.20604e+04    1.36792e+04    6.97606e+02    5.30813e+03
     Coulomb-14        LJ (SR)  Disper. corr.   Coulomb (SR)   Coul. recip.
    6.21483e+04    1.32916e+05   -9.47565e+03   -1.17697e+06    6.77907e+03
      Potential    Kinetic En.   Total Energy  Conserved En.    Temperature
   -9.48519e+05    1.86084e+05   -7.62436e+05   -7.59693e+05    2.99718e+02
 Pres. DC (bar) Pressure (bar)      dVcoul/dl       dVvdw/dl    dVbonded/dl
   -2.14280e+02    7.26793e+01    0.00000e+00    0.00000e+00    0.00000e+00
   Constr. rmsd
    3.70590e-06


DD  load balancing is limited by minimum cell size in dimension X
DD  step 1349  vol min/aver 0.656! load imb.: force 18.2%  pme mesh/force 0.486
           Step           Time
           1350        2.70000

   Energies (kJ/mol)
           Bond          Angle    Proper Dih. Per. Imp. Dih.          LJ-14
    4.31300e+03    1.17748e+04    1.35780e+04    6.52318e+02    5.27000e+03
     Coulomb-14        LJ (SR)  Disper. corr.   Coulomb (SR)   Coul. recip.
    6.19697e+04    1.32470e+05   -9.48253e+03   -1.17682e+06    6.71522e+03
      Potential    Kinetic En.   Total Energy  Conserved En.    Temperature
   -9.49555e+05    1.86692e+05   -7.62863e+05   -7.59734e+05    3.00698e+02
 Pres. DC (bar) Pressure (bar)      dVcoul/dl       dVvdw/dl    dVbonded/dl
   -2.14591e+02   -4.40054e+01    0.00000e+00    0.00000e+00    0.00000e+00
   Constr. rmsd
    3.92543e-06


DD  load balancing is limited by minimum cell size in dimension X
DD  step 1399  vol min/aver 0.657! load imb.: force 13.1%  pme mesh/force 0.455
           Step           Time
           1400        2.80000

   Energies (kJ/mol)
           Bond          Angle    Proper Dih. Per. Imp. Dih.          LJ-14
    4.34835e+03    1.20950e+04    1.36511e+04    7.33836e+02    5.23743e+03
     Coulomb-14        LJ (SR)  Disper. corr.   Coulomb (SR)   Coul. recip.
    6.19002e+04    1.34241e+05   -9.49021e+03   -1.17711e+06    6.70140e+03
      Potential    Kinetic En.   Total Energy  Conserved En.    Temperature
   -9.47694e+05    1.85717e+05   -7.61977e+05   -7.59733e+05    2.99128e+02
 Pres. DC (bar) Pressure (bar)      dVcoul/dl       dVvdw/dl    dVbonded/dl
   -2.14938e+02    2.34836e+02    0.00000e+00    0.00000e+00    0.00000e+00
   Constr. rmsd
    3.84765e-06


DD  load balancing is limited by minimum cell size in dimension X
DD  step 1449  vol min/aver 0.674! load imb.: force 12.3%  pme mesh/force 0.602
           Step           Time
           1450        2.90000

   Energies (kJ/mol)
           Bond          Angle    Proper Dih. Per. Imp. Dih.          LJ-14
    4.29390e+03    1.19035e+04    1.36681e+04    7.31700e+02    5.30689e+03
     Coulomb-14        LJ (SR)  Disper. corr.   Coulomb (SR)   Coul. recip.
    6.17313e+04    1.32660e+05   -9.49488e+03   -1.17690e+06    6.82089e+03
      Potential    Kinetic En.   Total Energy  Conserved En.    Temperature
   -9.49276e+05    1.87169e+05   -7.62107e+05   -7.59737e+05    3.01466e+02
 Pres. DC (bar) Pressure (bar)      dVcoul/dl       dVvdw/dl    dVbonded/dl
   -2.15150e+02    3.42325e+01    0.00000e+00    0.00000e+00    0.00000e+00
   Constr. rmsd
    3.92129e-06


DD  load balancing is limited by minimum cell size in dimension X
DD  step 1499  vol min/aver 0.688! load imb.: force 16.9%  pme mesh/force 0.499
           Step           Time
           1500        3.00000

   Energies (kJ/mol)
           Bond          Angle    Proper Dih. Per. Imp. Dih.          LJ-14
    4.46924e+03    1.19718e+04    1.38628e+04    7.47549e+02    5.15269e+03
     Coulomb-14        LJ (SR)  Disper. corr.   Coulomb (SR)   Coul. recip.
    6.17997e+04    1.32299e+05   -9.49927e+03   -1.17611e+06    6.64756e+03
      Potential    Kinetic En.   Total Energy  Conserved En.    Temperature
   -9.48660e+05    1.86515e+05   -7.62146e+05   -7.59715e+05    3.00413e+02
 Pres. DC (bar) Pressure (bar)      dVcoul/dl       dVvdw/dl    dVbonded/dl
   -2.15349e+02   -5.13114e+01    0.00000e+00    0.00000e+00    0.00000e+00
   Constr. rmsd
    3.94978e-06


DD  load balancing is limited by minimum cell size in dimension X
DD  step 1549  vol min/aver 0.698! load imb.: force 14.7%  pme mesh/force 0.491
           Step           Time
           1550        3.10000

   Energies (kJ/mol)
           Bond          Angle    Proper Dih. Per. Imp. Dih.          LJ-14
    4.46748e+03    1.19791e+04    1.36442e+04    7.31185e+02    5.18124e+03
     Coulomb-14        LJ (SR)  Disper. corr.   Coulomb (SR)   Coul. recip.
    6.16846e+04    1.32202e+05   -9.50576e+03   -1.17665e+06    6.54818e+03
      Potential    Kinetic En.   Total Energy  Conserved En.    Temperature
   -9.49717e+05    1.87494e+05   -7.62223e+05   -7.59706e+05    3.01989e+02
 Pres. DC (bar) Pressure (bar)      dVcoul/dl       dVvdw/dl    dVbonded/dl
   -2.15642e+02   -5.82671e+01    0.00000e+00    0.00000e+00    0.00000e+00
   Constr. rmsd
    3.90225e-06


DD  load balancing is limited by minimum cell size in dimension X
DD  step 1599  vol min/aver 0.700! load imb.: force 23.2%  pme mesh/force 0.633
           Step           Time
           1600        3.20000

   Energies (kJ/mol)
           Bond          Angle    Proper Dih. Per. Imp. Dih.          LJ-14
    4.29215e+03    1.22043e+04    1.36196e+04    7.03997e+02    5.21035e+03
     Coulomb-14        LJ (SR)  Disper. corr.   Coulomb (SR)   Coul. recip.
    6.18143e+04    1.33813e+05   -9.50879e+03   -1.17669e+06    6.66563e+03
      Potential    Kinetic En.   Total Energy  Conserved En.    Temperature
   -9.47872e+05    1.86627e+05   -7.61245e+05   -7.59727e+05    3.00594e+02
 Pres. DC (bar) Pressure (bar)      dVcoul/dl       dVvdw/dl    dVbonded/dl
   -2.15780e+02    1.73304e+02    0.00000e+00    0.00000e+00    0.00000e+00
   Constr. rmsd
    4.04129e-06


DD  load balancing is limited by minimum cell size in dimension X
DD  step 1649  vol min/aver 0.699! load imb.: force 14.4%  pme mesh/force 0.508
           Step           Time
           1650        3.30000

   Energies (kJ/mol)
           Bond          Angle    Proper Dih. Per. Imp. Dih.          LJ-14
    4.51462e+03    1.18602e+04    1.36008e+04    6.47423e+02    5.28066e+03
     Coulomb-14        LJ (SR)  Disper. corr.   Coulomb (SR)   Coul. recip.
    6.18533e+04    1.32142e+05   -9.50609e+03   -1.17443e+06    6.58496e+03
      Potential    Kinetic En.   Total Energy  Conserved En.    Temperature
   -9.47449e+05    1.86005e+05   -7.61444e+05   -7.59723e+05    2.99592e+02
 Pres. DC (bar) Pressure (bar)      dVcoul/dl       dVvdw/dl    dVbonded/dl
   -2.15657e+02    6.35519e+01    0.00000e+00    0.00000e+00    0.00000e+00
   Constr. rmsd
    3.80269e-06


DD  load balancing is limited by minimum cell size in dimension X
DD  step 1699  vol min/aver 0.688! load imb.: force 13.4%  pme mesh/force 0.467
           Step           Time
           1700        3.40000

   Energies (kJ/mol)
           Bond          Angle    Proper Dih. Per. Imp. Dih.          LJ-14
    4.33581e+03    1.20610e+04    1.35671e+04    6.69174e+02    5.18830e+03
     Coulomb-14        LJ (SR)  Disper. corr.   Coulomb (SR)   Coul. recip.
    6.19867e+04    1.30946e+05   -9.50070e+03   -1.17427e+06    6.71763e+03
      Potential    Kinetic En.   Total Energy  Conserved En.    Temperature
   -9.48296e+05    1.86279e+05   -7.62017e+05   -7.59711e+05    3.00033e+02
 Pres. DC (bar) Pressure (bar)      dVcoul/dl       dVvdw/dl    dVbonded/dl
   -2.15414e+02   -7.33847e+01    0.00000e+00    0.00000e+00    0.00000e+00
   Constr. rmsd
    3.79660e-06


DD  load balancing is limited by minimum cell size in dimension X
DD  step 1749  vol min/aver 0.702! load imb.: force  9.7%  pme mesh/force 0.546
           Step           Time
           1750        3.50000

   Energies (kJ/mol)
           Bond          Angle    Proper Dih. Per. Imp. Dih.          LJ-14
    4.41155e+03    1.21768e+04    1.36898e+04    6.98353e+02    5.25461e+03
     Coulomb-14        LJ (SR)  Disper. corr.   Coulomb (SR)   Coul. recip.
    6.17219e+04    1.30400e+05   -9.49632e+03   -1.17274e+06    6.72364e+03
      Potential    Kinetic En.   Total Energy  Conserved En.    Temperature
   -9.47164e+05    1.85997e+05   -7.61168e+05   -7.59700e+05    2.99578e+02
 Pres. DC (bar) Pressure (bar)      dVcoul/dl       dVvdw/dl    dVbonded/dl
   -2.15215e+02   -2.89974e+01    0.00000e+00    0.00000e+00    0.00000e+00
   Constr. rmsd
    3.74890e-06


DD  load balancing is limited by minimum cell size in dimension X
DD  step 1799  vol min/aver 0.692! load imb.: force 10.8%  pme mesh/force 0.459
           Step           Time
           1800        3.60000

   Energies (kJ/mol)
           Bond          Angle    Proper Dih. Per. Imp. Dih.          LJ-14
    4.36946e+03    1.20229e+04    1.34938e+04    6.62884e+02    5.20004e+03
     Coulomb-14        LJ (SR)  Disper. corr.   Coulomb (SR)   Coul. recip.
    6.18251e+04    1.30005e+05   -9.49459e+03   -1.17321e+06    6.68388e+03
      Potential    Kinetic En.   Total Energy  Conserved En.    Temperature
   -9.48439e+05    1.87189e+05   -7.61250e+05   -7.59741e+05    3.01499e+02
 Pres. DC (bar) Pressure (bar)      dVcoul/dl       dVvdw/dl    dVbonded/dl
   -2.15137e+02   -1.95891e+02    0.00000e+00    0.00000e+00    0.00000e+00
   Constr. rmsd
    3.67652e-06


DD  load balancing is limited by minimum cell size in dimension X
DD  step 1849  vol min/aver 0.697! load imb.: force 10.5%  pme mesh/force 0.509
           Step           Time
           1850        3.70000

   Energies (kJ/mol)
           Bond          Angle    Proper Dih. Per. Imp. Dih.          LJ-14
    4.42865e+03    1.20074e+04    1.35703e+04    6.59889e+02    5.16910e+03
     Coulomb-14        LJ (SR)  Disper. corr.   Coulomb (SR)   Coul. recip.
    6.18781e+04    1.33647e+05   -9.49724e+03   -1.17610e+06    6.64675e+03
      Potential    Kinetic En.   Total Energy  Conserved En.    Temperature
   -9.47588e+05    1.86996e+05   -7.60592e+05   -7.59743e+05    3.01189e+02
 Pres. DC (bar) Pressure (bar)      dVcoul/dl       dVvdw/dl    dVbonded/dl
   -2.15257e+02    7.27287e+01    0.00000e+00    0.00000e+00    0.00000e+00
   Constr. rmsd
    3.94761e-06


DD  load balancing is limited by minimum cell size in dimension X
DD  step 1899  vol min/aver 0.697! load imb.: force 12.0%  pme mesh/force 0.503
           Step           Time
           1900        3.80000

   Energies (kJ/mol)
           Bond          Angle    Proper Dih. Per. Imp. Dih.          LJ-14
    4.29684e+03    1.19853e+04    1.37247e+04    6.27064e+02    5.17162e+03
     Coulomb-14        LJ (SR)  Disper. corr.   Coulomb (SR)   Coul. recip.
    6.18625e+04    1.32071e+05   -9.49928e+03   -1.17477e+06    6.61047e+03
      Potential    Kinetic En.   Total Energy  Conserved En.    Temperature
   -9.47917e+05    1.86715e+05   -7.61202e+05   -7.59745e+05    3.00735e+02
 Pres. DC (bar) Pressure (bar)      dVcoul/dl       dVvdw/dl    dVbonded/dl
   -2.15349e+02   -2.26172e+01    0.00000e+00    0.00000e+00    0.00000e+00
   Constr. rmsd
    4.28045e-06


DD  load balancing is limited by minimum cell size in dimension X
DD  step 1949  vol min/aver 0.702! load imb.: force 10.3%  pme mesh/force 0.507
           Step           Time
           1950        3.90000

   Energies (kJ/mol)
           Bond          Angle    Proper Dih. Per. Imp. Dih.          LJ-14
    4.37808e+03    1.20557e+04    1.35034e+04    6.76336e+02    5.27408e+03
     Coulomb-14        LJ (SR)  Disper. corr.   Coulomb (SR)   Coul. recip.
    6.19987e+04    1.32380e+05   -9.50096e+03   -1.17477e+06    6.83505e+03
      Potential    Kinetic En.   Total Energy  Conserved En.    Temperature
   -9.47170e+05    1.86294e+05   -7.60876e+05   -7.59698e+05    3.00058e+02
 Pres. DC (bar) Pressure (bar)      dVcoul/dl       dVvdw/dl    dVbonded/dl
   -2.15425e+02    1.07746e+02    0.00000e+00    0.00000e+00    0.00000e+00
   Constr. rmsd
    4.01503e-06


DD  load balancing is limited by minimum cell size in dimension X
DD  step 1999  vol min/aver 0.715! load imb.: force 13.4%  pme mesh/force 0.462

step 2000 Turning off dynamic load balancing, because it is degrading performance.
Atom distribution over 16 domains: av 4582 stddev 105 min 4481 max 4691
           Step           Time
           2000        4.00000

   Energies (kJ/mol)
           Bond          Angle    Proper Dih. Per. Imp. Dih.          LJ-14
    4.46922e+03    1.18485e+04    1.36284e+04    7.24701e+02    5.24429e+03
     Coulomb-14        LJ (SR)  Disper. corr.   Coulomb (SR)   Coul. recip.
    6.15981e+04    1.31271e+05   -9.50187e+03   -1.17542e+06    6.64745e+03
      Potential    Kinetic En.   Total Energy  Conserved En.    Temperature
   -9.49490e+05    1.87884e+05   -7.61606e+05   -7.59724e+05    3.02618e+02
 Pres. DC (bar) Pressure (bar)      dVcoul/dl       dVvdw/dl    dVbonded/dl
   -2.15466e+02   -4.60324e+01    0.00000e+00    0.00000e+00    0.00000e+00
   Constr. rmsd
    3.81158e-06


DD  step 2049 load imb.: force 37.9%  pme mesh/force 0.435
           Step           Time
           2050        4.10000

   Energies (kJ/mol)
           Bond          Angle    Proper Dih. Per. Imp. Dih.          LJ-14
    4.23350e+03    1.19633e+04    1.34563e+04    6.86955e+02    5.21625e+03
     Coulomb-14        LJ (SR)  Disper. corr.   Coulomb (SR)   Coul. recip.
    6.19287e+04    1.31398e+05   -9.50296e+03   -1.17503e+06    6.51856e+03
      Potential    Kinetic En.   Total Energy  Conserved En.    Temperature
   -9.49136e+05    1.86460e+05   -7.62675e+05   -7.59733e+05    3.00325e+02
 Pres. DC (bar) Pressure (bar)      dVcoul/dl       dVvdw/dl    dVbonded/dl
   -2.15516e+02   -2.59601e+01    0.00000e+00    0.00000e+00    0.00000e+00
   Constr. rmsd
    3.89543e-06


DD  step 2099 load imb.: force 44.0%  pme mesh/force 0.355
           Step           Time
           2100        4.20000

   Energies (kJ/mol)
           Bond          Angle    Proper Dih. Per. Imp. Dih.          LJ-14
    4.22276e+03    1.21012e+04    1.35928e+04    6.61224e+02    5.15020e+03
     Coulomb-14        LJ (SR)  Disper. corr.   Coulomb (SR)   Coul. recip.
    6.20280e+04    1.33539e+05   -9.50533e+03   -1.17737e+06    6.83309e+03
      Potential    Kinetic En.   Total Energy  Conserved En.    Temperature
   -9.48752e+05    1.85642e+05   -7.63110e+05   -7.59725e+05    2.99008e+02
 Pres. DC (bar) Pressure (bar)      dVcoul/dl       dVvdw/dl    dVbonded/dl
   -2.15623e+02    5.52191e+01    0.00000e+00    0.00000e+00    0.00000e+00
   Constr. rmsd
    3.91660e-06


DD  step 2149 load imb.: force 51.0%  pme mesh/force 0.394
           Step           Time
           2150        4.30000

   Energies (kJ/mol)
           Bond          Angle    Proper Dih. Per. Imp. Dih.          LJ-14
    4.37459e+03    1.20520e+04    1.35695e+04    6.76842e+02    5.23833e+03
     Coulomb-14        LJ (SR)  Disper. corr.   Coulomb (SR)   Coul. recip.
    6.19691e+04    1.32547e+05   -9.50343e+03   -1.17658e+06    6.78360e+03
      Potential    Kinetic En.   Total Energy  Conserved En.    Temperature
   -9.48877e+05    1.86043e+05   -7.62834e+05   -7.59706e+05    2.99652e+02
 Pres. DC (bar) Pressure (bar)      dVcoul/dl       dVvdw/dl    dVbonded/dl
   -2.15537e+02    3.70032e+01    0.00000e+00    0.00000e+00    0.00000e+00
   Constr. rmsd
    3.81208e-06


DD  step 2199 load imb.: force 54.0%  pme mesh/force 0.319
           Step           Time
           2200        4.40000

   Energies (kJ/mol)
           Bond          Angle    Proper Dih. Per. Imp. Dih.          LJ-14
    4.33484e+03    1.19014e+04    1.36410e+04    6.62657e+02    5.21494e+03
     Coulomb-14        LJ (SR)  Disper. corr.   Coulomb (SR)   Coul. recip.
    6.18617e+04    1.30682e+05   -9.49955e+03   -1.17458e+06    6.73566e+03
      Potential    Kinetic En.   Total Energy  Conserved En.    Temperature
   -9.49048e+05    1.85120e+05   -7.63928e+05   -7.59715e+05    2.98166e+02
 Pres. DC (bar) Pressure (bar)      dVcoul/dl       dVvdw/dl    dVbonded/dl
   -2.15361e+02   -1.77920e+02    0.00000e+00    0.00000e+00    0.00000e+00
   Constr. rmsd
    3.83724e-06


DD  step 2249 load imb.: force 57.0%  pme mesh/force 0.377
           Step           Time
           2250        4.50000

   Energies (kJ/mol)
           Bond          Angle    Proper Dih. Per. Imp. Dih.          LJ-14
    4.34061e+03    1.19747e+04    1.35402e+04    6.25351e+02    5.16548e+03
     Coulomb-14        LJ (SR)  Disper. corr.   Coulomb (SR)   Coul. recip.
    6.20393e+04    1.33234e+05   -9.49882e+03   -1.17767e+06    6.57871e+03
      Potential    Kinetic En.   Total Energy  Conserved En.    Temperature
   -9.49674e+05    1.86677e+05   -7.62996e+05   -7.59724e+05    3.00675e+02
 Pres. DC (bar) Pressure (bar)      dVcoul/dl       dVvdw/dl    dVbonded/dl
   -2.15328e+02    1.25129e+01    0.00000e+00    0.00000e+00    0.00000e+00
   Constr. rmsd
    3.96459e-06


DD  step 2299 load imb.: force 57.3%  pme mesh/force 0.313
           Step           Time
           2300        4.60000

   Energies (kJ/mol)
           Bond          Angle    Proper Dih. Per. Imp. Dih.          LJ-14
    4.44572e+03    1.16025e+04    1.34618e+04    6.85880e+02    5.27134e+03
     Coulomb-14        LJ (SR)  Disper. corr.   Coulomb (SR)   Coul. recip.
    6.22041e+04    1.31506e+05   -9.49558e+03   -1.17541e+06    6.57171e+03
      Potential    Kinetic En.   Total Energy  Conserved En.    Temperature
   -9.49155e+05    1.85509e+05   -7.63645e+05   -7.59705e+05    2.98793e+02
 Pres. DC (bar) Pressure (bar)      dVcoul/dl       dVvdw/dl    dVbonded/dl
   -2.15181e+02    4.63140e+00    0.00000e+00    0.00000e+00    0.00000e+00
   Constr. rmsd
    3.87014e-06


DD  step 2349 load imb.: force 51.3%  pme mesh/force 0.370
           Step           Time
           2350        4.70000

   Energies (kJ/mol)
           Bond          Angle    Proper Dih. Per. Imp. Dih.          LJ-14
    4.54898e+03    1.18626e+04    1.33841e+04    6.47903e+02    5.14666e+03
     Coulomb-14        LJ (SR)  Disper. corr.   Coulomb (SR)   Coul. recip.
    6.19039e+04    1.30904e+05   -9.49237e+03   -1.17395e+06    6.68218e+03
      Potential    Kinetic En.   Total Energy  Conserved En.    Temperature
   -9.48365e+05    1.85497e+05   -7.62868e+05   -7.59693e+05    2.98773e+02
 Pres. DC (bar) Pressure (bar)      dVcoul/dl       dVvdw/dl    dVbonded/dl
   -2.15036e+02   -1.93729e+02    0.00000e+00    0.00000e+00    0.00000e+00
   Constr. rmsd
    3.80452e-06


DD  step 2399 load imb.: force 58.7%  pme mesh/force 0.308
           Step           Time
           2400        4.80000

   Energies (kJ/mol)
           Bond          Angle    Proper Dih. Per. Imp. Dih.          LJ-14
    4.26444e+03    1.20316e+04    1.33434e+04    7.16582e+02    5.27507e+03
     Coulomb-14        LJ (SR)  Disper. corr.   Coulomb (SR)   Coul. recip.
    6.21029e+04    1.32859e+05   -9.49322e+03   -1.17616e+06    6.72805e+03
      Potential    Kinetic En.   Total Energy  Conserved En.    Temperature
   -9.48329e+05    1.85619e+05   -7.62709e+05   -7.59698e+05    2.98971e+02
 Pres. DC (bar) Pressure (bar)      dVcoul/dl       dVvdw/dl    dVbonded/dl
   -2.15075e+02    6.36634e+01    0.00000e+00    0.00000e+00    0.00000e+00
   Constr. rmsd
    3.97241e-06


DD  step 2449 load imb.: force 59.4%  pme mesh/force 0.580
           Step           Time
           2450        4.90000

   Energies (kJ/mol)
           Bond          Angle    Proper Dih. Per. Imp. Dih.          LJ-14
    4.38598e+03    1.20565e+04    1.34480e+04    6.36965e+02    5.20508e+03
     Coulomb-14        LJ (SR)  Disper. corr.   Coulomb (SR)   Coul. recip.
    6.16922e+04    1.31936e+05   -9.49515e+03   -1.17508e+06    6.66408e+03
      Potential    Kinetic En.   Total Energy  Conserved En.    Temperature
   -9.48552e+05    1.85453e+05   -7.63098e+05   -7.59709e+05    2.98703e+02
 Pres. DC (bar) Pressure (bar)      dVcoul/dl       dVvdw/dl    dVbonded/dl
   -2.15162e+02   -2.03311e+01    0.00000e+00    0.00000e+00    0.00000e+00
   Constr. rmsd
    3.81772e-06


DD  step 2499 load imb.: force 51.0%  pme mesh/force 0.324
           Step           Time
           2500        5.00000

Writing checkpoint, step 2500 at Tue Jan 27 18:32:32 2026


   Energies (kJ/mol)
           Bond          Angle    Proper Dih. Per. Imp. Dih.          LJ-14
    4.31310e+03    1.17706e+04    1.35240e+04    6.68221e+02    5.23178e+03
     Coulomb-14        LJ (SR)  Disper. corr.   Coulomb (SR)   Coul. recip.
    6.20691e+04    1.33425e+05   -9.49996e+03   -1.17804e+06    6.75677e+03
      Potential    Kinetic En.   Total Energy  Conserved En.    Temperature
   -9.49780e+05    1.86810e+05   -7.62970e+05   -7.59750e+05    3.00888e+02
 Pres. DC (bar) Pressure (bar)      dVcoul/dl       dVvdw/dl    dVbonded/dl
   -2.15380e+02    5.59357e+00    0.00000e+00    0.00000e+00    0.00000e+00
   Constr. rmsd
    4.00627e-06


Energy conservation over simulation part #1 of length 5 ps, time 0 to 5 ps
  Conserved energy drift: -9.05e-05 kJ/mol/ps per atom


	<======  ###############  ==>
	<====  A V E R A G E S  ====>
	<==  ###############  ======>

	Statistics over 2501 steps using 51 frames

   Energies (kJ/mol)
           Bond          Angle    Proper Dih. Per. Imp. Dih.          LJ-14
    4.38927e+03    1.20310e+04    1.36001e+04    6.82563e+02    5.22753e+03
     Coulomb-14        LJ (SR)  Disper. corr.   Coulomb (SR)   Coul. recip.
    6.18933e+04    1.32588e+05   -9.47991e+03   -1.17561e+06    6.71872e+03
      Potential    Kinetic En.   Total Energy  Conserved En.    Temperature
   -9.47962e+05    1.86354e+05   -7.61609e+05   -7.59718e+05    3.00153e+02
 Pres. DC (bar) Pressure (bar)      dVcoul/dl       dVvdw/dl    dVbonded/dl
   -2.14474e+02   -7.83308e+00    0.00000e+00    0.00000e+00    0.00000e+00
   Constr. rmsd
    0.00000e+00

          Box-X          Box-Y          Box-Z
    1.01291e+01    1.01291e+01    7.16238e+00

   Total Virial (kJ/mol)
    6.19057e+04   -2.48552e+02   -5.39993e+00
   -2.48482e+02    6.27227e+04    6.09630e+01
   -2.27230e+00    6.40165e+01    6.22482e+04

   Pressure (bar)
    8.02962e+00    1.27926e+01    2.48301e+00
    1.27896e+01   -2.92160e+01   -2.09934e+00
    2.34164e+00   -2.23744e+00   -2.31284e+00


	M E G A - F L O P S   A C C O U N T I N G

 NB=Group-cutoff nonbonded kernels    NxN=N-by-N cluster Verlet kernels
 RF=Reaction-Field  VdW=Van der Waals  QSTab=quadratic-spline table
 W3=SPC/TIP3p  W4=TIP4p (single or pairs)
 V&F=Potential and force  V=Potential only  F=Force only

 Computing:                               M-Number         M-Flops  % Flops
-----------------------------------------------------------------------------
 Pair Search distance check            1648.434236       14835.908     0.1
 NxN Ewald Elec. + LJ [F]             75075.759248     4955000.110    49.0
 NxN Ewald Elec. + LJ [V&F]            1563.142128      167256.208     1.7
 NxN Ewald Elec. [F]                  64561.458416     3938248.963    38.9
 NxN Ewald Elec. [V&F]                 1344.250448      112917.038     1.1
 1,4 nonbonded interactions              35.751795        3217.662     0.0
 Calc Weights                           550.172481       19806.209     0.2
 Spread Q Bspline                     11737.012928       23474.026     0.2
 Gather F Bspline                     11737.012928       70422.078     0.7
 3D-FFT                               87424.255720      699394.046     6.9
 Solve PME                             1129.411584       72282.341     0.7
 Reset In Box                             3.593023          10.779     0.0
 CG-CoM                                   3.739677          11.219     0.0
 Bonds                                    6.897758         406.968     0.0
 Angles                                  24.799916        4166.386     0.0
 Propers                                 38.557917        8829.763     0.1
 Impropers                                2.603541         541.537     0.0
 Virial                                  37.097547         667.756     0.0
 Stop-CM                                  1.906502          19.065     0.0
 Calc-Ekin                               73.473654        1983.789     0.0
 Lincs                                    7.536739         452.204     0.0
 Lincs-Mat                               41.460756         165.843     0.0
 Constraint-V                           202.472576        1822.253     0.0
 Constraint-Vir                          39.049597         937.190     0.0
 Settle                                  62.466366       23112.555     0.2
-----------------------------------------------------------------------------
 Total                                                10119981.896   100.0
-----------------------------------------------------------------------------


    D O M A I N   D E C O M P O S I T I O N   S T A T I S T I C S

 av. #atoms communicated per step for force:  2 x 120460.3
 av. #atoms communicated per step for LINCS:  2 x 7682.2


Dynamic load balancing report:
 DLB was off during the run due to low measured imbalance.
 Average load imbalance: 28.3%.
 The balanceable part of the MD step is 65%, load imbalance is computed from this.
 Part of the total run time spent waiting due to load imbalance: 18.5%.
 Average PME mesh/force load: 0.455
 Part of the total run time spent waiting due to PP/PME imbalance: 16.3 %

NOTE: 18.5 % of the available CPU time was lost due to load imbalance
      in the domain decomposition.
      Dynamic load balancing was automatically disabled, but it might be beneficial to manually turn it on (option -dlb yes.)
      You can also consider manually changing the decomposition (option -dd);
      e.g. by using fewer domains along the box dimension in which there is
      considerable inhomogeneity in the simulated system.
NOTE: 16.3 % performance was lost because the PME ranks
      had less work to do than the PP ranks.
      You might want to decrease the number of PME ranks
      or decrease the cut-off and the grid spacing.


      R E A L   C Y C L E   A N D   T I M E   A C C O U N T I N G

On 16 MPI ranks doing PP, and
on 8 MPI ranks doing PME

 Activity:              Num   Num      Call    Wall time         Giga-Cycles
                        Ranks Threads  Count      (s)         total sum    %
--------------------------------------------------------------------------------
 Domain decomp.           16    1         50       0.172          8.475   0.5
 DD comm. load            16    1         50       0.001          0.027   0.0
 DD comm. bounds          16    1         37       0.005          0.265   0.0
 Send X to PME            16    1       2501       0.054          2.648   0.2
 Neighbor search          16    1         51       0.749         36.824   2.2
 Comm. coord.             16    1       2450       0.629         30.940   1.8
 Force                    16    1       2501      14.165        696.206  41.4
 Wait + Comm. F           16    1       2501       4.770        234.463  14.0
 PME mesh *                8    1       2501       8.406        206.583  12.3
 PME wait for PP *                                14.379        353.361  21.0
 Wait + Recv. PME F       16    1       2501       0.098          4.832   0.3
 NB X/F buffer ops.       16    1       7452       0.169          8.285   0.5
 Write traj.              16    1         51       0.188          9.230   0.5
 Update                   16    1       2501       0.052          2.558   0.2
 Constraints              16    1       2501       1.304         64.078   3.8
 Kinetic energy           16    1       1001       0.028          1.363   0.1
 Comm. energies           16    1        501       0.355         17.434   1.0
 Rest                                              0.045          2.219   0.1
--------------------------------------------------------------------------------
 Total                                            22.784       1679.770 100.0
--------------------------------------------------------------------------------
(*) Note that with separate PME ranks, the walltime column actually sums to
    twice the total reported, but the cycle count total and % are correct.
--------------------------------------------------------------------------------
 Breakdown of PME mesh activities
--------------------------------------------------------------------------------
 PME redist. X/F           8    1       5002       1.470         36.128   2.2
 PME spread                8    1       2501       1.565         38.470   2.3
 PME gather                8    1       2501       1.202         29.530   1.8
 PME 3D-FFT                8    1       5002       2.383         58.552   3.5
 PME 3D-FFT Comm.          8    1       5002       1.256         30.856   1.8
 PME solve Elec            8    1       2501       0.528         12.978   0.8
--------------------------------------------------------------------------------
 Note that the cycle count and % columns are weighted by the number of ranks,
 while walltimes are not. Hence, with separate PME ranks, the fraction of each
 activity's walltime does not correspond to the cycle %.
--------------------------------------------------------------------------------

               Core t (s)   Wall t (s)        (%)
       Time:      546.763       22.784     2399.7
                 (ns/day)    (hour/ns)
Performance:       18.968        1.265
Finished mdrun on rank 0 Tue Jan 27 18:32:32 2026

