            --------------------------------------------------------
                             AMBER SQM VERSION 19
 
                                     By
              Ross C. Walker, Michael F. Crowley, Scott Brozell,
                         Tim Giese, Andreas W. Goetz,
                        Tai-Sung Lee and David A. Case
 
            --------------------------------------------------------
 

--------------------------------------------------------------------------------
  QM CALCULATION INFO
--------------------------------------------------------------------------------

| QMMM: Citation for AMBER QMMM Run:
| QMMM: R.C. Walker, M.F. Crowley and D.A. Case, J. COMP. CHEM. 29:1019, 2008

QMMM: SINGLET STATE CALCULATION
QMMM: RHF CALCULATION, NO. OF DOUBLY OCCUPIED LEVELS = 81

| QMMM: *** Selected Hamiltonian *** 
| QMMM: AM1         

| QMMM: *** Parameter sets in use ***
| QMMM: C : M.J.S.DEWAR et al. JACS, 107, 3902, (1985)
| QMMM: H : M.J.S.DEWAR et al. JACS, 107, 3902, (1985)
| QMMM: N : M.J.S.DEWAR et al. JACS, 107, 3902, (1985)
| QMMM: S : M.J.S.DEWAR et al. INORG. CHEM., 29, 3881, (1990)
| QMMM: O : M.J.S.DEWAR et al. JACS, 107, 3902, (1985)

| QMMM: *** SCF convergence criteria ***
| QMMM: Energy change                :  0.1D-09 kcal/mol
| QMMM: Error matrix |FP-PF|         :  0.1D+00 au
| QMMM: Density matrix change        :  0.5D-06
| QMMM: Maximum number of SCF cycles :     1000

| QMMM: *** Diagonalization Routine Information ***
| QMMM: Pseudo diagonalizations are allowed.
| QMMM: Auto diagonalization routine selection is in use.
| QMMM:
| QMMM: Timing diagonalization routines:
| QMMM:                              norbs =      149
| QMMM:    diag iterations used for timing =       10
| QMMM:
| QMMM:              Internal diag routine = 0.056793 seconds
| QMMM:                 Dspev diag routine = 0.052001 seconds
| QMMM:                Dspevd diag routine = 0.023354 seconds
| QMMM:                Dspevx diag routine = 0.088530 seconds
| QMMM:                 Dsyev diag routine = 0.029678 seconds
| QMMM:                Dsyevd diag routine = 0.011525 seconds
| QMMM:                Dsyevr diag routine = 0.018151 seconds
| QMMM:
| QMMM:                Pseudo diag routine = 0.012125 seconds
| QMMM: Pseudo diagonalization appears to be slower than regular
| QMMM: diagonalization. Setting pseudo_diag=0 for optimum performance.
| QMMM:
| QMMM: Using dsyevd routine (diag_routine=6).

  QMMM: QM Region Cartesian Coordinates (*=link atom) 
  QMMM: QM_NO.   MM_NO.  ATOM         X         Y         Z
  QMMM:     1        1      C        1.7610   50.4590   84.4030
  QMMM:     2        2      H        1.9480   49.8040   85.2540
  QMMM:     3        3      H        1.1860   51.3250   84.7310
  QMMM:     4        4      H        2.7100   50.7910   83.9840
  QMMM:     5        5      N        1.0020   49.7260   83.3790
  QMMM:     6        6      H        1.0020   50.2660   82.5250
  QMMM:     7        7      C        0.2500   49.0000   82.3630
  QMMM:     8        8      H        0.3070   49.5360   81.4160
  QMMM:     9        9      C        0.8460   47.5940   82.1920
  QMMM:    10       10      H        1.5870   47.5100   81.3970
  QMMM:    11       11      H        1.6910   47.3780   82.8460
  QMMM:    12       12      S       -0.4370   46.3060   82.1660
  QMMM:    13       13      C       -1.2080   48.8850   82.7950
  QMMM:    14       14      H       -1.3450   47.9700   83.3720
  QMMM:    15       15      H       -1.8470   48.8580   81.9130
  QMMM:    16       16      H       -1.4740   49.7450   83.4100
  QMMM:    17       17      C       -0.2870   45.9220   80.3770
  QMMM:    18       18      N       -0.6860   43.5330   80.6570
  QMMM:    19       19      C        0.1750   44.5120   80.2530
  QMMM:    20       20      O        1.2250   44.2820   79.6790
  QMMM:    21       21      H       -1.5030   43.8620   81.1990
  QMMM:    22       22      C       -0.6830   42.1360   80.2990
  QMMM:    23       23      C        0.6040   41.3870   79.9830
  QMMM:    24       24      N        0.6670   40.6390   78.7480
  QMMM:    25       25      C       -0.1380   39.7290   78.3270
  QMMM:    26       26      C       -1.4450   39.4020   78.9180
  QMMM:    27       27      N       -2.1420   38.3140   78.5410
  QMMM:    28       28      C       -3.3500   38.3800   79.1220
  QMMM:    29       29      C       -3.4420   39.5250   79.8900
  QMMM:    30       30      C       -2.2120   40.1820   79.7680
  QMMM:    31       31      C       -1.8930   41.5410   80.2450
  QMMM:    32       32      H       -1.8260   37.5690   77.8790
  QMMM:    33       33      C       -4.6770   39.9420   80.5990
  QMMM:    34       34      C       -5.1130   39.4410   81.8290
  QMMM:    35       35      S       -6.5210   40.2530   82.2570
  QMMM:    36       36      C       -6.5280   41.2100   80.8760
  QMMM:    37       37      N       -5.4800   40.9110   80.0740
  QMMM:    38       38      C       -7.5050   42.2870   80.6040
  QMMM:    39       39      C       -8.4330   42.6280   81.5210
  QMMM:    40       40      C       -9.4370   43.7000   81.2130
  QMMM:    41       41      N       -9.3280   44.2860   79.8970
  QMMM:    42       42      C       -8.3110   43.8650   78.9990
  QMMM:    43       43      N       -7.4740   42.9430   79.3340
  QMMM:    44       44      H       -9.9950   45.0170   79.6080
  QMMM:    45       45      H        0.4240   46.5800   79.9220
  QMMM:    46       46      H       -1.2290   46.0520   79.8860
  QMMM:    47       47      H        1.4070   41.4130   80.6310
  QMMM:    48       48      H        0.1580   39.1810   77.5040
  QMMM:    49       49      H       -4.0990   37.6790   79.0110
  QMMM:    50       50      H       -2.2540   41.5670   81.2520
  QMMM:    51       51      H       -2.3150   42.1010   79.4370
  QMMM:    52       52      H       -4.6500   38.7000   82.3790
  QMMM:    53       53      H       -8.4530   42.1510   82.4360
  QMMM:    54       54      H      -10.4140   43.2750   81.3060
  QMMM:    55       55      H       -9.2480   44.4920   81.9070
  QMMM:    56       56      H       -8.2410   44.3030   78.0670

--------------------------------------------------------------------------------
  RESULTS
--------------------------------------------------------------------------------

      iter         sqm energy              rms gradient
      ----    -------------------    -----------------------
xmin    10      131.6852 kcal/mol        1.2660 kcal/(mol*A)
xmin    20      126.7564 kcal/mol        0.5143 kcal/(mol*A)
xmin    30      124.1805 kcal/mol        0.4064 kcal/(mol*A)
xmin    40      122.3581 kcal/mol        0.1289 kcal/(mol*A)
xmin    50      122.1061 kcal/mol        0.0812 kcal/(mol*A)
xmin    60      121.9958 kcal/mol        0.1328 kcal/(mol*A)
xmin    70      121.9818 kcal/mol        0.0107 kcal/(mol*A)
xmin    80      121.9801 kcal/mol        0.0098 kcal/(mol*A)
xmin    90      121.9795 kcal/mol        0.0047 kcal/(mol*A)
xmin   100      121.9794 kcal/mol        0.0034 kcal/(mol*A)
xmin   110      121.9794 kcal/mol        0.0026 kcal/(mol*A)
xmin   120      121.9793 kcal/mol        0.0010 kcal/(mol*A)
xmin   130      121.9793 kcal/mol        0.0005 kcal/(mol*A)
  ... geometry converged !
 
 Final MO eigenvalues (eV):
 -41.3687  -40.3266  -39.7438  -38.9704  -38.1673  -37.6398  -35.7431  -34.9100
 -33.4891  -33.0819  -32.2825  -31.7976  -31.3968  -29.7633  -29.2375  -28.1092
 -27.5352  -26.4442  -26.0854  -25.2033  -24.6470  -24.2726  -22.3237  -22.1234
 -21.1565  -20.4633  -19.8384  -19.5628  -19.1720  -18.7760  -18.2124  -17.9320
 -17.6896  -17.4503  -17.3501  -17.0523  -16.8746  -16.1743  -16.0490  -15.8297
 -15.7730  -15.5758  -15.4227  -15.1850  -14.8774  -14.8063  -14.7325  -14.5615
 -14.4562  -14.3685  -14.2039  -13.9693  -13.8887  -13.8478  -13.5792  -13.4006
 -13.2744  -13.1084  -13.0349  -12.8575  -12.7396  -12.5034  -12.3366  -12.1691
 -11.9299  -11.7038  -11.6685  -11.4050  -11.1989  -11.0725  -10.9016  -10.6459
 -10.5141  -10.3699  -10.2282   -9.4010   -9.0741   -8.8515   -8.6902   -8.5588
  -7.9818   -0.4882    0.0021    0.0477    0.4544    0.5522    0.9184    0.9480
   1.1606    1.3218    1.8484    1.9079    2.0152    2.0409    2.0698    2.3483
   2.7142    2.9870    3.1962    3.3451    3.4099    3.5737    3.6295    3.6352
   3.7186    3.8004    3.8468    3.8709    3.9122    3.9833    4.0055    4.0666
   4.1278    4.1471    4.1567    4.2214    4.2307    4.2876    4.3072    4.3517
   4.4639    4.5177    4.5772    4.6307    4.7458    4.8099    4.8749    4.8850
   4.9231    4.9248    4.9926    5.0094    5.1291    5.1835    5.2520    5.3172
   5.4224    5.8304    5.8995    5.9730    6.0943    6.2343    6.2801    6.3398
   6.4004    6.4591    6.8662    7.0762    7.5475

 Heat of formation   =        121.97927326 kcal/mol  (        5.28941821 eV)

 Total SCF energy    =    -119638.45630256 kcal/mol  (    -5187.91276625 eV)
 Electronic energy   =    -994620.51823082 kcal/mol  (   -43129.98214435 eV)
 Core-core repulsion =     874982.06192826 kcal/mol  (    37942.06937810 eV)
 
    Atomic Charges for Step       1 :
  Atom    Element       Mulliken Charge
     1      C                 -0.132
     2      H                  0.088
     3      H                  0.039
     4      H                  0.083
     5      N                 -0.293
     6      H                  0.154
     7      C                 -0.020
     8      H                  0.100
     9      C                 -0.286
    10      H                  0.149
    11      H                  0.120
    12      S                  0.092
    13      C                 -0.252
    14      H                  0.076
    15      H                  0.094
    16      H                  0.074
    17      C                 -0.317
    18      N                 -0.297
    19      C                  0.304
    20      O                 -0.354
    21      H                  0.247
    22      C                  0.024
    23      C                 -0.167
    24      N                 -0.118
    25      C                 -0.029
    26      C                 -0.114
    27      N                 -0.153
    28      C                 -0.101
    29      C                 -0.081
    30      C                 -0.067
    31      C                 -0.077
    32      H                  0.251
    33      C                  0.005
    34      C                 -0.473
    35      S                  0.500
    36      C                 -0.223
    37      N                 -0.077
    38      C                  0.047
    39      C                 -0.236
    40      C                  0.008
    41      N                 -0.350
    42      C                  0.062
    43      N                 -0.197
    44      H                  0.227
    45      H                  0.142
    46      H                  0.134
    47      H                  0.192
    48      H                  0.145
    49      H                  0.169
    50      H                  0.126
    51      H                  0.103
    52      H                  0.179
    53      H                  0.148
    54      H                  0.086
    55      H                  0.072
    56      H                  0.174
 Total Mulliken Charge =       0.000
 
                  X        Y        Z     TOTAL  
  QM DIPOLE    -5.983    0.016    4.146    7.280
 
 Final Structure

  QMMM: QM Region Cartesian Coordinates (*=link atom) 
  QMMM: QM_NO.   MM_NO.  ATOM         X         Y         Z
  QMMM:     1        1      C        1.5006   48.0078   83.8066
  QMMM:     2        2      H        1.6324   46.9354   83.5034
  QMMM:     3        3      H        0.9608   48.0284   84.7937
  QMMM:     4        4      H        2.5154   48.4649   83.9486
  QMMM:     5        5      N        0.8241   48.7157   82.7535
  QMMM:     6        6      H        0.8123   49.7007   82.9488
  QMMM:     7        7      C       -0.5386   48.2793   82.4686
  QMMM:     8        8      H       -0.8174   48.8112   81.5062
  QMMM:     9        9      C       -0.6358   46.7748   82.2061
  QMMM:    10       10      H        0.2296   46.4183   81.5894
  QMMM:    11       11      H       -0.6327   46.2140   83.1733
  QMMM:    12       12      S       -2.1552   46.3502   81.4016
  QMMM:    13       13      C       -1.5749   48.6681   83.5267
  QMMM:    14       14      H       -1.3277   48.2143   84.5160
  QMMM:    15       15      H       -2.5816   48.3021   83.2082
  QMMM:    16       16      H       -1.6196   49.7770   83.6441
  QMMM:    17       17      C       -1.6948   46.2146   79.7060
  QMMM:    18       18      N       -1.5632   43.8333   79.0604
  QMMM:    19       19      C       -0.8673   44.9726   79.4327
  QMMM:    20       20      O        0.3749   45.0240   79.5209
  QMMM:    21       21      H       -2.5597   43.8719   79.1280
  QMMM:    22       22      C       -1.0346   42.5553   78.8361
  QMMM:    23       23      C        0.3085   42.2804   78.7812
  QMMM:    24       24      N        0.9430   41.0624   78.5965
  QMMM:    25       25      C        0.5168   39.9180   79.0170
  QMMM:    26       26      C       -0.7387   39.6387   79.6919
  QMMM:    27       27      N       -0.9700   38.6181   80.6170
  QMMM:    28       28      C       -2.2685   38.7280   81.0830
  QMMM:    29       29      C       -2.8990   39.8163   80.4383
  QMMM:    30       30      C       -1.9295   40.3871   79.5445
  QMMM:    31       31      C       -2.0563   41.4730   78.5637
  QMMM:    32       32      H       -0.2903   37.9813   80.9399
  QMMM:    33       33      C       -4.2549   40.2312   80.6857
  QMMM:    34       34      C       -5.2610   39.3723   81.1374
  QMMM:    35       35      S       -6.6979   40.1872   81.3413
  QMMM:    36       36      C       -5.9587   41.6630   80.8342
  QMMM:    37       37      N       -4.6697   41.5554   80.5114
  QMMM:    38       38      C       -6.7401   42.9029   80.7795
  QMMM:    39       39      C       -7.5194   43.2741   81.8308
  QMMM:    40       40      C       -8.3382   44.5262   81.7797
  QMMM:    41       41      N       -8.2073   45.2582   80.5377
  QMMM:    42       42      C       -7.3152   44.7988   79.5794
  QMMM:    43       43      N       -6.6312   43.6786   79.6040
  QMMM:    44       44      H       -8.4178   46.2267   80.5638
  QMMM:    45       45      H       -1.0849   47.0975   79.3870
  QMMM:    46       46      H       -2.6535   46.2243   79.1301
  QMMM:    47       47      H        1.0610   43.0951   78.8614
  QMMM:    48       48      H        1.1941   39.0571   78.8409
  QMMM:    49       49      H       -2.6710   38.0436   81.8307
  QMMM:    50       50      H       -3.1067   41.8683   78.5435
  QMMM:    51       51      H       -1.8497   41.0648   77.5324
  QMMM:    52       52      H       -5.1290   38.3088   81.3212
  QMMM:    53       53      H       -7.5816   42.7000   82.7630
  QMMM:    54       54      H       -9.4302   44.2588   81.9072
  QMMM:    55       55      H       -8.0533   45.1830   82.6557
  QMMM:    56       56      H       -7.2200   45.4319   78.6700

           --------- Calculation Completed ----------

