ligandHybridTop__log_> Reading ligand 1 from: "lig1.pdb"
ligandHybridTop__log_> Reading ligand 2 from: "lig2.pdb"
ligandHybridTop__log_> Reading topology 1 from: "lig1.itp"
ligandHybridTop__log_> Reading topology 2 from: "lig2.itp"
ligandHybridTop__log_> Reading file with atom pairs: "pairs1.dat"
ligandHybridTop__log_> Assigning forcefield parameters....
ligandHybridTop__log_> Superimposing mol2 on mol1
ligandHybridTop__log_> Superimposing mol1 on mol2
ligandHybridTop__log_> Initializing the main object for LigandHybridTopology
ligandHybridTop__log_> Starting hybrid topology generation
ligandHybridTop__log_> Making atom pairs.....
ligandHybridTop__log_> Identifying dummies.....
ligandHybridTop__log_> Generated 37 atom-atom pairs
ligandHybridTop__log_> Dummies in state A: 3
ligandHybridTop__log_> Dummies in state B: 6
ligandHybridTop__log_> Making B-states....
ligandHybridTop__log_> Atom....:    4             c |   0.67 |  12.01 ->            c |   0.66 |  12.01
ligandHybridTop__log_> Atom....:    3            ns |  -0.48 |  14.01 ->           ns |  -0.45 |  14.01
ligandHybridTop__log_> Atom....:    7            c2 |   0.05 |  12.01 ->           c2 |   0.02 |  12.01
ligandHybridTop__log_> Atom....:    8            ce |  -0.04 |  12.01 ->           ce |  -0.03 |  12.01
ligandHybridTop__log_> Atom....:   34            h4 |   0.15 |   1.01 ->           h4 |   0.19 |   1.01
ligandHybridTop__log_> Atom....:    9            ne |  -0.55 |  14.01 ->           nf |  -0.55 |  14.01
ligandHybridTop__log_> Atom....:   10            ce |   0.48 |  12.01 ->           ce |   0.47 |  12.01
ligandHybridTop__log_> Atom....:   35            h4 |   0.02 |   1.01 ->           h4 |   0.02 |   1.01
ligandHybridTop__log_> Atom....:   11            cc |  -0.24 |  12.01 ->           cc |  -0.22 |  12.01
ligandHybridTop__log_> Atom....:   15            cd |  -0.06 |  12.01 ->           cd |  -0.07 |  12.01
ligandHybridTop__log_> Atom....:   16            c3 |   0.01 |  12.01 ->           c3 |   0.01 |  12.01
ligandHybridTop__log_> Atom....:   37            hc |   0.09 |   1.01 ->           hc |   0.08 |   1.01
ligandHybridTop__log_> Atom....:   38            hc |   0.09 |   1.01 ->           hc |   0.08 |   1.01
ligandHybridTop__log_> Atom....:   14            cd |  -0.18 |  12.01 ->           cd |  -0.19 |  12.01
ligandHybridTop__log_> Atom....:   13            cc |  -0.13 |  12.01 ->           cc |  -0.13 |  12.01
ligandHybridTop__log_> Atom....:   36            h4 |   0.17 |   1.01 ->           h4 |   0.17 |   1.01
ligandHybridTop__log_> Atom....:   12            na |  -0.16 |  14.01 ->           na |  -0.15 |  14.01
ligandHybridTop__log_> Atom....:   18            cd |   0.44 |  12.01 ->           cd |   0.44 |  12.01
ligandHybridTop__log_> Atom....:   19            cc |  -0.30 |  12.01 ->           cc |  -0.27 |  12.01
ligandHybridTop__log_> Atom....:   39            h4 |   0.17 |   1.01 ->           h4 |   0.18 |   1.01
ligandHybridTop__log_> Atom....:   20            ss |   0.01 |  32.07 ->           ss |  -0.08 |  32.07
ligandHybridTop__log_> Atom....:   21            cc |   0.45 |  12.01 ->           cc |   0.46 |  12.01
ligandHybridTop__log_> Atom....:   22            nd |  -0.63 |  14.01 ->           nd |  -0.60 |  14.01
ligandHybridTop__log_> Atom....:   23            ce |   0.05 |  12.01 ->           ce |   0.08 |  12.01
ligandHybridTop__log_> Atom....:   24            c2 |  -0.20 |  12.01 ->           c2 |  -0.24 |  12.01
ligandHybridTop__log_> Atom....:   40            ha |   0.18 |   1.01 ->           ha |   0.15 |   1.01
ligandHybridTop__log_> Atom....:   25            c6 |   0.24 |  12.01 ->           c6 |   0.25 |  12.01
ligandHybridTop__log_> Atom....:   41            h1 |   0.04 |   1.01 ->           h1 |   0.04 |   1.01
ligandHybridTop__log_> Atom....:   42            h1 |   0.04 |   1.01 ->           h1 |   0.04 |   1.01
ligandHybridTop__log_> Atom....:   26            nu |  -0.87 |  14.01 ->           nu |  -0.87 |  14.01
ligandHybridTop__log_> Atom....:   27            c2 |   0.64 |  12.01 ->           c2 |   0.63 |  12.01
ligandHybridTop__log_> Atom....:   43            h5 |   0.04 |   1.01 ->           h5 |   0.04 |   1.01
ligandHybridTop__log_> Atom....:   28            ne |  -0.66 |  14.01 ->           ne |  -0.63 |  14.01
ligandHybridTop__log_> Atom....:    2            c3 |  -0.16 |  12.01 ->           c3 |  -0.11 |  12.01
ligandHybridTop__log_> Atom....:   32            hc |   0.08 |   1.01 ->           h1 |   0.10 |   1.01
ligandHybridTop__log_> Atom....:   33            hc |   0.08 |   1.01 ->           h1 |   0.10 |   1.01
ligandHybridTop__log_> Atom....:    5             o |  -0.59 |  16.00 ->            o |  -0.59 |  16.00
ligandHybridTop__log_> Constructing dummies....
ligandHybridTop__log_> Dummies in stateA: 
ligandHybridTop__log_> Dummy...:   44        DUM_hn |   0.00 |   1.01 ->           hn |   0.33 |   1.01
ligandHybridTop__log_> Dummy...:   45        DUM_hn |   0.00 |   1.01 ->           hn |   0.30 |   1.01
ligandHybridTop__log_> Dummy...:   46        DUM_hn |   0.00 |   1.01 ->           hn |   0.43 |   1.01
ligandHybridTop__log_> Dummies in stateB: 
ligandHybridTop__log_> Dummy...:    1            c3 |  -0.01 |  12.01 ->       DUM_c3 |   0.00 |  12.01
ligandHybridTop__log_> Dummy...:    6            hn |   0.31 |   1.01 ->       DUM_hn |   0.00 |   1.01
ligandHybridTop__log_> Dummy...:   17            hn |   0.30 |   1.01 ->       DUM_hn |   0.00 |   1.01
ligandHybridTop__log_> Dummy...:   29            hn |   0.43 |   1.01 ->       DUM_hn |   0.00 |   1.01
ligandHybridTop__log_> Dummy...:   30            h1 |   0.08 |   1.01 ->       DUM_h1 |   0.00 |   1.01
ligandHybridTop__log_> Dummy...:   31            h1 |   0.08 |   1.01 ->       DUM_h1 |   0.00 |   1.01
ligandHybridTop__log_> Construct bonds....
ligandHybridTop__log_> Construct angles....
ligandHybridTop__log_> Construct dihedrals....
ligandHybridTop__log_> Construct vsites2....
ligandHybridTop__log_> Construct vsites3....
ligandHybridTop__log_> Construct exclusions....
ligandHybridTop__log_> Construct pairs (1-4 interactions)....
ligandHybridTop__log_> Assembling new itp....
ligandHybridTop__log_> Writing new itp file: "merged.itp"
ligandHybridTop__log_> Writing dummy forcefield file: "ffmerged.itp"
