                :-) GROMACS - gmx mdrun, 2025.4-conda_forge (-:

Copyright 1991-2025 The GROMACS Authors.
GROMACS is free software; you can redistribute it and/or modify it
under the terms of the GNU Lesser General Public License
as published by the Free Software Foundation; either version 2.1
of the License, or (at your option) any later version.

                         Current GROMACS contributors:
       Mark Abraham           Andrey Alekseenko           Brian Andrews       
      Vladimir Basov              Paul Bauer                Hugh Bird         
      Eliane Briand               Ania Brown              Mahesh Doijade      
      Giacomo Fiorin          Stefan Fleischmann          Sergey Gorelov      
   Gilles Gouaillardet            Alan Gray              M. Eric Irrgang      
   Farzaneh Jalalypour         Petter Johansson          Carsten Kutzner      
    Grzegorz Łazarski         Justin A. Lemkul          Magnus Lundborg      
       Pascal Merz             Vedran Miletić            Dmitry Morozov      
     Lukas Müllender            Julien Nabet             Szilárd Páll      
 Andrea Pasquadibisceglie     Michele Pellegrino         Nicola Piasentin     
     Daniele Rapetti         Muhammad Umair Sadiq         Hubert Santuz       
      Roland Schulz             Michael Shirts           Tatiana Shugaeva     
     Alexey Shvetsov            Philip Turner            Alessandra Villa     
 Sebastian Wingbermühle  

                         Previous GROMACS contributors:
        Emile Apol             Rossen Apostolov           James Barnett       
  Herman J.C. Berendsen         Cathrine Bergh             Par Bjelkmar       
      Christian Blau          Viacheslav Bolnykh            Kevin Boyd        
    Aldert van Buuren          Carlo Camilloni           Rudi van Drunen      
      Anton Feenstra           Oliver Fleetwood            Vytas Gapsys       
       Gaurav Garg             Gerrit Groenhof            Bert de Groot       
      Anca Hamuraru           Vincent Hindriksen          Victor Holanda      
     Aleksei Iupinov              Joe Jordan            Christoph Junghans    
    Prashanth Kanduri        Dimitrios Karkoulis           Peter Kasson       
      Sebastian Kehl           Sebastian Keller             Jiri Kraus        
       Per Larsson              Viveca Lindahl            Erik Marklund       
    Pieter Meulenhoff           Teemu Murtola              Sander Pronk       
      Alfons Sijbers            Balint Soproni         David van der Spoel    
      Peter Tieleman            Carsten Uphoff             Jon Vincent        
     Teemu Virolainen         Christian Wennberg           Maarten Wolf       
      Artem Zhmurov       

                  Coordinated by the GROMACS project leaders:
                           Berk Hess and Erik Lindahl

GROMACS:      gmx mdrun, version 2025.4-conda_forge
Executable:   /home/neil/miniconda3/envs/benchmark/bin.AVX2_256/gmx
Data prefix:  /home/neil/miniconda3/envs/benchmark
Working dir:  /home/neil/git/Oslo/VirtualScreen/Outputs/Covalent/RBFE_CX1_to_CX2/lambda07
Process ID:   94631
Command line:
  gmx mdrun -deffnm prod -v

GROMACS version:     2025.4-conda_forge
Precision:           mixed
Memory model:        64 bit
MPI library:         thread_mpi
OpenMP support:      enabled (GMX_OPENMP_MAX_THREADS = 128)
GPU support:         OpenCL
NBNxM GPU setup:     super-cluster 2x2x2 / cluster 8 (cluster-pair splitting on)
SIMD instructions:   AVX2_256
CPU FFT library:     fftw-3.3.10-sse2-avx
GPU FFT library:     clFFT
Multi-GPU FFT:       none
RDTSCP usage:        disabled
TNG support:         enabled
Hwloc support:       disabled
Tracing support:     disabled
C compiler:          /home/conda/feedstock_root/build_artifacts/gromacs_1764344590343/_build_env/bin/x86_64-conda-linux-gnu-cc GNU 14.3.0
C compiler flags:    -fexcess-precision=fast -funroll-all-loops -mavx2 -mfma -Wno-missing-field-initializers -O3 -DNDEBUG
C++ compiler:        /home/conda/feedstock_root/build_artifacts/gromacs_1764344590343/_build_env/bin/x86_64-conda-linux-gnu-c++ GNU 14.3.0
C++ compiler flags:  -fexcess-precision=fast -funroll-all-loops -mavx2 -mfma -Wno-missing-field-initializers -Wno-cast-function-type-strict SHELL:-fopenmp -O3 -DNDEBUG
BLAS library:        Internal
LAPACK library:      Internal
OpenCL include dir:  /home/neil/miniconda3/envs/benchmark/include
OpenCL library:      /home/neil/miniconda3/envs/benchmark/lib/libOpenCL.so
OpenCL version:      3.0


Running on 1 node with total 24 cores, 24 processing units, 0 compatible GPUs
Hardware detected on host almaaz:
  CPU info:
    Vendor: Intel
    Brand:  Intel(R) Core(TM) Ultra 9 285HX
    Family: 6   Model: 198   Stepping: 2
    Features: aes apic avx avx2 clfsh cmov cx8 cx16 f16c fma htt intel lahf mmx msr nonstop_tsc pcid pclmuldq pdcm pdpe1gb popcnt pse rdrnd rdtscp sha sse2 sse3 sse4.1 sse4.2 ssse3 tdt x2apic
  Hardware topology: Basic
    Packages, cores, and logical processors:
    [indices refer to OS logical processors]
      Package  0: [   0] [   1] [   2] [   3] [   4] [   5] [   6] [   7] [   8] [   9] [  10] [  11] [  12] [  13] [  14] [  15] [  16] [  17] [  18] [  19] [  20] [  21] [  22] [  23]
    CPU limit set by OS: -1   Recommended max number of threads: 24
  GPU info:
    Number of GPUs detected: 1
    #0: name: NVIDIA RTX PRO 5000 Blackwell Generation Laptop GPU, vendor: NVIDIA Corporation, device version: OpenCL 3.0 CUDA, status: incompatible (please use CUDA build for NVIDIA Volta GPUs or newer)

The current CPU can measure timings more accurately than the code in
gmx mdrun was configured to use. This might affect your simulation
speed as accurate timings are needed for load-balancing.
Please consider rebuilding gmx mdrun with the GMX_USE_RDTSCP=ON CMake option.

++++ PLEASE READ AND CITE THE FOLLOWING REFERENCE ++++
M. J. Abraham, T. Murtola, R. Schulz, S. Páll, J. C. Smith, B. Hess, E.
Lindahl
GROMACS: High performance molecular simulations through multi-level
parallelism from laptops to supercomputers
SoftwareX (2015)
DOI: 10.1016/j.softx.2015.06.001
-------- -------- --- Thank You --- -------- --------


++++ PLEASE READ AND CITE THE FOLLOWING REFERENCE ++++
S. Páll, M. J. Abraham, C. Kutzner, B. Hess, E. Lindahl
Tackling Exascale Software Challenges in Molecular Dynamics Simulations with
GROMACS
In S. Markidis & E. Laure (Eds.), Solving Software Challenges for Exascale (2015)
DOI: 10.1007/978-3-319-15976-8_1
-------- -------- --- Thank You --- -------- --------


++++ PLEASE READ AND CITE THE FOLLOWING REFERENCE ++++
S. Pronk, S. Páll, R. Schulz, P. Larsson, P. Bjelkmar, R. Apostolov, M. R.
Shirts, J. C. Smith, P. M. Kasson, D. van der Spoel, B. Hess, E. Lindahl
GROMACS 4.5: a high-throughput and highly parallel open source molecular
simulation toolkit
Bioinformatics (2013)
DOI: 10.1093/bioinformatics/btt055
-------- -------- --- Thank You --- -------- --------


++++ PLEASE READ AND CITE THE FOLLOWING REFERENCE ++++
B. Hess, C. Kutzner, D. van der Spoel, E. Lindahl
GROMACS 4: Algorithms for highly efficient, load-balanced, and scalable
molecular simulation
J. Chem. Theory Comput. (2008)
DOI: 10.1021/ct700301q
-------- -------- --- Thank You --- -------- --------


++++ PLEASE READ AND CITE THE FOLLOWING REFERENCE ++++
D. van der Spoel, E. Lindahl, B. Hess, G. Groenhof, A. E. Mark, H. J. C.
Berendsen
GROMACS: Fast, Flexible and Free
J. Comp. Chem. (2005)
DOI: 10.1002/jcc.20291
-------- -------- --- Thank You --- -------- --------


++++ PLEASE READ AND CITE THE FOLLOWING REFERENCE ++++
E. Lindahl, B. Hess, D. van der Spoel
GROMACS 3.0: A package for molecular simulation and trajectory analysis
J. Mol. Mod. (2001)
DOI: 10.1007/s008940100045
-------- -------- --- Thank You --- -------- --------


++++ PLEASE READ AND CITE THE FOLLOWING REFERENCE ++++
H. J. C. Berendsen, D. van der Spoel and R. van Drunen
GROMACS: A message-passing parallel molecular dynamics implementation
Comp. Phys. Comm. (1995)
DOI: 10.1016/0010-4655(95)00042-E
-------- -------- --- Thank You --- -------- --------

Input Parameters:
   integrator                     = md
   tinit                          = 0
   dt                             = 0.002
   nsteps                         = 2500
   init-step                      = 0
   simulation-part                = 1
   mts                            = false
   mass-repartition-factor        = 1
   comm-mode                      = Linear
   nstcomm                        = 100
   bd-fric                        = 0
   ld-seed                        = 1979119103
   emtol                          = 10
   emstep                         = 0.01
   niter                          = 20
   fcstep                         = 0
   nstcgsteep                     = 1000
   nbfgscorr                      = 10
   rtpi                           = 0.05
   nstxout                        = 0
   nstvout                        = 0
   nstfout                        = 0
   nstlog                         = 50
   nstcalcenergy                  = 50
   nstenergy                      = 50
   nstxout-compressed             = 50
   compressed-x-precision         = 1000
   cutoff-scheme                  = Verlet
   nstlist                        = 20
   pbc                            = xyz
   periodic-molecules             = false
   verlet-buffer-tolerance        = 0.005
   verlet-buffer-pressure-tolerance = 0.5
   rlist                          = 1.027
   coulombtype                    = PME
   coulomb-modifier               = Potential-shift
   rcoulomb-switch                = 0
   rcoulomb                       = 1
   epsilon-r                      = 1
   epsilon-rf                     = inf
   vdw-type                       = Cut-off
   vdw-modifier                   = Potential-shift
   rvdw-switch                    = 0
   rvdw                           = 1
   DispCorr                       = EnerPres
   table-extension                = 1
   fourierspacing                 = 0.12
   fourier-nx                     = 96
   fourier-ny                     = 96
   fourier-nz                     = 96
   pme-order                      = 4
   ewald-rtol                     = 1e-05
   ewald-rtol-lj                  = 0.001
   lj-pme-comb-rule               = Geometric
   ewald-geometry                 = 3d
   epsilon-surface                = 0
   ensemble-temperature-setting   = constant
   ensemble-temperature           = 300
   tcoupl                         = V-rescale
   nsttcouple                     = 10
   nh-chain-length                = 0
   print-nose-hoover-chain-variables = false
   pcoupl                         = Parrinello-Rahman
   pcoupltype                     = Isotropic
   nstpcouple                     = 5
   tau-p                          = 2
   compressibility (3x3):
      compressibility[    0]={ 4.50000e-05,  0.00000e+00,  0.00000e+00}
      compressibility[    1]={ 0.00000e+00,  4.50000e-05,  0.00000e+00}
      compressibility[    2]={ 0.00000e+00,  0.00000e+00,  4.50000e-05}
   ref-p (3x3):
      ref-p[    0]={ 1.00000e+00,  0.00000e+00,  0.00000e+00}
      ref-p[    1]={ 0.00000e+00,  1.00000e+00,  0.00000e+00}
      ref-p[    2]={ 0.00000e+00,  0.00000e+00,  1.00000e+00}
   refcoord-scaling               = No
   posres-com: not available
   posres-comB: not available
   QMMM                           = false
qm-opts:
   ngQM                           = 0
   constraint-algorithm           = Lincs
   continuation                   = true
   Shake-SOR                      = false
   shake-tol                      = 0.0001
   lincs-order                    = 4
   lincs-iter                     = 1
   lincs-warnangle                = 30
   nwall                          = 0
   wall-type                      = 9-3
   wall-r-linpot                  = -1
   wall-atomtype[0]               = -1
   wall-atomtype[1]               = -1
   wall-density[0]                = 0
   wall-density[1]                = 0
   wall-ewald-zfac                = 3
   pull                           = false
   awh                            = false
   rotation                       = false
   interactiveMD                  = false
   disre                          = No
   disre-weighting                = Conservative
   disre-mixed                    = false
   dr-fc                          = 1000
   dr-tau                         = 0
   nstdisreout                    = 100
   orire-fc                       = 0
   orire-tau                      = 0
   nstorireout                    = 100
   free-energy                    = yes
   init-lambda                    = -1
   init-lambda-state              = 7
   delta-lambda                   = 0
   nstdhdl                        = 100
   n-lambdas                      = 14
   separate-dvdl:
       fep-lambdas =   FALSE
      mass-lambdas =   FALSE
      coul-lambdas =   TRUE
       vdw-lambdas =   TRUE
    bonded-lambdas =   TRUE
 restraint-lambdas =   FALSE
temperature-lambdas =   FALSE
all-lambdas:
       fep-lambdas =            0           0           0           0           0           0           0           0           0           0           0           0           0           0
      mass-lambdas =            0           0           0           0           0           0           0           0           0           0           0           0           0           0
      coul-lambdas =            0      0.0769      0.1538      0.2308      0.3077      0.3846      0.4615      0.5385      0.6154      0.6923      0.7692      0.8462      0.9231           1
       vdw-lambdas =            0      0.0769      0.1538      0.2308      0.3077      0.3846      0.4615      0.5385      0.6154      0.6923      0.7692      0.8462      0.9231           1
    bonded-lambdas =            0      0.0769      0.1538      0.2308      0.3077      0.3846      0.4615      0.5385      0.6154      0.6923      0.7692      0.8462      0.9231           1
 restraint-lambdas =            0           0           0           0           0           0           0           0           0           0           0           0           0           0
temperature-lambdas =            0           0           0           0           0           0           0           0           0           0           0           0           0           0
   calc-lambda-neighbors          = -1
   dhdl-print-energy              = no
   sc-alpha                       = 0.5
   sc-power                       = 1
   sc-r-power                     = 6
   sc-sigma                       = 0.3
   sc-sigma-min                   = 0.3
   sc-coul                        = true
   dh-hist-size                   = 0
   dh-hist-spacing                = 0.1
   separate-dhdl-file             = yes
   dhdl-derivatives               = yes
   sc-function                    = beutler
   sc-gapsys-scale-linpoint-lj    = 0.85
   sc-gapsys-scale-linpoint-q     = 0.3
   sc-gapsys-sigma-lj             = 0.3
   cos-acceleration               = 0
   deform (3x3):
      deform[    0]={ 0.00000e+00,  0.00000e+00,  0.00000e+00}
      deform[    1]={ 0.00000e+00,  0.00000e+00,  0.00000e+00}
      deform[    2]={ 0.00000e+00,  0.00000e+00,  0.00000e+00}
   simulated-tempering            = false
   swapcoords                     = no
   userint1                       = 0
   userint2                       = 0
   userint3                       = 0
   userint4                       = 0
   userreal1                      = 0
   userreal2                      = 0
   userreal3                      = 0
   userreal4                      = 0
   applied-forces:
     electric-field:
       x:
         E0                       = 0
         omega                    = 0
         t0                       = 0
         sigma                    = 0
       y:
         E0                       = 0
         omega                    = 0
         t0                       = 0
         sigma                    = 0
       z:
         E0                       = 0
         omega                    = 0
         t0                       = 0
         sigma                    = 0
     density-guided-simulation:
       active                     = false
       group                      = protein
       similarity-measure         = inner-product
       atom-spreading-weight      = unity
       force-constant             = 1e+09
       gaussian-transform-spreading-width = 0.2
       gaussian-transform-spreading-range-in-multiples-of-width = 4
       reference-density-filename = reference.mrc
       nst                        = 1
       normalize-densities        = true
       adaptive-force-scaling     = false
       adaptive-force-scaling-time-constant = 4
       shift-vector               = 
       transformation-matrix      = 
     qmmm-cp2k:
       active                     = false
       qmgroup                    = System
       qmmethod                   = PBE
       qmfilenames                = 
       qmcharge                   = 0
       qmmultiplicity             = 1
     colvars:
       active                     = false
       configfile                 = 
       seed                       = -1
     nnpot:
       active                     = false
       modelfile                  = model.pt
       input-group                = System
       model-input1               = 
       model-input2               = 
       model-input3               = 
       model-input4               = 
grpopts:
   nrdf:      149345
   ref-t:         300
   tau-t:         0.1
annealing:          No
annealing-npoints:           0
   acc:	           0           0           0
   nfreeze:           N           N           N
   energygrp-flags[  0]: 0

Changing nstlist from 20 to 50, rlist from 1.027 to 1.106


Update groups can not be used for this system because atoms that are (in)directly constrained together are interdispersed with other atoms

Initializing Domain Decomposition on 24 ranks
Dynamic load balancing: auto
Minimum cell size due to atom displacement: 0.473 nm
Initial maximum distances in bonded interactions:
    two-body bonded interactions: 0.434 nm, LJ-14, atoms 5259 5267
  multi-body bonded interactions: 0.434 nm, Proper Dih., atoms 5259 5267
Minimum cell size due to bonded interactions: 0.478 nm
Maximum distance for 5 constraints, at 120 deg. angles, all-trans: 0.220 nm
Estimated maximum distance required for P-LINCS: 0.220 nm
Scaling the initial minimum size with 1/0.8 (option -dds) = 1.25
Guess for relative PME load: 0.27
Will use 16 particle-particle and 8 PME only ranks
This is a guess, check the performance at the end of the log file
Using 8 separate PME ranks, as guessed by mdrun
Optimizing the DD grid for 16 cells with a minimum initial size of 0.597 nm
The maximum allowed number of cells is: X 13 Y 13 Z 12
Domain decomposition grid 8 x 2 x 1, separate PME ranks 8
PME domain decomposition: 8 x 1 x 1
Interleaving PP and PME ranks
This rank does only particle-particle work.
Domain decomposition rank 0, coordinates 0 0 0

The initial number of communication pulses is: X 2 Y 1
The initial domain decomposition cell size is: X 1.04 nm Y 4.14 nm

The maximum allowed distance for atoms involved in interactions is:
                 non-bonded interactions           1.106 nm
(the following are initial values, they could change due to box deformation)
            two-body bonded interactions  (-rdd)   1.106 nm
          multi-body bonded interactions  (-rdd)   1.036 nm
  atoms separated by up to 5 constraints  (-rcon)  1.036 nm

When dynamic load balancing gets turned on, these settings will change to:
The maximum number of communication pulses is: X 2 Y 1
The minimum size for domain decomposition cells is 0.757 nm
The requested allowed shrink of DD cells (option -dds) is: 0.80
The allowed shrink of domain decomposition cells is: X 0.73 Y 0.27
The maximum allowed distance for atoms involved in interactions is:
                 non-bonded interactions           1.106 nm
            two-body bonded interactions  (-rdd)   1.106 nm
          multi-body bonded interactions  (-rdd)   0.757 nm
  atoms separated by up to 5 constraints  (-rcon)  0.757 nm

Local state does not use filler particles

Using 24 MPI threads
Using 1 OpenMP thread per tMPI thread

System total charge, top. A: 0.000 top. B: 0.000
Will do PME sum in reciprocal space for electrostatic interactions.

++++ PLEASE READ AND CITE THE FOLLOWING REFERENCE ++++
U. Essmann, L. Perera, M. L. Berkowitz, T. Darden, H. Lee, L. G. Pedersen 
A smooth particle mesh Ewald method
J. Chem. Phys. (1995)
DOI: 10.1063/1.470117
-------- -------- --- Thank You --- -------- --------

Using a Gaussian width (1/beta) of 0.320163 nm for Ewald
Potential shift: LJ r^-12: -1.000e+00 r^-6: -1.000e+00, Ewald -1.000e-05
Initialized non-bonded Coulomb Ewald tables, spacing: 9.33e-04 size: 2259

Generated table with 1053 data points for 1-4 COUL.
Tabscale = 500 points/nm
Generated table with 1053 data points for 1-4 LJ6.
Tabscale = 500 points/nm
Generated table with 1053 data points for 1-4 LJ12.
Tabscale = 500 points/nm
Long Range LJ corr.: <C6> 3.0968e-04


Using SIMD4xM 4x8 nonbonded short-range kernels

Using a dual 4x8 pair-list setup updated with dynamic pruning:
  outer list: updated every 50 steps, buffer 0.106 nm, rlist 1.106 nm
  inner list: updated every 10 steps, buffer 0.000 nm, rlist 1.000 nm
At tolerance 0.005 kJ/mol/ps per atom, equivalent classical 1x1 list would be:
  outer list: updated every 50 steps, buffer 0.232 nm, rlist 1.232 nm
  inner list: updated every 10 steps, buffer 0.034 nm, rlist 1.034 nm

The average pressure is off by at most 0.44 bar due to missing LJ interactions

Using Lorentz-Berthelot Lennard-Jones combination rule
There are 0 atoms and 0 charges for free energy perturbation

Linking all bonded interactions to atoms


Pinning threads with an auto-selected logical cpu stride of 1

Initializing Parallel LINear Constraint Solver

++++ PLEASE READ AND CITE THE FOLLOWING REFERENCE ++++
B. Hess
P-LINCS: A Parallel Linear Constraint Solver for molecular simulation
J. Chem. Theory Comput. (2008)
DOI: 10.1021/ct700200b
-------- -------- --- Thank You --- -------- --------

The number of constraints is 2704
There are constraints between atoms in different decomposition domains,
will communicate selected coordinates each lincs iteration

++++ PLEASE READ AND CITE THE FOLLOWING REFERENCE ++++
S. Miyamoto, P. A. Kollman
SETTLE: An Analytical Version of the SHAKE and RATTLE Algorithms for Rigid
Water Models
J. Comp. Chem. (1992)
DOI: 10.1002/jcc.540130805
-------- -------- --- Thank You --- -------- --------

Intra-simulation communication will occur every 5 steps.
Initial vector of lambda components:[     0.0000     0.0000     0.5385     0.5385     0.5385     0.0000     0.0000 ]

++++ PLEASE READ AND CITE THE FOLLOWING REFERENCE ++++
G. Bussi, D. Donadio, M. Parrinello
Canonical sampling through velocity rescaling
J. Chem. Phys. (2007)
DOI: 10.1063/1.2408420
-------- -------- --- Thank You --- -------- --------

There are: 73327 Atoms
Atom distribution over 16 domains: av 4582 stddev 108 min 4487 max 4702
Center of mass motion removal mode is Linear
We have the following groups for center of mass motion removal:
  0:  rest

Started mdrun on rank 0 Tue Jan 27 18:28:10 2026

           Step           Time
              0        0.00000

   Energies (kJ/mol)
           Bond          Angle    Proper Dih. Per. Imp. Dih.          LJ-14
    4.28501e+03    1.21885e+04    1.36035e+04    7.09247e+02    5.16970e+03
     Coulomb-14        LJ (SR)  Disper. corr.   Coulomb (SR)   Coul. recip.
    6.19890e+04    1.33185e+05   -9.43160e+03   -1.17474e+06    6.75923e+03
      Potential    Kinetic En.   Total Energy  Conserved En.    Temperature
   -9.46280e+05    1.86378e+05   -7.59902e+05   -7.59858e+05    3.00192e+02
 Pres. DC (bar) Pressure (bar)      dVcoul/dl       dVvdw/dl    dVbonded/dl
   -2.12295e+02   -1.86371e+00    0.00000e+00    0.00000e+00    0.00000e+00
   Constr. rmsd
    3.97679e-06


DD  step 49 load imb.: force 33.7%  pme mesh/force 0.518
           Step           Time
             50        0.10000

   Energies (kJ/mol)
           Bond          Angle    Proper Dih. Per. Imp. Dih.          LJ-14
    4.22545e+03    1.19134e+04    1.38729e+04    6.63113e+02    5.27670e+03
     Coulomb-14        LJ (SR)  Disper. corr.   Coulomb (SR)   Coul. recip.
    6.21384e+04    1.33490e+05   -9.43144e+03   -1.17410e+06    6.68064e+03
      Potential    Kinetic En.   Total Energy  Conserved En.    Temperature
   -9.45270e+05    1.85624e+05   -7.59647e+05   -7.59866e+05    2.98977e+02
 Pres. DC (bar) Pressure (bar)      dVcoul/dl       dVvdw/dl    dVbonded/dl
   -2.12288e+02    5.55636e+01    0.00000e+00    0.00000e+00    0.00000e+00
   Constr. rmsd
    4.04437e-06


DD  step 99 load imb.: force 61.7%  pme mesh/force 0.385
           Step           Time
            100        0.20000

   Energies (kJ/mol)
           Bond          Angle    Proper Dih. Per. Imp. Dih.          LJ-14
    4.40502e+03    1.20586e+04    1.36172e+04    6.68084e+02    5.18410e+03
     Coulomb-14        LJ (SR)  Disper. corr.   Coulomb (SR)   Coul. recip.
    6.17726e+04    1.32219e+05   -9.43149e+03   -1.17386e+06    6.89134e+03
      Potential    Kinetic En.   Total Energy  Conserved En.    Temperature
   -9.46471e+05    1.86090e+05   -7.60382e+05   -7.59860e+05    2.99728e+02
 Pres. DC (bar) Pressure (bar)      dVcoul/dl       dVvdw/dl    dVbonded/dl
   -2.12290e+02   -1.22219e+02    0.00000e+00    0.00000e+00    0.00000e+00
   Constr. rmsd
    3.83416e-06


DD  step 149 load imb.: force 47.6%  pme mesh/force 0.361

step 150 Turning on dynamic load balancing, because the performance loss due to load imbalance is 23.8 %.
           Step           Time
            150        0.30000

   Energies (kJ/mol)
           Bond          Angle    Proper Dih. Per. Imp. Dih.          LJ-14
    4.32895e+03    1.20711e+04    1.34839e+04    6.83091e+02    5.27415e+03
     Coulomb-14        LJ (SR)  Disper. corr.   Coulomb (SR)   Coul. recip.
    6.17834e+04    1.33917e+05   -9.43389e+03   -1.17490e+06    6.84388e+03
      Potential    Kinetic En.   Total Energy  Conserved En.    Temperature
   -9.45949e+05    1.85652e+05   -7.60297e+05   -7.59850e+05    2.99023e+02
 Pres. DC (bar) Pressure (bar)      dVcoul/dl       dVvdw/dl    dVbonded/dl
   -2.12398e+02    9.16205e+01    0.00000e+00    0.00000e+00    0.00000e+00
   Constr. rmsd
    3.91542e-06


DD  step 199  vol min/aver 0.965  load imb.: force 60.1%  pme mesh/force 0.349
           Step           Time
            200        0.40000

   Energies (kJ/mol)
           Bond          Angle    Proper Dih. Per. Imp. Dih.          LJ-14
    4.44196e+03    1.18454e+04    1.36195e+04    6.96300e+02    5.26177e+03
     Coulomb-14        LJ (SR)  Disper. corr.   Coulomb (SR)   Coul. recip.
    6.19163e+04    1.33136e+05   -9.43512e+03   -1.17523e+06    6.84715e+03
      Potential    Kinetic En.   Total Energy  Conserved En.    Temperature
   -9.46900e+05    1.86708e+05   -7.60192e+05   -7.59853e+05    3.00724e+02
 Pres. DC (bar) Pressure (bar)      dVcoul/dl       dVvdw/dl    dVbonded/dl
   -2.12453e+02   -6.28344e+01    0.00000e+00    0.00000e+00    0.00000e+00
   Constr. rmsd
    3.90698e-06


DD  step 249  vol min/aver 0.869  load imb.: force 27.7%  pme mesh/force 0.429
           Step           Time
            250        0.50000

   Energies (kJ/mol)
           Bond          Angle    Proper Dih. Per. Imp. Dih.          LJ-14
    4.26705e+03    1.19755e+04    1.35145e+04    7.02639e+02    5.11216e+03
     Coulomb-14        LJ (SR)  Disper. corr.   Coulomb (SR)   Coul. recip.
    6.19732e+04    1.34193e+05   -9.43839e+03   -1.17657e+06    6.73573e+03
      Potential    Kinetic En.   Total Energy  Conserved En.    Temperature
   -9.47538e+05    1.86963e+05   -7.60575e+05   -7.59850e+05    3.01134e+02
 Pres. DC (bar) Pressure (bar)      dVcoul/dl       dVvdw/dl    dVbonded/dl
   -2.12600e+02   -1.66012e+01    0.00000e+00    0.00000e+00    0.00000e+00
   Constr. rmsd
    4.07733e-06


DD  step 299  vol min/aver 0.790  load imb.: force 36.9%  pme mesh/force 0.388
           Step           Time
            300        0.60000

   Energies (kJ/mol)
           Bond          Angle    Proper Dih. Per. Imp. Dih.          LJ-14
    4.56578e+03    1.18578e+04    1.36153e+04    7.22649e+02    5.27941e+03
     Coulomb-14        LJ (SR)  Disper. corr.   Coulomb (SR)   Coul. recip.
    6.18531e+04    1.33409e+05   -9.44481e+03   -1.17663e+06    6.78287e+03
      Potential    Kinetic En.   Total Energy  Conserved En.    Temperature
   -9.47986e+05    1.86180e+05   -7.61806e+05   -7.59838e+05    2.99873e+02
 Pres. DC (bar) Pressure (bar)      dVcoul/dl       dVvdw/dl    dVbonded/dl
   -2.12890e+02   -2.89778e+01    0.00000e+00    0.00000e+00    0.00000e+00
   Constr. rmsd
    4.03421e-06


DD  load balancing is limited by minimum cell size in dimension X
DD  step 349  vol min/aver 0.720! load imb.: force 17.7%  pme mesh/force 0.498
           Step           Time
            350        0.70000

   Energies (kJ/mol)
           Bond          Angle    Proper Dih. Per. Imp. Dih.          LJ-14
    4.26262e+03    1.19161e+04    1.35638e+04    7.01654e+02    5.29124e+03
     Coulomb-14        LJ (SR)  Disper. corr.   Coulomb (SR)   Coul. recip.
    6.18610e+04    1.33493e+05   -9.45238e+03   -1.17693e+06    6.72991e+03
      Potential    Kinetic En.   Total Energy  Conserved En.    Temperature
   -9.48567e+05    1.86328e+05   -7.62239e+05   -7.59851e+05    3.00112e+02
 Pres. DC (bar) Pressure (bar)      dVcoul/dl       dVvdw/dl    dVbonded/dl
   -2.13230e+02   -6.96928e+00    0.00000e+00    0.00000e+00    0.00000e+00
   Constr. rmsd
    3.87209e-06


DD  load balancing is limited by minimum cell size in dimension X
DD  step 399  vol min/aver 0.699! load imb.: force 29.1%  pme mesh/force 0.433
           Step           Time
            400        0.80000

   Energies (kJ/mol)
           Bond          Angle    Proper Dih. Per. Imp. Dih.          LJ-14
    4.32517e+03    1.18887e+04    1.35197e+04    6.93986e+02    5.20835e+03
     Coulomb-14        LJ (SR)  Disper. corr.   Coulomb (SR)   Coul. recip.
    6.18914e+04    1.32703e+05   -9.45967e+03   -1.17466e+06    6.92386e+03
      Potential    Kinetic En.   Total Energy  Conserved En.    Temperature
   -9.46961e+05    1.85938e+05   -7.61023e+05   -7.59843e+05    2.99484e+02
 Pres. DC (bar) Pressure (bar)      dVcoul/dl       dVvdw/dl    dVbonded/dl
   -2.13559e+02   -6.95699e+01    0.00000e+00    0.00000e+00    0.00000e+00
   Constr. rmsd
    3.71832e-06


DD  load balancing is limited by minimum cell size in dimension X
DD  step 449  vol min/aver 0.642! load imb.: force 17.6%  pme mesh/force 0.553
           Step           Time
            450        0.90000

   Energies (kJ/mol)
           Bond          Angle    Proper Dih. Per. Imp. Dih.          LJ-14
    4.38608e+03    1.20094e+04    1.35923e+04    7.11724e+02    5.22796e+03
     Coulomb-14        LJ (SR)  Disper. corr.   Coulomb (SR)   Coul. recip.
    6.18264e+04    1.34154e+05   -9.46741e+03   -1.17758e+06    6.65325e+03
      Potential    Kinetic En.   Total Energy  Conserved En.    Temperature
   -9.48488e+05    1.87011e+05   -7.61478e+05   -7.59830e+05    3.01212e+02
 Pres. DC (bar) Pressure (bar)      dVcoul/dl       dVvdw/dl    dVbonded/dl
   -2.13908e+02    1.07603e+02    0.00000e+00    0.00000e+00    0.00000e+00
   Constr. rmsd
    3.85294e-06


DD  load balancing is limited by minimum cell size in dimension X
DD  step 499  vol min/aver 0.647! load imb.: force 20.3%  pme mesh/force 0.448
           Step           Time
            500        1.00000

   Energies (kJ/mol)
           Bond          Angle    Proper Dih. Per. Imp. Dih.          LJ-14
    4.37473e+03    1.19006e+04    1.36724e+04    6.24337e+02    5.27578e+03
     Coulomb-14        LJ (SR)  Disper. corr.   Coulomb (SR)   Coul. recip.
    6.21204e+04    1.33471e+05   -9.47369e+03   -1.17665e+06    6.74109e+03
      Potential    Kinetic En.   Total Energy  Conserved En.    Temperature
   -9.47948e+05    1.85607e+05   -7.62341e+05   -7.59826e+05    2.98951e+02
 Pres. DC (bar) Pressure (bar)      dVcoul/dl       dVvdw/dl    dVbonded/dl
   -2.14192e+02   -2.19608e+01    0.00000e+00    0.00000e+00    0.00000e+00
   Constr. rmsd
    3.78015e-06


DD  load balancing is limited by minimum cell size in dimension X
DD  step 549  vol min/aver 0.631! load imb.: force 19.6%  pme mesh/force 0.534
           Step           Time
            550        1.10000

   Energies (kJ/mol)
           Bond          Angle    Proper Dih. Per. Imp. Dih.          LJ-14
    4.31987e+03    1.19228e+04    1.36781e+04    6.53419e+02    5.16215e+03
     Coulomb-14        LJ (SR)  Disper. corr.   Coulomb (SR)   Coul. recip.
    6.16130e+04    1.32938e+05   -9.47934e+03   -1.17564e+06    6.57127e+03
      Potential    Kinetic En.   Total Energy  Conserved En.    Temperature
   -9.48264e+05    1.85518e+05   -7.62746e+05   -7.59850e+05    2.98807e+02
 Pres. DC (bar) Pressure (bar)      dVcoul/dl       dVvdw/dl    dVbonded/dl
   -2.14447e+02   -1.74041e+01    0.00000e+00    0.00000e+00    0.00000e+00
   Constr. rmsd
    4.08973e-06


DD  load balancing is limited by minimum cell size in dimension X
DD  step 599  vol min/aver 0.638! load imb.: force  7.2%  pme mesh/force 0.428
           Step           Time
            600        1.20000

   Energies (kJ/mol)
           Bond          Angle    Proper Dih. Per. Imp. Dih.          LJ-14
    4.43768e+03    1.20979e+04    1.36218e+04    6.37799e+02    5.16212e+03
     Coulomb-14        LJ (SR)  Disper. corr.   Coulomb (SR)   Coul. recip.
    6.17155e+04    1.32537e+05   -9.48485e+03   -1.17551e+06    6.75227e+03
      Potential    Kinetic En.   Total Energy  Conserved En.    Temperature
   -9.48033e+05    1.85604e+05   -7.62429e+05   -7.59822e+05    2.98946e+02
 Pres. DC (bar) Pressure (bar)      dVcoul/dl       dVvdw/dl    dVbonded/dl
   -2.14696e+02    6.01468e+01    0.00000e+00    0.00000e+00    0.00000e+00
   Constr. rmsd
    3.93423e-06


DD  load balancing is limited by minimum cell size in dimension X
DD  step 649  vol min/aver 0.669! load imb.: force 45.5%  pme mesh/force 0.550
           Step           Time
            650        1.30000

   Energies (kJ/mol)
           Bond          Angle    Proper Dih. Per. Imp. Dih.          LJ-14
    4.33714e+03    1.18137e+04    1.36808e+04    6.70633e+02    5.30563e+03
     Coulomb-14        LJ (SR)  Disper. corr.   Coulomb (SR)   Coul. recip.
    6.18363e+04    1.31825e+05   -9.49143e+03   -1.17424e+06    6.80661e+03
      Potential    Kinetic En.   Total Energy  Conserved En.    Temperature
   -9.47461e+05    1.85419e+05   -7.62042e+05   -7.59841e+05    2.98647e+02
 Pres. DC (bar) Pressure (bar)      dVcoul/dl       dVvdw/dl    dVbonded/dl
   -2.14994e+02   -5.76484e+01    0.00000e+00    0.00000e+00    0.00000e+00
   Constr. rmsd
    3.85279e-06


DD  load balancing is limited by minimum cell size in dimension X
DD  step 699  vol min/aver 0.615! load imb.: force 22.8%  pme mesh/force 0.441
           Step           Time
            700        1.40000

   Energies (kJ/mol)
           Bond          Angle    Proper Dih. Per. Imp. Dih.          LJ-14
    4.38194e+03    1.18055e+04    1.39543e+04    7.18456e+02    5.14857e+03
     Coulomb-14        LJ (SR)  Disper. corr.   Coulomb (SR)   Coul. recip.
    6.19344e+04    1.33850e+05   -9.50060e+03   -1.17626e+06    6.69028e+03
      Potential    Kinetic En.   Total Energy  Conserved En.    Temperature
   -9.47272e+05    1.85518e+05   -7.61755e+05   -7.59842e+05    2.98807e+02
 Pres. DC (bar) Pressure (bar)      dVcoul/dl       dVvdw/dl    dVbonded/dl
   -2.15409e+02    2.67611e+01    0.00000e+00    0.00000e+00    0.00000e+00
   Constr. rmsd
    3.85944e-06


DD  load balancing is limited by minimum cell size in dimension X
DD  step 749  vol min/aver 0.590! load imb.: force 23.0%  pme mesh/force 0.516
           Step           Time
            750        1.50000

   Energies (kJ/mol)
           Bond          Angle    Proper Dih. Per. Imp. Dih.          LJ-14
    4.34783e+03    1.20809e+04    1.36770e+04    6.59581e+02    5.23103e+03
     Coulomb-14        LJ (SR)  Disper. corr.   Coulomb (SR)   Coul. recip.
    6.18095e+04    1.33418e+05   -9.50775e+03   -1.17674e+06    6.62954e+03
      Potential    Kinetic En.   Total Energy  Conserved En.    Temperature
   -9.48393e+05    1.85714e+05   -7.62680e+05   -7.59812e+05    2.99123e+02
 Pres. DC (bar) Pressure (bar)      dVcoul/dl       dVvdw/dl    dVbonded/dl
   -2.15733e+02    3.63142e+01    0.00000e+00    0.00000e+00    0.00000e+00
   Constr. rmsd
    3.85531e-06


DD  load balancing is limited by minimum cell size in dimension X
DD  step 799  vol min/aver 0.580! load imb.: force 15.7%  pme mesh/force 0.435
           Step           Time
            800        1.60000

   Energies (kJ/mol)
           Bond          Angle    Proper Dih. Per. Imp. Dih.          LJ-14
    4.24623e+03    1.21735e+04    1.36922e+04    7.05022e+02    5.24528e+03
     Coulomb-14        LJ (SR)  Disper. corr.   Coulomb (SR)   Coul. recip.
    6.19925e+04    1.32225e+05   -9.51411e+03   -1.17644e+06    6.73330e+03
      Potential    Kinetic En.   Total Energy  Conserved En.    Temperature
   -9.48945e+05    1.86230e+05   -7.62715e+05   -7.59826e+05    2.99954e+02
 Pres. DC (bar) Pressure (bar)      dVcoul/dl       dVvdw/dl    dVbonded/dl
   -2.16021e+02   -1.44960e+01    0.00000e+00    0.00000e+00    0.00000e+00
   Constr. rmsd
    3.88459e-06


DD  load balancing is limited by minimum cell size in dimension X
DD  step 849  vol min/aver 0.596! load imb.: force 16.3%  pme mesh/force 0.509
           Step           Time
            850        1.70000

   Energies (kJ/mol)
           Bond          Angle    Proper Dih. Per. Imp. Dih.          LJ-14
    4.45970e+03    1.20304e+04    1.36220e+04    6.87366e+02    5.26755e+03
     Coulomb-14        LJ (SR)  Disper. corr.   Coulomb (SR)   Coul. recip.
    6.19554e+04    1.33582e+05   -9.52026e+03   -1.17814e+06    6.69356e+03
      Potential    Kinetic En.   Total Energy  Conserved En.    Temperature
   -9.49366e+05    1.87088e+05   -7.62278e+05   -7.59817e+05    3.01336e+02
 Pres. DC (bar) Pressure (bar)      dVcoul/dl       dVvdw/dl    dVbonded/dl
   -2.16300e+02    1.41300e+02    0.00000e+00    0.00000e+00    0.00000e+00
   Constr. rmsd
    3.93356e-06


DD  load balancing is limited by minimum cell size in dimension X
DD  step 899  vol min/aver 0.616! load imb.: force 14.6%  pme mesh/force 0.438
           Step           Time
            900        1.80000

   Energies (kJ/mol)
           Bond          Angle    Proper Dih. Per. Imp. Dih.          LJ-14
    4.68975e+03    1.18382e+04    1.36032e+04    6.95725e+02    5.19402e+03
     Coulomb-14        LJ (SR)  Disper. corr.   Coulomb (SR)   Coul. recip.
    6.18073e+04    1.33285e+05   -9.52219e+03   -1.17601e+06    6.67169e+03
      Potential    Kinetic En.   Total Energy  Conserved En.    Temperature
   -9.47743e+05    1.85153e+05   -7.62590e+05   -7.59792e+05    2.98220e+02
 Pres. DC (bar) Pressure (bar)      dVcoul/dl       dVvdw/dl    dVbonded/dl
   -2.16388e+02   -5.11833e+01    0.00000e+00    0.00000e+00    0.00000e+00
   Constr. rmsd
    3.88534e-06


DD  load balancing is limited by minimum cell size in dimension X
DD  step 949  vol min/aver 0.644! load imb.: force 26.7%  pme mesh/force 0.509
           Step           Time
            950        1.90000

   Energies (kJ/mol)
           Bond          Angle    Proper Dih. Per. Imp. Dih.          LJ-14
    4.30754e+03    1.19318e+04    1.36201e+04    6.72455e+02    5.18942e+03
     Coulomb-14        LJ (SR)  Disper. corr.   Coulomb (SR)   Coul. recip.
    6.21097e+04    1.32052e+05   -9.52238e+03   -1.17522e+06    6.66551e+03
      Potential    Kinetic En.   Total Energy  Conserved En.    Temperature
   -9.48197e+05    1.87233e+05   -7.60964e+05   -7.59816e+05    3.01570e+02
 Pres. DC (bar) Pressure (bar)      dVcoul/dl       dVvdw/dl    dVbonded/dl
   -2.16396e+02   -3.60628e+01    0.00000e+00    0.00000e+00    0.00000e+00
   Constr. rmsd
    4.17304e-06


DD  load balancing is limited by minimum cell size in dimension X
DD  step 999  vol min/aver 0.652! load imb.: force 13.4%  pme mesh/force 0.468
           Step           Time
           1000        2.00000

   Energies (kJ/mol)
           Bond          Angle    Proper Dih. Per. Imp. Dih.          LJ-14
    4.60809e+03    1.18010e+04    1.36568e+04    6.79344e+02    5.14439e+03
     Coulomb-14        LJ (SR)  Disper. corr.   Coulomb (SR)   Coul. recip.
    6.18131e+04    1.32935e+05   -9.52071e+03   -1.17556e+06    6.70432e+03
      Potential    Kinetic En.   Total Energy  Conserved En.    Temperature
   -9.47737e+05    1.87576e+05   -7.60162e+05   -7.59810e+05    3.02122e+02
 Pres. DC (bar) Pressure (bar)      dVcoul/dl       dVvdw/dl    dVbonded/dl
   -2.16321e+02    1.02498e+01    0.00000e+00    0.00000e+00    0.00000e+00
   Constr. rmsd
    4.22914e-06


DD  load balancing is limited by minimum cell size in dimension X
DD  step 1049  vol min/aver 0.670! load imb.: force 18.4%  pme mesh/force 0.607
           Step           Time
           1050        2.10000

   Energies (kJ/mol)
           Bond          Angle    Proper Dih. Per. Imp. Dih.          LJ-14
    4.42481e+03    1.20470e+04    1.36135e+04    6.94349e+02    5.14731e+03
     Coulomb-14        LJ (SR)  Disper. corr.   Coulomb (SR)   Coul. recip.
    6.17999e+04    1.32632e+05   -9.51685e+03   -1.17497e+06    6.79939e+03
      Potential    Kinetic En.   Total Energy  Conserved En.    Temperature
   -9.47328e+05    1.86275e+05   -7.61053e+05   -7.59817e+05    3.00027e+02
 Pres. DC (bar) Pressure (bar)      dVcoul/dl       dVvdw/dl    dVbonded/dl
   -2.16145e+02    5.75668e+01    0.00000e+00    0.00000e+00    0.00000e+00
   Constr. rmsd
    3.99722e-06


DD  load balancing is limited by minimum cell size in dimension X
DD  step 1099  vol min/aver 0.667! load imb.: force 14.2%  pme mesh/force 0.449
           Step           Time
           1100        2.20000

   Energies (kJ/mol)
           Bond          Angle    Proper Dih. Per. Imp. Dih.          LJ-14
    4.44488e+03    1.20338e+04    1.37208e+04    6.52768e+02    5.19081e+03
     Coulomb-14        LJ (SR)  Disper. corr.   Coulomb (SR)   Coul. recip.
    6.16608e+04    1.31391e+05   -9.51123e+03   -1.17316e+06    6.68118e+03
      Potential    Kinetic En.   Total Energy  Conserved En.    Temperature
   -9.46900e+05    1.86280e+05   -7.60620e+05   -7.59845e+05    3.00035e+02
 Pres. DC (bar) Pressure (bar)      dVcoul/dl       dVvdw/dl    dVbonded/dl
   -2.15891e+02   -3.63584e+01    0.00000e+00    0.00000e+00    0.00000e+00
   Constr. rmsd
    4.00937e-06


DD  load balancing is limited by minimum cell size in dimension X
DD  step 1149  vol min/aver 0.689! load imb.: force 13.3%  pme mesh/force 0.458
           Step           Time
           1150        2.30000

   Energies (kJ/mol)
           Bond          Angle    Proper Dih. Per. Imp. Dih.          LJ-14
    4.60370e+03    1.19878e+04    1.33971e+04    6.09361e+02    5.24017e+03
     Coulomb-14        LJ (SR)  Disper. corr.   Coulomb (SR)   Coul. recip.
    6.18494e+04    1.32877e+05   -9.50603e+03   -1.17506e+06    6.69524e+03
      Potential    Kinetic En.   Total Energy  Conserved En.    Temperature
   -9.47303e+05    1.85695e+05   -7.61609e+05   -7.59828e+05    2.99092e+02
 Pres. DC (bar) Pressure (bar)      dVcoul/dl       dVvdw/dl    dVbonded/dl
   -2.15655e+02    1.87751e+00    0.00000e+00    0.00000e+00    0.00000e+00
   Constr. rmsd
    3.87294e-06


DD  load balancing is limited by minimum cell size in dimension X
DD  step 1199  vol min/aver 0.697! load imb.: force 15.1%  pme mesh/force 0.460
           Step           Time
           1200        2.40000

   Energies (kJ/mol)
           Bond          Angle    Proper Dih. Per. Imp. Dih.          LJ-14
    4.29406e+03    1.18823e+04    1.35219e+04    7.44115e+02    5.22587e+03
     Coulomb-14        LJ (SR)  Disper. corr.   Coulomb (SR)   Coul. recip.
    6.18716e+04    1.32164e+05   -9.50087e+03   -1.17525e+06    6.62780e+03
      Potential    Kinetic En.   Total Energy  Conserved En.    Temperature
   -9.48424e+05    1.86081e+05   -7.62343e+05   -7.59844e+05    2.99714e+02
 Pres. DC (bar) Pressure (bar)      dVcoul/dl       dVvdw/dl    dVbonded/dl
   -2.15421e+02   -3.15068e+01    0.00000e+00    0.00000e+00    0.00000e+00
   Constr. rmsd
    4.03255e-06


DD  load balancing is limited by minimum cell size in dimension X
DD  step 1249  vol min/aver 0.701! load imb.: force 18.5%  pme mesh/force 0.530
           Step           Time
           1250        2.50000

   Energies (kJ/mol)
           Bond          Angle    Proper Dih. Per. Imp. Dih.          LJ-14
    4.20382e+03    1.21230e+04    1.36802e+04    6.68366e+02    5.29049e+03
     Coulomb-14        LJ (SR)  Disper. corr.   Coulomb (SR)   Coul. recip.
    6.18874e+04    1.31832e+05   -9.49787e+03   -1.17611e+06    6.64914e+03
      Potential    Kinetic En.   Total Energy  Conserved En.    Temperature
   -9.49279e+05    1.86068e+05   -7.63210e+05   -7.59812e+05    2.99694e+02
 Pres. DC (bar) Pressure (bar)      dVcoul/dl       dVvdw/dl    dVbonded/dl
   -2.15285e+02    1.12985e+01    0.00000e+00    0.00000e+00    0.00000e+00
   Constr. rmsd
    3.92283e-06


DD  load balancing is limited by minimum cell size in dimension X
DD  step 1299  vol min/aver 0.693! load imb.: force 21.3%  pme mesh/force 0.485
           Step           Time
           1300        2.60000

   Energies (kJ/mol)
           Bond          Angle    Proper Dih. Per. Imp. Dih.          LJ-14
    4.36241e+03    1.18765e+04    1.36418e+04    6.64227e+02    5.24100e+03
     Coulomb-14        LJ (SR)  Disper. corr.   Coulomb (SR)   Coul. recip.
    6.17801e+04    1.32454e+05   -9.49702e+03   -1.17598e+06    6.50030e+03
      Potential    Kinetic En.   Total Energy  Conserved En.    Temperature
   -9.48954e+05    1.84968e+05   -7.63986e+05   -7.59803e+05    2.97921e+02
 Pres. DC (bar) Pressure (bar)      dVcoul/dl       dVvdw/dl    dVbonded/dl
   -2.15247e+02   -5.00763e+01    0.00000e+00    0.00000e+00    0.00000e+00
   Constr. rmsd
    4.04278e-06


DD  load balancing is limited by minimum cell size in dimension X
DD  step 1349  vol min/aver 0.691! load imb.: force 39.7%  pme mesh/force 0.636
           Step           Time
           1350        2.70000

   Energies (kJ/mol)
           Bond          Angle    Proper Dih. Per. Imp. Dih.          LJ-14
    4.39115e+03    1.21168e+04    1.36565e+04    7.29301e+02    5.25278e+03
     Coulomb-14        LJ (SR)  Disper. corr.   Coulomb (SR)   Coul. recip.
    6.18529e+04    1.30770e+05   -9.49824e+03   -1.17430e+06    6.76545e+03
      Potential    Kinetic En.   Total Energy  Conserved En.    Temperature
   -9.48259e+05    1.85207e+05   -7.63052e+05   -7.59777e+05    2.98306e+02
 Pres. DC (bar) Pressure (bar)      dVcoul/dl       dVvdw/dl    dVbonded/dl
   -2.15302e+02   -1.85333e+02    0.00000e+00    0.00000e+00    0.00000e+00
   Constr. rmsd
    3.87269e-06


DD  load balancing is limited by minimum cell size in dimension X
DD  step 1399  vol min/aver 0.676! load imb.: force 24.3%  pme mesh/force 0.516
           Step           Time
           1400        2.80000

   Energies (kJ/mol)
           Bond          Angle    Proper Dih. Per. Imp. Dih.          LJ-14
    4.36926e+03    1.18954e+04    1.36163e+04    6.43720e+02    5.25081e+03
     Coulomb-14        LJ (SR)  Disper. corr.   Coulomb (SR)   Coul. recip.
    6.18494e+04    1.31772e+05   -9.50258e+03   -1.17469e+06    6.70015e+03
      Potential    Kinetic En.   Total Energy  Conserved En.    Temperature
   -9.48094e+05    1.85964e+05   -7.62130e+05   -7.59837e+05    2.99525e+02
 Pres. DC (bar) Pressure (bar)      dVcoul/dl       dVvdw/dl    dVbonded/dl
   -2.15498e+02   -1.75797e+01    0.00000e+00    0.00000e+00    0.00000e+00
   Constr. rmsd
    3.75933e-06


DD  load balancing is limited by minimum cell size in dimension X
DD  step 1449  vol min/aver 0.639! load imb.: force 27.0%  pme mesh/force 0.518
           Step           Time
           1450        2.90000

   Energies (kJ/mol)
           Bond          Angle    Proper Dih. Per. Imp. Dih.          LJ-14
    4.21812e+03    1.23106e+04    1.35121e+04    7.46225e+02    5.27784e+03
     Coulomb-14        LJ (SR)  Disper. corr.   Coulomb (SR)   Coul. recip.
    6.16243e+04    1.34238e+05   -9.50621e+03   -1.17704e+06    6.75187e+03
      Potential    Kinetic En.   Total Energy  Conserved En.    Temperature
   -9.47862e+05    1.86214e+05   -7.61649e+05   -7.59811e+05    2.99928e+02
 Pres. DC (bar) Pressure (bar)      dVcoul/dl       dVvdw/dl    dVbonded/dl
   -2.15663e+02    2.07072e+02    0.00000e+00    0.00000e+00    0.00000e+00
   Constr. rmsd
    3.90485e-06


DD  load balancing is limited by minimum cell size in dimension X
DD  step 1499  vol min/aver 0.599! load imb.: force 19.8%  pme mesh/force 0.453
           Step           Time
           1500        3.00000

   Energies (kJ/mol)
           Bond          Angle    Proper Dih. Per. Imp. Dih.          LJ-14
    4.45246e+03    1.19056e+04    1.36539e+04    6.82471e+02    5.23727e+03
     Coulomb-14        LJ (SR)  Disper. corr.   Coulomb (SR)   Coul. recip.
    6.17588e+04    1.33266e+05   -9.50352e+03   -1.17668e+06    6.79921e+03
      Potential    Kinetic En.   Total Energy  Conserved En.    Temperature
   -9.48426e+05    1.86764e+05   -7.61662e+05   -7.59838e+05    3.00814e+02
 Pres. DC (bar) Pressure (bar)      dVcoul/dl       dVvdw/dl    dVbonded/dl
   -2.15541e+02    6.98009e+01    0.00000e+00    0.00000e+00    0.00000e+00
   Constr. rmsd
    4.23296e-06


DD  load balancing is limited by minimum cell size in dimension X
DD  step 1549  vol min/aver 0.589! load imb.: force 21.3%  pme mesh/force 0.559
           Step           Time
           1550        3.10000

   Energies (kJ/mol)
           Bond          Angle    Proper Dih. Per. Imp. Dih.          LJ-14
    4.35257e+03    1.20042e+04    1.35988e+04    7.10899e+02    5.19234e+03
     Coulomb-14        LJ (SR)  Disper. corr.   Coulomb (SR)   Coul. recip.
    6.18642e+04    1.31781e+05   -9.49633e+03   -1.17566e+06    6.64369e+03
      Potential    Kinetic En.   Total Energy  Conserved En.    Temperature
   -9.49010e+05    1.87366e+05   -7.61644e+05   -7.59799e+05    3.01784e+02
 Pres. DC (bar) Pressure (bar)      dVcoul/dl       dVvdw/dl    dVbonded/dl
   -2.15216e+02   -8.27293e+01    0.00000e+00    0.00000e+00    0.00000e+00
   Constr. rmsd
    4.19951e-06


DD  load balancing is limited by minimum cell size in dimension X
DD  step 1599  vol min/aver 0.563! load imb.: force 11.8%  pme mesh/force 0.451
           Step           Time
           1600        3.20000

   Energies (kJ/mol)
           Bond          Angle    Proper Dih. Per. Imp. Dih.          LJ-14
    4.27478e+03    1.21397e+04    1.35507e+04    6.76500e+02    5.19675e+03
     Coulomb-14        LJ (SR)  Disper. corr.   Coulomb (SR)   Coul. recip.
    6.17771e+04    1.32287e+05   -9.48902e+03   -1.17502e+06    6.63514e+03
      Potential    Kinetic En.   Total Energy  Conserved En.    Temperature
   -9.47976e+05    1.86518e+05   -7.61458e+05   -7.59837e+05    3.00418e+02
 Pres. DC (bar) Pressure (bar)      dVcoul/dl       dVvdw/dl    dVbonded/dl
   -2.14885e+02    5.22821e+01    0.00000e+00    0.00000e+00    0.00000e+00
   Constr. rmsd
    3.99083e-06


DD  load balancing is limited by minimum cell size in dimension X
DD  step 1649  vol min/aver 0.597! load imb.: force 17.8%  pme mesh/force 0.484
           Step           Time
           1650        3.30000

   Energies (kJ/mol)
           Bond          Angle    Proper Dih. Per. Imp. Dih.          LJ-14
    4.56140e+03    1.20300e+04    1.34478e+04    6.70794e+02    5.13677e+03
     Coulomb-14        LJ (SR)  Disper. corr.   Coulomb (SR)   Coul. recip.
    6.16970e+04    1.31624e+05   -9.48185e+03   -1.17325e+06    6.71678e+03
      Potential    Kinetic En.   Total Energy  Conserved En.    Temperature
   -9.46848e+05    1.86898e+05   -7.59951e+05   -7.59829e+05    3.01029e+02
 Pres. DC (bar) Pressure (bar)      dVcoul/dl       dVvdw/dl    dVbonded/dl
   -2.14560e+02   -1.11097e+02    0.00000e+00    0.00000e+00    0.00000e+00
   Constr. rmsd
    3.93334e-06


DD  load balancing is limited by minimum cell size in dimension X
DD  step 1699  vol min/aver 0.617! load imb.: force 15.4%  pme mesh/force 0.434
           Step           Time
           1700        3.40000

   Energies (kJ/mol)
           Bond          Angle    Proper Dih. Per. Imp. Dih.          LJ-14
    4.41353e+03    1.19316e+04    1.34959e+04    6.45201e+02    5.17210e+03
     Coulomb-14        LJ (SR)  Disper. corr.   Coulomb (SR)   Coul. recip.
    6.16801e+04    1.31334e+05   -9.47723e+03   -1.17293e+06    6.88747e+03
      Potential    Kinetic En.   Total Energy  Conserved En.    Temperature
   -9.46845e+05    1.87744e+05   -7.59101e+05   -7.59836e+05    3.02393e+02
 Pres. DC (bar) Pressure (bar)      dVcoul/dl       dVvdw/dl    dVbonded/dl
   -2.14352e+02   -1.41779e+02    0.00000e+00    0.00000e+00    0.00000e+00
   Constr. rmsd
    4.04780e-06


DD  load balancing is limited by minimum cell size in dimension X
DD  step 1749  vol min/aver 0.645! load imb.: force 17.0%  pme mesh/force 0.525
           Step           Time
           1750        3.50000

   Energies (kJ/mol)
           Bond          Angle    Proper Dih. Per. Imp. Dih.          LJ-14
    4.48146e+03    1.20817e+04    1.35245e+04    6.57214e+02    5.28038e+03
     Coulomb-14        LJ (SR)  Disper. corr.   Coulomb (SR)   Coul. recip.
    6.20093e+04    1.32974e+05   -9.47549e+03   -1.17560e+06    6.64049e+03
      Potential    Kinetic En.   Total Energy  Conserved En.    Temperature
   -9.47430e+05    1.86563e+05   -7.60866e+05   -7.59807e+05    3.00491e+02
 Pres. DC (bar) Pressure (bar)      dVcoul/dl       dVvdw/dl    dVbonded/dl
   -2.14273e+02    9.11028e+01    0.00000e+00    0.00000e+00    0.00000e+00
   Constr. rmsd
    4.16068e-06


DD  load balancing is limited by minimum cell size in dimension X
DD  step 1799  vol min/aver 0.669! load imb.: force 14.1%  pme mesh/force 0.447
           Step           Time
           1800        3.60000

   Energies (kJ/mol)
           Bond          Angle    Proper Dih. Per. Imp. Dih.          LJ-14
    4.35208e+03    1.18500e+04    1.36466e+04    7.02106e+02    5.25172e+03
     Coulomb-14        LJ (SR)  Disper. corr.   Coulomb (SR)   Coul. recip.
    6.19071e+04    1.32239e+05   -9.47356e+03   -1.17429e+06    6.63130e+03
      Potential    Kinetic En.   Total Energy  Conserved En.    Temperature
   -9.47184e+05    1.87529e+05   -7.59655e+05   -7.59836e+05    3.02046e+02
 Pres. DC (bar) Pressure (bar)      dVcoul/dl       dVvdw/dl    dVbonded/dl
   -2.14186e+02   -3.55926e+01    0.00000e+00    0.00000e+00    0.00000e+00
   Constr. rmsd
    3.95124e-06


DD  load balancing is limited by minimum cell size in dimension X
DD  step 1849  vol min/aver 0.684! load imb.: force 10.3%  pme mesh/force 0.448
           Step           Time
           1850        3.70000

   Energies (kJ/mol)
           Bond          Angle    Proper Dih. Per. Imp. Dih.          LJ-14
    4.62949e+03    1.20560e+04    1.36943e+04    7.52882e+02    5.05092e+03
     Coulomb-14        LJ (SR)  Disper. corr.   Coulomb (SR)   Coul. recip.
    6.13339e+04    1.31562e+05   -9.47173e+03   -1.17228e+06    6.87569e+03
      Potential    Kinetic En.   Total Energy  Conserved En.    Temperature
   -9.45799e+05    1.86243e+05   -7.59556e+05   -7.59820e+05    2.99975e+02
 Pres. DC (bar) Pressure (bar)      dVcoul/dl       dVvdw/dl    dVbonded/dl
   -2.14103e+02   -9.53053e+01    0.00000e+00    0.00000e+00    0.00000e+00
   Constr. rmsd
    4.08575e-06


DD  load balancing is limited by minimum cell size in dimension X
DD  step 1899  vol min/aver 0.693! load imb.: force 12.9%  pme mesh/force 0.465
           Step           Time
           1900        3.80000

   Energies (kJ/mol)
           Bond          Angle    Proper Dih. Per. Imp. Dih.          LJ-14
    4.48474e+03    1.20725e+04    1.36596e+04    7.07249e+02    5.27567e+03
     Coulomb-14        LJ (SR)  Disper. corr.   Coulomb (SR)   Coul. recip.
    6.18994e+04    1.30681e+05   -9.47150e+03   -1.17203e+06    6.74757e+03
      Potential    Kinetic En.   Total Energy  Conserved En.    Temperature
   -9.45976e+05    1.86516e+05   -7.59460e+05   -7.59824e+05    3.00414e+02
 Pres. DC (bar) Pressure (bar)      dVcoul/dl       dVvdw/dl    dVbonded/dl
   -2.14093e+02   -1.06152e+02    0.00000e+00    0.00000e+00    0.00000e+00
   Constr. rmsd
    3.85949e-06


DD  load balancing is limited by minimum cell size in dimension X
DD  step 1949  vol min/aver 0.703! load imb.: force 11.0%  pme mesh/force 0.495
           Step           Time
           1950        3.90000

   Energies (kJ/mol)
           Bond          Angle    Proper Dih. Per. Imp. Dih.          LJ-14
    4.53740e+03    1.19773e+04    1.35048e+04    6.42456e+02    5.21661e+03
     Coulomb-14        LJ (SR)  Disper. corr.   Coulomb (SR)   Coul. recip.
    6.17892e+04    1.32070e+05   -9.47365e+03   -1.17304e+06    6.52576e+03
      Potential    Kinetic En.   Total Energy  Conserved En.    Temperature
   -9.46251e+05    1.86418e+05   -7.59833e+05   -7.59830e+05    3.00257e+02
 Pres. DC (bar) Pressure (bar)      dVcoul/dl       dVvdw/dl    dVbonded/dl
   -2.14190e+02   -2.04794e+01    0.00000e+00    0.00000e+00    0.00000e+00
   Constr. rmsd
    4.09187e-06


DD  load balancing is limited by minimum cell size in dimension X
DD  step 1999  vol min/aver 0.690! load imb.: force 10.7%  pme mesh/force 0.449

step 2000 Turning off dynamic load balancing, because it is degrading performance.
Atom distribution over 16 domains: av 4582 stddev 102 min 4520 max 4672
           Step           Time
           2000        4.00000

   Energies (kJ/mol)
           Bond          Angle    Proper Dih. Per. Imp. Dih.          LJ-14
    4.43162e+03    1.18148e+04    1.36228e+04    6.83200e+02    5.28721e+03
     Coulomb-14        LJ (SR)  Disper. corr.   Coulomb (SR)   Coul. recip.
    6.16943e+04    1.32715e+05   -9.47771e+03   -1.17389e+06    6.83000e+03
      Potential    Kinetic En.   Total Energy  Conserved En.    Temperature
   -9.46290e+05    1.86707e+05   -7.59583e+05   -7.59812e+05    3.00722e+02
 Pres. DC (bar) Pressure (bar)      dVcoul/dl       dVvdw/dl    dVbonded/dl
   -2.14373e+02    4.76556e+01    0.00000e+00    0.00000e+00    0.00000e+00
   Constr. rmsd
    4.07031e-06


DD  step 2049 load imb.: force 43.1%  pme mesh/force 0.408
           Step           Time
           2050        4.10000

   Energies (kJ/mol)
           Bond          Angle    Proper Dih. Per. Imp. Dih.          LJ-14
    4.33220e+03    1.18383e+04    1.35775e+04    7.24087e+02    5.25652e+03
     Coulomb-14        LJ (SR)  Disper. corr.   Coulomb (SR)   Coul. recip.
    6.17830e+04    1.31297e+05   -9.47914e+03   -1.17349e+06    6.83375e+03
      Potential    Kinetic En.   Total Energy  Conserved En.    Temperature
   -9.47332e+05    1.87265e+05   -7.60066e+05   -7.59842e+05    3.01621e+02
 Pres. DC (bar) Pressure (bar)      dVcoul/dl       dVvdw/dl    dVbonded/dl
   -2.14438e+02   -2.01685e+01    0.00000e+00    0.00000e+00    0.00000e+00
   Constr. rmsd
    3.91839e-06


DD  step 2099 load imb.: force 48.4%  pme mesh/force 0.340
           Step           Time
           2100        4.20000

   Energies (kJ/mol)
           Bond          Angle    Proper Dih. Per. Imp. Dih.          LJ-14
    4.52213e+03    1.18071e+04    1.35117e+04    6.92031e+02    5.05298e+03
     Coulomb-14        LJ (SR)  Disper. corr.   Coulomb (SR)   Coul. recip.
    6.17306e+04    1.32394e+05   -9.47973e+03   -1.17477e+06    6.80151e+03
      Potential    Kinetic En.   Total Energy  Conserved En.    Temperature
   -9.47736e+05    1.87530e+05   -7.60206e+05   -7.59838e+05    3.02047e+02
 Pres. DC (bar) Pressure (bar)      dVcoul/dl       dVvdw/dl    dVbonded/dl
   -2.14465e+02   -6.65269e+01    0.00000e+00    0.00000e+00    0.00000e+00
   Constr. rmsd
    4.00192e-06


DD  step 2149 load imb.: force 54.3%  pme mesh/force 0.365
           Step           Time
           2150        4.30000

   Energies (kJ/mol)
           Bond          Angle    Proper Dih. Per. Imp. Dih.          LJ-14
    4.27871e+03    1.18869e+04    1.36843e+04    6.44641e+02    5.20317e+03
     Coulomb-14        LJ (SR)  Disper. corr.   Coulomb (SR)   Coul. recip.
    6.16526e+04    1.32485e+05   -9.48161e+03   -1.17465e+06    6.89462e+03
      Potential    Kinetic En.   Total Energy  Conserved En.    Temperature
   -9.47399e+05    1.85139e+05   -7.62260e+05   -7.59844e+05    2.98197e+02
 Pres. DC (bar) Pressure (bar)      dVcoul/dl       dVvdw/dl    dVbonded/dl
   -2.14549e+02    1.64461e+01    0.00000e+00    0.00000e+00    0.00000e+00
   Constr. rmsd
    3.95151e-06


DD  step 2199 load imb.: force 55.8%  pme mesh/force 0.334
           Step           Time
           2200        4.40000

   Energies (kJ/mol)
           Bond          Angle    Proper Dih. Per. Imp. Dih.          LJ-14
    4.29763e+03    1.16937e+04    1.34445e+04    7.09054e+02    5.26923e+03
     Coulomb-14        LJ (SR)  Disper. corr.   Coulomb (SR)   Coul. recip.
    6.19426e+04    1.31304e+05   -9.48242e+03   -1.17517e+06    6.58897e+03
      Potential    Kinetic En.   Total Energy  Conserved En.    Temperature
   -9.49404e+05    1.87538e+05   -7.61867e+05   -7.59904e+05    3.02060e+02
 Pres. DC (bar) Pressure (bar)      dVcoul/dl       dVvdw/dl    dVbonded/dl
   -2.14586e+02   -7.06244e+00    0.00000e+00    0.00000e+00    0.00000e+00
   Constr. rmsd
    3.96336e-06


DD  step 2249 load imb.: force 47.2%  pme mesh/force 0.347
           Step           Time
           2250        4.50000

   Energies (kJ/mol)
           Bond          Angle    Proper Dih. Per. Imp. Dih.          LJ-14
    4.31148e+03    1.20457e+04    1.35692e+04    6.50528e+02    5.15923e+03
     Coulomb-14        LJ (SR)  Disper. corr.   Coulomb (SR)   Coul. recip.
    6.18182e+04    1.30743e+05   -9.48232e+03   -1.17309e+06    6.62635e+03
      Potential    Kinetic En.   Total Energy  Conserved En.    Temperature
   -9.47654e+05    1.84999e+05   -7.62655e+05   -7.59834e+05    2.97971e+02
 Pres. DC (bar) Pressure (bar)      dVcoul/dl       dVvdw/dl    dVbonded/dl
   -2.14582e+02   -1.14755e+02    0.00000e+00    0.00000e+00    0.00000e+00
   Constr. rmsd
    3.93729e-06


DD  step 2299 load imb.: force 57.8%  pme mesh/force 0.326
           Step           Time
           2300        4.60000

   Energies (kJ/mol)
           Bond          Angle    Proper Dih. Per. Imp. Dih.          LJ-14
    4.21862e+03    1.18419e+04    1.35448e+04    6.79148e+02    5.29655e+03
     Coulomb-14        LJ (SR)  Disper. corr.   Coulomb (SR)   Coul. recip.
    6.19224e+04    1.31716e+05   -9.48649e+03   -1.17508e+06    6.74396e+03
      Potential    Kinetic En.   Total Energy  Conserved En.    Temperature
   -9.48607e+05    1.85510e+05   -7.63097e+05   -7.59831e+05    2.98794e+02
 Pres. DC (bar) Pressure (bar)      dVcoul/dl       dVvdw/dl    dVbonded/dl
   -2.14771e+02   -6.10619e+01    0.00000e+00    0.00000e+00    0.00000e+00
   Constr. rmsd
    3.89102e-06


DD  step 2349 load imb.: force 33.6%  pme mesh/force 0.371
           Step           Time
           2350        4.70000

   Energies (kJ/mol)
           Bond          Angle    Proper Dih. Per. Imp. Dih.          LJ-14
    4.31496e+03    1.17162e+04    1.37361e+04    6.74454e+02    5.28990e+03
     Coulomb-14        LJ (SR)  Disper. corr.   Coulomb (SR)   Coul. recip.
    6.16442e+04    1.31450e+05   -9.49165e+03   -1.17446e+06    6.59495e+03
      Potential    Kinetic En.   Total Energy  Conserved En.    Temperature
   -9.48529e+05    1.85395e+05   -7.63134e+05   -7.59850e+05    2.98610e+02
 Pres. DC (bar) Pressure (bar)      dVcoul/dl       dVvdw/dl    dVbonded/dl
   -2.15004e+02   -2.52598e+01    0.00000e+00    0.00000e+00    0.00000e+00
   Constr. rmsd
    3.96572e-06


DD  step 2399 load imb.: force 62.6%  pme mesh/force 0.316
           Step           Time
           2400        4.80000

   Energies (kJ/mol)
           Bond          Angle    Proper Dih. Per. Imp. Dih.          LJ-14
    4.30566e+03    1.20089e+04    1.35732e+04    6.34303e+02    5.15471e+03
     Coulomb-14        LJ (SR)  Disper. corr.   Coulomb (SR)   Coul. recip.
    6.18958e+04    1.30108e+05   -9.49910e+03   -1.17319e+06    6.65297e+03
      Potential    Kinetic En.   Total Energy  Conserved En.    Temperature
   -9.48359e+05    1.85786e+05   -7.62573e+05   -7.59830e+05    2.99239e+02
 Pres. DC (bar) Pressure (bar)      dVcoul/dl       dVvdw/dl    dVbonded/dl
   -2.15341e+02   -1.91296e+02    0.00000e+00    0.00000e+00    0.00000e+00
   Constr. rmsd
    4.04008e-06


DD  step 2449 load imb.: force 42.9%  pme mesh/force 0.365
           Step           Time
           2450        4.90000

   Energies (kJ/mol)
           Bond          Angle    Proper Dih. Per. Imp. Dih.          LJ-14
    4.49266e+03    1.19256e+04    1.34296e+04    6.74381e+02    5.19962e+03
     Coulomb-14        LJ (SR)  Disper. corr.   Coulomb (SR)   Coul. recip.
    6.17061e+04    1.31578e+05   -9.50982e+03   -1.17434e+06    6.78811e+03
      Potential    Kinetic En.   Total Energy  Conserved En.    Temperature
   -9.48058e+05    1.86512e+05   -7.61546e+05   -7.59832e+05    3.00409e+02
 Pres. DC (bar) Pressure (bar)      dVcoul/dl       dVvdw/dl    dVbonded/dl
   -2.15826e+02    2.26169e+01    0.00000e+00    0.00000e+00    0.00000e+00
   Constr. rmsd
    3.93162e-06


DD  step 2499 load imb.: force 64.6%  pme mesh/force 0.341
           Step           Time
           2500        5.00000

Writing checkpoint, step 2500 at Tue Jan 27 18:28:33 2026


   Energies (kJ/mol)
           Bond          Angle    Proper Dih. Per. Imp. Dih.          LJ-14
    4.28994e+03    1.20641e+04    1.35394e+04    6.51781e+02    5.41618e+03
     Coulomb-14        LJ (SR)  Disper. corr.   Coulomb (SR)   Coul. recip.
    6.18334e+04    1.34567e+05   -9.52015e+03   -1.17775e+06    6.73655e+03
      Potential    Kinetic En.   Total Energy  Conserved En.    Temperature
   -9.48168e+05    1.86055e+05   -7.62113e+05   -7.59783e+05    2.99672e+02
 Pres. DC (bar) Pressure (bar)      dVcoul/dl       dVvdw/dl    dVbonded/dl
   -2.16295e+02    2.17849e+02    0.00000e+00    0.00000e+00    0.00000e+00
   Constr. rmsd
    3.81619e-06


Energy conservation over simulation part #1 of length 5 ps, time 0 to 5 ps
  Conserved energy drift: 2.03e-04 kJ/mol/ps per atom


	<======  ###############  ==>
	<====  A V E R A G E S  ====>
	<==  ###############  ======>

	Statistics over 2501 steps using 51 frames

   Energies (kJ/mol)
           Bond          Angle    Proper Dih. Per. Imp. Dih.          LJ-14
    4.38532e+03    1.19625e+04    1.36049e+04    6.81852e+02    5.22205e+03
     Coulomb-14        LJ (SR)  Disper. corr.   Coulomb (SR)   Coul. recip.
    6.18280e+04    1.32477e+05   -9.48440e+03   -1.17508e+06    6.72299e+03
      Potential    Kinetic En.   Total Energy  Conserved En.    Temperature
   -9.47676e+05    1.86260e+05   -7.61415e+05   -7.59831e+05    3.00003e+02
 Pres. DC (bar) Pressure (bar)      dVcoul/dl       dVvdw/dl    dVbonded/dl
   -2.14677e+02   -1.14271e+01    0.00000e+00    0.00000e+00    0.00000e+00
   Constr. rmsd
    0.00000e+00

          Box-X          Box-Y          Box-Z
    1.01275e+01    1.01275e+01    7.16126e+00

   Total Virial (kJ/mol)
    6.27669e+04    3.86979e+02   -1.96298e+02
    3.91130e+02    6.19721e+04   -1.54991e+02
   -1.94163e+02   -1.55151e+02    6.22820e+04

   Pressure (bar)
   -3.06766e+01   -1.99095e+01    9.09534e+00
   -2.00971e+01    6.90399e+00    7.06552e+00
    8.99886e+00    7.07275e+00   -1.05087e+01


	M E G A - F L O P S   A C C O U N T I N G

 NB=Group-cutoff nonbonded kernels    NxN=N-by-N cluster Verlet kernels
 RF=Reaction-Field  VdW=Van der Waals  QSTab=quadratic-spline table
 W3=SPC/TIP3p  W4=TIP4p (single or pairs)
 V&F=Potential and force  V=Potential only  F=Force only

 Computing:                               M-Number         M-Flops  % Flops
-----------------------------------------------------------------------------
 Pair Search distance check            1647.028158       14823.253     0.1
 NxN Ewald Elec. + LJ [F]             75031.175520     4952057.584    48.9
 NxN Ewald Elec. + LJ [V&F]            1562.174480      167152.669     1.7
 NxN Ewald Elec. [F]                  64576.537088     3939168.762    38.9
 NxN Ewald Elec. [V&F]                 1344.516048      112939.348     1.1
 1,4 nonbonded interactions              35.751795        3217.662     0.0
 Calc Weights                           550.172481       19806.209     0.2
 Spread Q Bspline                     11737.012928       23474.026     0.2
 Gather F Bspline                     11737.012928       70422.078     0.7
 3D-FFT                               87424.255720      699394.046     6.9
 Solve PME                             1129.411584       72282.341     0.7
 Reset In Box                             3.593023          10.779     0.0
 CG-CoM                                   3.739677          11.219     0.0
 Bonds                                    6.897758         406.968     0.0
 Angles                                  24.799916        4166.386     0.0
 Propers                                 38.557917        8829.763     0.1
 Impropers                                2.603541         541.537     0.0
 Virial                                  37.097547         667.756     0.0
 Stop-CM                                  1.906502          19.065     0.0
 Calc-Ekin                               73.473654        1983.789     0.0
 Lincs                                    7.514868         450.892     0.0
 Lincs-Mat                               41.389608         165.558     0.0
 Constraint-V                           202.378107        1821.403     0.0
 Constraint-Vir                          39.034959         936.839     0.0
 Settle                                  62.449457       23106.299     0.2
-----------------------------------------------------------------------------
 Total                                                10117856.231   100.0
-----------------------------------------------------------------------------


    D O M A I N   D E C O M P O S I T I O N   S T A T I S T I C S

 av. #atoms communicated per step for force:  2 x 120377.4
 av. #atoms communicated per step for LINCS:  2 x 7635.6


Dynamic load balancing report:
 DLB was off during the run due to low measured imbalance.
 Average load imbalance: 26.4%.
 The balanceable part of the MD step is 64%, load imbalance is computed from this.
 Part of the total run time spent waiting due to load imbalance: 17.0%.
 Average PME mesh/force load: 0.458
 Part of the total run time spent waiting due to PP/PME imbalance: 16.1 %

NOTE: 17.0 % of the available CPU time was lost due to load imbalance
      in the domain decomposition.
      Dynamic load balancing was automatically disabled, but it might be beneficial to manually turn it on (option -dlb yes.)
      You can also consider manually changing the decomposition (option -dd);
      e.g. by using fewer domains along the box dimension in which there is
      considerable inhomogeneity in the simulated system.
NOTE: 16.1 % performance was lost because the PME ranks
      had less work to do than the PP ranks.
      You might want to decrease the number of PME ranks
      or decrease the cut-off and the grid spacing.


      R E A L   C Y C L E   A N D   T I M E   A C C O U N T I N G

On 16 MPI ranks doing PP, and
on 8 MPI ranks doing PME

 Activity:              Num   Num      Call    Wall time         Giga-Cycles
                        Ranks Threads  Count      (s)         total sum    %
--------------------------------------------------------------------------------
 Domain decomp.           16    1         50       0.165          8.117   0.5
 DD comm. load            16    1         50       0.002          0.080   0.0
 DD comm. bounds          16    1         37       0.007          0.357   0.0
 Send X to PME            16    1       2501       0.065          3.201   0.2
 Neighbor search          16    1         51       0.726         35.680   2.1
 Comm. coord.             16    1       2450       0.676         33.233   2.0
 Force                    16    1       2501      13.848        680.603  40.5
 Wait + Comm. F           16    1       2501       4.777        234.780  14.0
 PME mesh *                8    1       2501       8.480        208.407  12.4
 PME wait for PP *                                14.331        352.176  20.9
 Wait + Recv. PME F       16    1       2501       0.142          6.964   0.4
 NB X/F buffer ops.       16    1       7452       0.167          8.193   0.5
 Write traj.              16    1         51       0.275         13.493   0.8
 Update                   16    1       2501       0.051          2.510   0.1
 Constraints              16    1       2501       1.431         70.321   4.2
 Kinetic energy           16    1       1001       0.029          1.426   0.1
 Comm. energies           16    1        501       0.404         19.835   1.2
 Rest                                              0.048          2.354   0.1
--------------------------------------------------------------------------------
 Total                                            22.811       1681.718 100.0
--------------------------------------------------------------------------------
(*) Note that with separate PME ranks, the walltime column actually sums to
    twice the total reported, but the cycle count total and % are correct.
--------------------------------------------------------------------------------
 Breakdown of PME mesh activities
--------------------------------------------------------------------------------
 PME redist. X/F           8    1       5002       1.544         37.943   2.3
 PME spread                8    1       2501       1.610         39.574   2.4
 PME gather                8    1       2501       1.163         28.581   1.7
 PME 3D-FFT                8    1       5002       2.326         57.158   3.4
 PME 3D-FFT Comm.          8    1       5002       1.320         32.450   1.9
 PME solve Elec            8    1       2501       0.514         12.643   0.8
--------------------------------------------------------------------------------
 Note that the cycle count and % columns are weighted by the number of ranks,
 while walltimes are not. Hence, with separate PME ranks, the fraction of each
 activity's walltime does not correspond to the cycle %.
--------------------------------------------------------------------------------

               Core t (s)   Wall t (s)        (%)
       Time:      547.398       22.811     2399.7
                 (ns/day)    (hour/ns)
Performance:       18.946        1.267
Finished mdrun on rank 0 Tue Jan 27 18:28:33 2026

