============================================================================
| ACPYPE: AnteChamber PYthon Parser interfacE v. 2023.10.27 (c) 2026 AWSdS |
============================================================================
DEBUG: CLI: -i /home/neil/git/Oslo/VirtualScreen/Outputs/Covalent/Inhib_32_acry/params/adduct_merged.mol2 -c bcc -n 0 -a gaff2
DEBUG: Python Version 3.10.18 (main, Jun 5 2025, 13:14:17) [GCC 11.2.0]
DEBUG: Max execution time tolerance is 3h
DEBUG: /home/neil/miniconda3/envs/benchmark/bin/antechamber -dr no -i adduct_merged.mol2 -fi mol2 -o tmp -fo ac -pf y
DEBUG: 
Welcome to antechamber 22.0: molecular input file processor.

Info: The atom type is set to gaff; the options available to the -at flag are
 gaff, gaff2, amber, bcc, and sybyl.

Warning: atom type of C10 (ce) and N9 (ne) may be wrong.

DEBUG: setResNameCheckCoords done
DEBUG: Net charge drift '0.000000'
==> ... charge set to 0
==> Executing Antechamber...
DEBUG: /home/neil/miniconda3/envs/benchmark/bin/antechamber -dr no -i adduct_merged.mol2 -fi mol2 -o adduct_merged_bcc_gaff2.mol2 -fo mol2 -c bcc -nc 0 -m 1 -s 2 -df 2 -at gaff2 -pf n 
DEBUG: No file left to be removed
==> * Antechamber OK *
DEBUG: /home/neil/miniconda3/envs/benchmark/bin/parmchk2 -i adduct_merged_bcc_gaff2.mol2 -f mol2 -o adduct_merged_AC.frcmod -s 2
==> * Parmchk OK *
DEBUG: No crd or prm files left to be removed
==> Executing Tleap...
DEBUG: /home/neil/miniconda3/envs/benchmark/bin/tleap -f tleap.in
DEBUG: ++++++++++start_quote+++++++++++++++++++++++++++++++++++++++++++++++++++++++++++
DEBUG: Checking 'MOL'....

/home/neil/miniconda3/envs/benchmark/bin/teLeap: Warning!
Close contact of 1.459 angstroms between nonbonded atoms HB2 and HB3
------- .R<MOL 1>.A<HB2 10> and .R<MOL 1>.A<HB3 11>
Checking parameters for unit 'MOL'.
Checking for bond parameters.
Checking for angle parameters.
check: Warnings: 1
Unit is OK.
DEBUG: ++++++++++end_quote+++++++++++++++++++++++++++++++++++++++++++++++++++++++++++++
==> * Tleap OK *
==> Removing temporary files...
DEBUG: prmtop and inpcrd files loaded
DEBUG: basename defined = 'adduct_merged'
DEBUG: getCoords done
DEBUG: getABCOEFs done
DEBUG: charge to be balanced: total 0.0019989929
DEBUG: balanceCharges done
DEBUG: Balanced TotalCharge -0.0000000000
DEBUG: PBC = None
DEBUG: getAtoms done
DEBUG: getBonds done
DEBUG: getAngles done
DEBUG: getDihedrals done
==> Using OpenBabel v.3.1.0

==> Writing NEW PDB file

==> Writing CNS/XPLOR files

DEBUG: chiralGroups 1
==> Writing GROMACS files

==> Disambiguating lower and uppercase atomtypes in GMX top file, even if identical.

DEBUG: writing GRO file
DEBUG: Box size estimated
DEBUG: writing POSRE file
DEBUG: atomTypes 21
DEBUG: GMX atomtypes done
DEBUG: atoms 59
DEBUG: GMX atoms done
DEBUG: bonds 62
DEBUG: GMX bonds done
DEBUG: atomPairs 134
DEBUG: GMX pairs done
DEBUG: angles 107
DEBUG: GMX angles done
DEBUG: setProperDihedralsCoef done
DEBUG: properDihedralsCoefRB 147
DEBUG: properDihedralsAlphaGamma 0
DEBUG: properDihedralsGmx45 166
==> Writing GMX dihedrals for GMX 4.5 and higher.

DEBUG: GMX special proper dihedrals done
DEBUG: improperDihedrals 17
DEBUG: GMX improper dihedrals done
==> Writing CHARMM files

DEBUG: /home/neil/miniconda3/envs/benchmark/bin/antechamber -dr no -i adduct_merged_bcc_gaff2.mol2 -fi mol2 -o adduct_merged_CHARMM -fo charmm -s 2 -at gaff2 -pf n -rn MOL
DEBUG: ++++++++++start_quote+++++++++++++++++++++++++++++++++++++++++++++++++++++++++++
DEBUG: 
Welcome to antechamber 22.0: molecular input file processor.

Info: The atom type is set to gaff2; the options available to the -at flag are
 gaff, gaff2, amber, bcc, and sybyl.

Info: Ignoring Mol2 record type (@<TRIPOS>SUBSTRUCTURE).
Info: Finished reading file (adduct_merged_bcc_gaff2.mol2); atoms read (59), bonds read (62).
Info: Determining atomic numbers from atomic symbols which are case sensitive.
Running: /home/neil/miniconda3/envs/benchmark/bin/bondtype -j full -i ANTECHAMBER_BOND_TYPE.AC0 -o ANTECHAMBER_BOND_TYPE.AC -f ac

Running: /home/neil/miniconda3/envs/benchmark/bin/atomtype -i ANTECHAMBER_AC.AC0 -o ANTECHAMBER_AC.AC -p gaff2
Warning: atom type of C10 (ce) and N9 (ne) may be wrong.

Running: /home/neil/miniconda3/envs/benchmark/bin/atomtype -i ANTECHAMBER_PREP.AC0 -o ANTECHAMBER_PREP.AC -p gaff2
Warning: atom type of C10 (ce) and N9 (ne) may be wrong.

Running: /home/neil/miniconda3/envs/benchmark/bin/charmmgen -i ANTECHAMBER_PREP.AC -f ac -o adduct_merged_CHARMM -r MOL

DEBUG: ++++++++++end_quote+++++++++++++++++++++++++++++++++++++++++++++++++++++++++++++
==> Writing pickle file adduct_merged.pkl
==> Removing temporary files...
Total time of execution: 2m 3s
DEBUG: No tmp folder left to be removed
