            --------------------------------------------------------
                             AMBER SQM VERSION 19
 
                                     By
              Ross C. Walker, Michael F. Crowley, Scott Brozell,
                         Tim Giese, Andreas W. Goetz,
                        Tai-Sung Lee and David A. Case
 
            --------------------------------------------------------
 

--------------------------------------------------------------------------------
  QM CALCULATION INFO
--------------------------------------------------------------------------------

| QMMM: Citation for AMBER QMMM Run:
| QMMM: R.C. Walker, M.F. Crowley and D.A. Case, J. COMP. CHEM. 29:1019, 2008

QMMM: SINGLET STATE CALCULATION
QMMM: RHF CALCULATION, NO. OF DOUBLY OCCUPIED LEVELS = 84

| QMMM: *** Selected Hamiltonian *** 
| QMMM: AM1         

| QMMM: *** Parameter sets in use ***
| QMMM: C : M.J.S.DEWAR et al. JACS, 107, 3902, (1985)
| QMMM: H : M.J.S.DEWAR et al. JACS, 107, 3902, (1985)
| QMMM: N : M.J.S.DEWAR et al. JACS, 107, 3902, (1985)
| QMMM: S : M.J.S.DEWAR et al. INORG. CHEM., 29, 3881, (1990)
| QMMM: O : M.J.S.DEWAR et al. JACS, 107, 3902, (1985)

| QMMM: *** SCF convergence criteria ***
| QMMM: Energy change                :  0.1D-09 kcal/mol
| QMMM: Error matrix |FP-PF|         :  0.1D+00 au
| QMMM: Density matrix change        :  0.5D-06
| QMMM: Maximum number of SCF cycles :     1000

| QMMM: *** Diagonalization Routine Information ***
| QMMM: Pseudo diagonalizations are allowed.
| QMMM: Auto diagonalization routine selection is in use.
| QMMM:
| QMMM: Timing diagonalization routines:
| QMMM:                              norbs =      155
| QMMM:    diag iterations used for timing =        5
| QMMM:
| QMMM:              Internal diag routine = 0.031688 seconds
| QMMM:                 Dspev diag routine = 0.042431 seconds
| QMMM:                Dspevd diag routine = 0.018643 seconds
| QMMM:                Dspevx diag routine = 0.050098 seconds
| QMMM:                 Dsyev diag routine = 0.027126 seconds
| QMMM:                Dsyevd diag routine = 0.012324 seconds
| QMMM:                Dsyevr diag routine = 0.014376 seconds
| QMMM:
| QMMM:                Pseudo diag routine = 0.005865 seconds
| QMMM:
| QMMM: Using dsyevd routine (diag_routine=6).

  QMMM: QM Region Cartesian Coordinates (*=link atom) 
  QMMM: QM_NO.   MM_NO.  ATOM         X         Y         Z
  QMMM:     1        1      C        2.4150   50.9480   82.6640
  QMMM:     2        2      H        2.6840   51.0330   83.7170
  QMMM:     3        3      H        2.0850   51.9180   82.2930
  QMMM:     4        4      H        3.2830   50.6180   82.0930
  QMMM:     5        5      N        1.3280   49.9700   82.5130
  QMMM:     6        6      H        1.3280   50.0600   81.5070
  QMMM:     7        7      C        0.2500   49.0000   82.3630
  QMMM:     8        8      H       -0.3830   49.0210   83.2500
  QMMM:     9        9      C        0.8460   47.5940   82.1920
  QMMM:    10       10      H        1.5870   47.5100   81.3970
  QMMM:    11       11      H        1.6910   47.3780   82.8460
  QMMM:    12       12      S       -0.4370   46.3060   82.1660
  QMMM:    13       13      C       -0.5830   49.3520   81.1350
  QMMM:    14       14      H       -1.6430   49.2810   81.3830
  QMMM:    15       15      H       -0.3520   48.6570   80.3280
  QMMM:    16       16      H       -0.3520   50.3680   80.8180
  QMMM:    17       17      C        0.2910   44.6150   81.7910
  QMMM:    18       18      C       -0.2030   43.8300   80.5200
  QMMM:    19       19      N       -0.4450   44.9900   78.2870
  QMMM:    20       20      C       -0.9630   44.6880   79.5250
  QMMM:    21       21      O       -2.0270   45.1700   79.8880
  QMMM:    22       22      H        0.4160   44.5020   77.9990
  QMMM:    23       23      C       -0.9160   46.0780   77.4440
  QMMM:    24       24      C        0.0680   46.8520   76.5770
  QMMM:    25       25      N        0.0180   48.2900   76.5630
  QMMM:    26       26      C       -1.0080   48.9870   76.2290
  QMMM:    27       27      C       -2.3350   48.4220   75.9160
  QMMM:    28       28      N       -3.2320   49.1150   75.1950
  QMMM:    29       29      C       -4.3420   48.3720   75.1020
  QMMM:    30       30      C       -4.1870   47.1790   75.7890
  QMMM:    31       31      C       -2.8870   47.2080   76.3320
  QMMM:    32       32      C       -2.2450   46.2150   77.2400
  QMMM:    33       33      H       -3.0940   50.0600   74.7720
  QMMM:    34       34      C       -5.2780   46.1630   75.8260
  QMMM:    35       35      C       -6.0140   45.6760   74.7400
  QMMM:    36       36      S       -7.1520   44.5780   75.3200
  QMMM:    37       37      C       -6.6890   44.7640   76.9220
  QMMM:    38       38      N       -5.6730   45.6480   77.0270
  QMMM:    39       39      C       -7.3180   44.0830   78.0750
  QMMM:    40       40      C       -8.5640   44.4110   78.4730
  QMMM:    41       41      C       -9.1940   43.7040   79.6360
  QMMM:    42       42      N       -8.3750   42.6880   80.2550
  QMMM:    43       43      C       -7.0690   42.4130   79.7670
  QMMM:    44       44      N       -6.5900   43.0620   78.7590
  QMMM:    45       45      H       -8.7420   42.1580   81.0590
  QMMM:    46       46      H        0.0910   43.9940   82.6390
  QMMM:    47       47      H        1.3190   44.8230   81.5780
  QMMM:    48       48      H        0.6510   43.4170   80.0260
  QMMM:    49       49      H       -0.8820   43.0780   80.8640
  QMMM:    50       50      H        0.7640   46.3500   76.0050
  QMMM:    51       51      H       -0.8970   50.0120   76.1760
  QMMM:    52       52      H       -5.1940   48.6490   74.5900
  QMMM:    53       53      H       -2.5770   45.2590   76.8930
  QMMM:    54       54      H       -2.5390   46.6130   78.1890
  QMMM:    55       55      H       -5.8820   45.9440   73.7520
  QMMM:    56       56      H       -9.0850   45.1500   77.9760
  QMMM:    57       57      H      -10.0950   43.2390   79.2930
  QMMM:    58       58      H       -9.3570   44.4510   80.3850
  QMMM:    59       59      H       -6.4970   41.6860   80.2240

--------------------------------------------------------------------------------
  RESULTS
--------------------------------------------------------------------------------

      iter         sqm energy              rms gradient
      ----    -------------------    -----------------------
xmin    10      130.0841 kcal/mol        1.5788 kcal/(mol*A)
xmin    20      121.9857 kcal/mol        2.2379 kcal/(mol*A)
xmin    30      117.3033 kcal/mol        1.0398 kcal/(mol*A)
xmin    40      116.3836 kcal/mol        0.3828 kcal/(mol*A)
xmin    50      116.0493 kcal/mol        0.1108 kcal/(mol*A)
xmin    60      115.8316 kcal/mol        0.2941 kcal/(mol*A)
xmin    70      115.6946 kcal/mol        0.0950 kcal/(mol*A)
xmin    80      115.4693 kcal/mol        0.1816 kcal/(mol*A)
xmin    90      115.1447 kcal/mol        0.2228 kcal/(mol*A)
xmin   100      115.0229 kcal/mol        0.2424 kcal/(mol*A)
xmin   110      114.6335 kcal/mol        0.2836 kcal/(mol*A)
xmin   120      114.4004 kcal/mol        0.0953 kcal/(mol*A)
xmin   130      114.2500 kcal/mol        0.1832 kcal/(mol*A)
xmin   140      114.1016 kcal/mol        0.1263 kcal/(mol*A)
xmin   150      114.0356 kcal/mol        0.1053 kcal/(mol*A)
xmin   160      113.9653 kcal/mol        0.0867 kcal/(mol*A)
xmin   170      113.9409 kcal/mol        0.0497 kcal/(mol*A)
xmin   180      113.9283 kcal/mol        0.0417 kcal/(mol*A)
xmin   190      113.9190 kcal/mol        0.0255 kcal/(mol*A)
xmin   200      113.9163 kcal/mol        0.0120 kcal/(mol*A)
xmin   210      113.9152 kcal/mol        0.0051 kcal/(mol*A)
xmin   220      113.9150 kcal/mol        0.0019 kcal/(mol*A)
xmin   230      113.9149 kcal/mol        0.0063 kcal/(mol*A)
xmin   240      113.9148 kcal/mol        0.0023 kcal/(mol*A)
xmin   250      113.9148 kcal/mol        0.0016 kcal/(mol*A)
xmin   260      113.9148 kcal/mol        0.0009 kcal/(mol*A)
xmin   270      113.9148 kcal/mol        0.0007 kcal/(mol*A)
  ... geometry converged !
 
 Final MO eigenvalues (eV):
 -41.3701  -40.1046  -40.0438  -38.8191  -38.0828  -37.8908  -35.8188  -34.7457
 -34.4980  -33.3031  -32.8087  -32.4861  -31.3983  -30.4979  -29.1723  -28.0440
 -27.2762  -26.6673  -26.2347  -25.5974  -25.0134  -24.5506  -24.2647  -21.9731
 -21.8026  -21.5931  -20.4466  -19.7906  -19.6805  -18.9598  -18.5781  -18.2154
 -17.8606  -17.6633  -17.3696  -17.2118  -16.8783  -16.6542  -16.4676  -16.2810
 -15.9602  -15.7798  -15.6532  -15.4300  -15.3754  -15.0368  -14.8854  -14.7726
 -14.6751  -14.4339  -14.2986  -14.2619  -14.1929  -14.0359  -13.7969  -13.6088
 -13.4545  -13.3144  -13.2440  -13.1186  -12.9674  -12.6979  -12.6297  -12.5426
 -12.4504  -12.3491  -11.9426  -11.7769  -11.7392  -11.5535  -11.4998  -11.0903
 -11.0115  -10.9273  -10.6202  -10.4332  -10.2583  -10.0402   -9.3989   -9.1382
  -8.7641   -8.6204   -8.3795   -8.0445   -0.3301   -0.1294    0.4135    0.6412
   0.8379    0.8925    1.1063    1.2814    1.4239    1.5160    1.6960    1.9418
   2.1322    2.2320    2.5022    2.6272    3.0310    3.0992    3.3986    3.4757
   3.4842    3.6032    3.6639    3.7214    3.7404    3.7849    3.8490    3.9305
   3.9527    3.9789    4.0165    4.0868    4.1349    4.1899    4.2028    4.3017
   4.3137    4.3535    4.3718    4.3983    4.4157    4.5016    4.5978    4.6319
   4.6817    4.7023    4.7898    4.7933    4.8563    4.8689    4.9530    5.0318
   5.0798    5.1072    5.1920    5.2766    5.3236    5.4753    5.6133    5.7767
   5.8678    5.9842    6.1067    6.1182    6.2365    6.2853    6.4072    6.6714
   6.8770    7.0252    7.3041

 Heat of formation   =        113.91481762 kcal/mol  (        4.93971717 eV)

 Total SCF energy    =    -123233.37378973 kcal/mol  (    -5343.80008628 eV)
 Electronic energy   =   -1069396.06356918 kcal/mol  (   -46372.49310824 eV)
 Core-core repulsion =     946162.68977945 kcal/mol  (    41028.69302196 eV)
 
    Atomic Charges for Step       1 :
  Atom    Element       Mulliken Charge
     1      C                 -0.123
     2      H                  0.083
     3      H                  0.040
     4      H                  0.084
     5      N                 -0.300
     6      H                  0.156
     7      C                 -0.011
     8      H                  0.107
     9      C                 -0.278
    10      H                  0.123
    11      H                  0.116
    12      S                  0.057
    13      C                 -0.252
    14      H                  0.095
    15      H                  0.080
    16      H                  0.075
    17      C                 -0.275
    18      C                 -0.190
    19      N                 -0.321
    20      C                  0.313
    21      O                 -0.349
    22      H                  0.228
    23      C                  0.047
    24      C                 -0.184
    25      N                 -0.126
    26      C                 -0.017
    27      C                 -0.129
    28      N                 -0.155
    29      C                 -0.101
    30      C                 -0.073
    31      C                 -0.057
    32      C                 -0.079
    33      H                  0.249
    34      C                  0.002
    35      C                 -0.506
    36      S                  0.593
    37      C                 -0.236
    38      N                 -0.107
    39      C                  0.017
    40      C                 -0.193
    41      C                  0.001
    42      N                 -0.356
    43      C                  0.069
    44      N                 -0.232
    45      H                  0.227
    46      H                  0.125
    47      H                  0.109
    48      H                  0.108
    49      H                  0.135
    50      H                  0.147
    51      H                  0.147
    52      H                  0.170
    53      H                  0.157
    54      H                  0.106
    55      H                  0.174
    56      H                  0.180
    57      H                  0.092
    58      H                  0.069
    59      H                  0.171
 Total Mulliken Charge =       0.000
 
                  X        Y        Z     TOTAL  
  QM DIPOLE    -1.381   -3.354   -0.683    3.691
 
 Final Structure

  QMMM: QM Region Cartesian Coordinates (*=link atom) 
  QMMM: QM_NO.   MM_NO.  ATOM         X         Y         Z
  QMMM:     1        1      C        0.0892   49.8422   84.5850
  QMMM:     2        2      H        0.9247   49.3451   85.1448
  QMMM:     3        3      H       -0.8425   49.7700   85.2118
  QMMM:     4        4      H        0.3416   50.9276   84.4519
  QMMM:     5        5      N       -0.0312   49.2469   83.2822
  QMMM:     6        6      H       -0.7373   49.7113   82.7416
  QMMM:     7        7      C       -0.2781   47.8086   83.2930
  QMMM:     8        8      H        0.5400   47.3475   83.9278
  QMMM:     9        9      C       -0.1533   47.2357   81.8774
  QMMM:    10       10      H       -1.0830   47.4273   81.2865
  QMMM:    11       11      H        0.7063   47.6984   81.3342
  QMMM:    12       12      S        0.1230   45.4893   82.0401
  QMMM:    13       13      C       -1.6258   47.3850   83.8820
  QMMM:    14       14      H       -1.7206   46.2732   83.8225
  QMMM:    15       15      H       -2.4714   47.8440   83.3161
  QMMM:    16       16      H       -1.7013   47.6937   84.9519
  QMMM:    17       17      C        0.2796   44.9505   80.3660
  QMMM:    18       18      C       -1.0323   44.7996   79.6363
  QMMM:    19       19      N       -0.7270   46.1966   77.6209
  QMMM:    20       20      C       -1.3961   46.0376   78.8262
  QMMM:    21       21      O       -2.2466   46.8427   79.2469
  QMMM:    22       22      H        0.0269   45.5721   77.4373
  QMMM:    23       23      C       -0.9826   47.1543   76.6294
  QMMM:    24       24      C        0.0496   47.5716   75.8220
  QMMM:    25       25      N        0.0303   48.4250   74.7328
  QMMM:    26       26      C       -0.9499   48.5526   73.9004
  QMMM:    27       27      C       -2.2393   47.8892   73.9504
  QMMM:    28       28      N       -3.0306   47.5594   72.8468
  QMMM:    29       29      C       -4.1446   46.8709   73.2917
  QMMM:    30       30      C       -4.0951   46.7712   74.7010
  QMMM:    31       31      C       -2.8880   47.4303   75.1218
  QMMM:    32       32      C       -2.3726   47.7132   76.4704
  QMMM:    33       33      H       -2.7903   47.7290   71.9061
  QMMM:    34       34      C       -5.1013   46.1165   75.4959
  QMMM:    35       35      C       -6.3942   45.8254   75.0403
  QMMM:    36       36      S       -7.2882   45.0658   76.2127
  QMMM:    37       37      C       -5.9667   45.1403   77.3067
  QMMM:    38       38      N       -4.8612   45.7081   76.8053
  QMMM:    39       39      C       -6.0757   44.6363   78.6763
  QMMM:    40       40      C       -5.1945   44.9943   79.6484
  QMMM:    41       41      C       -5.3451   44.4827   81.0477
  QMMM:    42       42      N       -6.4888   43.6158   81.2348
  QMMM:    43       43      C       -7.2680   43.2830   80.1371
  QMMM:    44       44      N       -7.1602   43.7585   78.9198
  QMMM:    45       45      H       -6.4709   43.0027   82.0125
  QMMM:    46       46      H        0.7715   43.9468   80.4560
  QMMM:    47       47      H        0.9755   45.6218   79.8065
  QMMM:    48       48      H       -0.9947   43.9039   78.9599
  QMMM:    49       49      H       -1.8665   44.6296   80.3710
  QMMM:    50       50      H        1.0885   47.2357   76.0210
  QMMM:    51       51      H       -0.7703   49.2438   73.0509
  QMMM:    52       52      H       -4.9022   46.4975   72.6014
  QMMM:    53       53      H       -3.0742   47.3299   77.2586
  QMMM:    54       54      H       -2.3094   48.8301   76.6158
  QMMM:    55       55      H       -6.7662   46.0734   74.0494
  QMMM:    56       56      H       -4.3380   45.6643   79.4728
  QMMM:    57       57      H       -5.4586   45.3625   81.7500
  QMMM:    58       58      H       -4.3930   43.9459   81.3414
  QMMM:    59       59      H       -8.1011   42.5739   80.3355

           --------- Calculation Completed ----------

